<?xml version="1.0" encoding="UTF-8"?>
<testng-results skipped="0" failed="1" total="88" passed="87">
  <reporter-output>
  </reporter-output>
  <suite name="DocOnline Web Automation " duration-ms="10922213" started-at="2019-04-23T06:08:09Z" finished-at="2019-04-23T09:10:11Z">
    <groups>
      <group name="smoke">
        <method signature="Scenario_BookConsultation.testUser_BookConsultation_UI(java.util.Map)[pri:0, instance:Scenario_Component.Scenario_BookConsultation@3159c4b8]" name="testUser_BookConsultation_UI" class="Scenario_Component.Scenario_BookConsultation"/>
        <method signature="Scenario_BookConsultation_Functionality.testUser_BookConsultation_Functionality(java.util.Map)[pri:0, instance:Scenario_Component.Scenario_BookConsultation_Functionality@71318ec4]" name="testUser_BookConsultation_Functionality" class="Scenario_Component.Scenario_BookConsultation_Functionality"/>
        <method signature="Scenario_BookConsultation_Functionality.testUser_BookConsultation_schedule(java.util.Map)[pri:0, instance:Scenario_Component.Scenario_BookConsultation_Functionality@71318ec4]" name="testUser_BookConsultation_schedule" class="Scenario_Component.Scenario_BookConsultation_Functionality"/>
        <method signature="Scenario_BookConsultation_Functionality.testUser_BookConsultation_schedule_audio(java.util.Map)[pri:0, instance:Scenario_Component.Scenario_BookConsultation_Functionality@71318ec4]" name="testUser_BookConsultation_schedule_audio" class="Scenario_Component.Scenario_BookConsultation_Functionality"/>
        <method signature="Scenario_BookConsultation_Functionality.testUser_BookConsultation_schedule_audio_allow_doctor(java.util.Map)[pri:0, instance:Scenario_Component.Scenario_BookConsultation_Functionality@71318ec4]" name="testUser_BookConsultation_schedule_audio_allow_doctor" class="Scenario_Component.Scenario_BookConsultation_Functionality"/>
        <method signature="Scenario_BookConsultation_Functionality.testUser_BookConsultation_schedule_audio_allow_doctor_file(java.util.Map)[pri:0, instance:Scenario_Component.Scenario_BookConsultation_Functionality@71318ec4]" name="testUser_BookConsultation_schedule_audio_allow_doctor_file" class="Scenario_Component.Scenario_BookConsultation_Functionality"/>
        <method signature="Scenario_BookConsultation_Functionality.testUser_BookConsultation_schedule_audio_allow_doctor_file_note(java.util.Map)[pri:0, instance:Scenario_Component.Scenario_BookConsultation_Functionality@71318ec4]" name="testUser_BookConsultation_schedule_audio_allow_doctor_file_note" class="Scenario_Component.Scenario_BookConsultation_Functionality"/>
        <method signature="Scenario_BookConsultation_Functionality.testUser_BookConsultation_schedule_audio_allow_doctor_note(java.util.Map)[pri:0, instance:Scenario_Component.Scenario_BookConsultation_Functionality@71318ec4]" name="testUser_BookConsultation_schedule_audio_allow_doctor_note" class="Scenario_Component.Scenario_BookConsultation_Functionality"/>
        <method signature="Scenario_BookConsultation_Functionality.testUser_BookConsultation_schedule_audio_lang(java.util.Map)[pri:0, instance:Scenario_Component.Scenario_BookConsultation_Functionality@71318ec4]" name="testUser_BookConsultation_schedule_audio_lang" class="Scenario_Component.Scenario_BookConsultation_Functionality"/>
        <method signature="Scenario_BookConsultation_Functionality.testUser_BookConsultation_schedule_audio_lang_file(java.util.Map)[pri:0, instance:Scenario_Component.Scenario_BookConsultation_Functionality@71318ec4]" name="testUser_BookConsultation_schedule_audio_lang_file" class="Scenario_Component.Scenario_BookConsultation_Functionality"/>
        <method signature="Scenario_BookConsultation_Functionality.testUser_BookConsultation_schedule_audio_lang_file_note(java.util.Map)[pri:0, instance:Scenario_Component.Scenario_BookConsultation_Functionality@71318ec4]" name="testUser_BookConsultation_schedule_audio_lang_file_note" class="Scenario_Component.Scenario_BookConsultation_Functionality"/>
        <method signature="Scenario_BookConsultation_Functionality.testUser_BookConsultation_schedule_audio_lang_note(java.util.Map)[pri:0, instance:Scenario_Component.Scenario_BookConsultation_Functionality@71318ec4]" name="testUser_BookConsultation_schedule_audio_lang_note" class="Scenario_Component.Scenario_BookConsultation_Functionality"/>
        <method signature="Scenario_BookConsultation_Functionality.testUser_BookConsultation_schedule_audio_telephone_allow_doctor(java.util.Map)[pri:0, instance:Scenario_Component.Scenario_BookConsultation_Functionality@71318ec4]" name="testUser_BookConsultation_schedule_audio_telephone_allow_doctor" class="Scenario_Component.Scenario_BookConsultation_Functionality"/>
        <method signature="Scenario_BookConsultation_Functionality.testUser_BookConsultation_schedule_audio_telephone_allow_doctor_file(java.util.Map)[pri:0, instance:Scenario_Component.Scenario_BookConsultation_Functionality@71318ec4]" name="testUser_BookConsultation_schedule_audio_telephone_allow_doctor_file" class="Scenario_Component.Scenario_BookConsultation_Functionality"/>
        <method signature="Scenario_BookConsultation_Functionality.testUser_BookConsultation_schedule_audio_telephone_allow_doctor_file_note(java.util.Map)[pri:0, instance:Scenario_Component.Scenario_BookConsultation_Functionality@71318ec4]" name="testUser_BookConsultation_schedule_audio_telephone_allow_doctor_file_note" class="Scenario_Component.Scenario_BookConsultation_Functionality"/>
        <method signature="Scenario_BookConsultation_Functionality.testUser_BookConsultation_schedule_audio_telephone_allow_doctor_note(java.util.Map)[pri:0, instance:Scenario_Component.Scenario_BookConsultation_Functionality@71318ec4]" name="testUser_BookConsultation_schedule_audio_telephone_allow_doctor_note" class="Scenario_Component.Scenario_BookConsultation_Functionality"/>
        <method signature="Scenario_BookConsultation_Functionality.testUser_BookConsultation_schedule_audio_telephone_lang(java.util.Map)[pri:0, instance:Scenario_Component.Scenario_BookConsultation_Functionality@71318ec4]" name="testUser_BookConsultation_schedule_audio_telephone_lang" class="Scenario_Component.Scenario_BookConsultation_Functionality"/>
        <method signature="Scenario_BookConsultation_Functionality.testUser_BookConsultation_schedule_audio_telephone_lang_file(java.util.Map)[pri:0, instance:Scenario_Component.Scenario_BookConsultation_Functionality@71318ec4]" name="testUser_BookConsultation_schedule_audio_telephone_lang_file" class="Scenario_Component.Scenario_BookConsultation_Functionality"/>
        <method signature="Scenario_BookConsultation_Functionality.testUser_BookConsultation_schedule_audio_telephone_lang_file_note(java.util.Map)[pri:0, instance:Scenario_Component.Scenario_BookConsultation_Functionality@71318ec4]" name="testUser_BookConsultation_schedule_audio_telephone_lang_file_note" class="Scenario_Component.Scenario_BookConsultation_Functionality"/>
        <method signature="Scenario_BookConsultation_Functionality.testUser_BookConsultation_schedule_audio_telephone_lang_note(java.util.Map)[pri:0, instance:Scenario_Component.Scenario_BookConsultation_Functionality@71318ec4]" name="testUser_BookConsultation_schedule_audio_telephone_lang_note" class="Scenario_Component.Scenario_BookConsultation_Functionality"/>
        <method signature="Scenario_BookConsultation_Functionality.testUser_BookConsultation_schedule_file_audio(java.util.Map)[pri:0, instance:Scenario_Component.Scenario_BookConsultation_Functionality@71318ec4]" name="testUser_BookConsultation_schedule_file_audio" class="Scenario_Component.Scenario_BookConsultation_Functionality"/>
        <method signature="Scenario_BookConsultation_Functionality.testUser_BookConsultation_schedule_file_note_audio(java.util.Map)[pri:0, instance:Scenario_Component.Scenario_BookConsultation_Functionality@71318ec4]" name="testUser_BookConsultation_schedule_file_note_audio" class="Scenario_Component.Scenario_BookConsultation_Functionality"/>
        <method signature="Scenario_BookConsultation_Functionality.testUser_BookConsultation_schedule_note_audio(java.util.Map)[pri:0, instance:Scenario_Component.Scenario_BookConsultation_Functionality@71318ec4]" name="testUser_BookConsultation_schedule_note_audio" class="Scenario_Component.Scenario_BookConsultation_Functionality"/>
        <method signature="Scenario_BookConsultation_Functionality.testUser_BookConsultation_schedule_note_upload(java.util.Map)[pri:0, instance:Scenario_Component.Scenario_BookConsultation_Functionality@71318ec4]" name="testUser_BookConsultation_schedule_note_upload" class="Scenario_Component.Scenario_BookConsultation_Functionality"/>
        <method signature="Scenario_BookConsultation_Functionality.testUser_BookConsultation_schedule_telephone_audio(java.util.Map)[pri:0, instance:Scenario_Component.Scenario_BookConsultation_Functionality@71318ec4]" name="testUser_BookConsultation_schedule_telephone_audio" class="Scenario_Component.Scenario_BookConsultation_Functionality"/>
        <method signature="Scenario_BookConsultation_Functionality.testUser_BookConsultation_schedule_telephone_audio_notes(java.util.Map)[pri:0, instance:Scenario_Component.Scenario_BookConsultation_Functionality@71318ec4]" name="testUser_BookConsultation_schedule_telephone_audio_notes" class="Scenario_Component.Scenario_BookConsultation_Functionality"/>
        <method signature="Scenario_BookConsultation_Functionality.testUser_BookConsultation_schedule_telephone_audio_upload(java.util.Map)[pri:0, instance:Scenario_Component.Scenario_BookConsultation_Functionality@71318ec4]" name="testUser_BookConsultation_schedule_telephone_audio_upload" class="Scenario_Component.Scenario_BookConsultation_Functionality"/>
        <method signature="Scenario_BookConsultation_Functionality.testUser_BookConsultation_schedule_telephone_audio_upload_notes(java.util.Map)[pri:0, instance:Scenario_Component.Scenario_BookConsultation_Functionality@71318ec4]" name="testUser_BookConsultation_schedule_telephone_audio_upload_notes" class="Scenario_Component.Scenario_BookConsultation_Functionality"/>
        <method signature="Scenario_BookConsultation_Functionality.testUser_BookConsultation_schedule_video_allow_doctor_file(java.util.Map)[pri:0, instance:Scenario_Component.Scenario_BookConsultation_Functionality@71318ec4]" name="testUser_BookConsultation_schedule_video_allow_doctor_file" class="Scenario_Component.Scenario_BookConsultation_Functionality"/>
        <method signature="Scenario_BookConsultation_Functionality.testUser_BookConsultation_schedule_video_allow_doctor_file_note(java.util.Map)[pri:0, instance:Scenario_Component.Scenario_BookConsultation_Functionality@71318ec4]" name="testUser_BookConsultation_schedule_video_allow_doctor_file_note" class="Scenario_Component.Scenario_BookConsultation_Functionality"/>
        <method signature="Scenario_BookConsultation_Functionality.testUser_BookConsultation_schedule_video_allow_doctor_note(java.util.Map)[pri:0, instance:Scenario_Component.Scenario_BookConsultation_Functionality@71318ec4]" name="testUser_BookConsultation_schedule_video_allow_doctor_note" class="Scenario_Component.Scenario_BookConsultation_Functionality"/>
        <method signature="Scenario_BookConsultation_Functionality.testUser_BookConsultation_schedule_video_allowdoctor(java.util.Map)[pri:0, instance:Scenario_Component.Scenario_BookConsultation_Functionality@71318ec4]" name="testUser_BookConsultation_schedule_video_allowdoctor" class="Scenario_Component.Scenario_BookConsultation_Functionality"/>
        <method signature="Scenario_BookConsultation_Functionality.testUser_BookConsultation_schedule_video_lang(java.util.Map)[pri:0, instance:Scenario_Component.Scenario_BookConsultation_Functionality@71318ec4]" name="testUser_BookConsultation_schedule_video_lang" class="Scenario_Component.Scenario_BookConsultation_Functionality"/>
        <method signature="Scenario_BookConsultation_Functionality.testUser_BookConsultation_schedule_video_lang_file(java.util.Map)[pri:0, instance:Scenario_Component.Scenario_BookConsultation_Functionality@71318ec4]" name="testUser_BookConsultation_schedule_video_lang_file" class="Scenario_Component.Scenario_BookConsultation_Functionality"/>
        <method signature="Scenario_BookConsultation_Functionality.testUser_BookConsultation_schedule_video_lang_file_note(java.util.Map)[pri:0, instance:Scenario_Component.Scenario_BookConsultation_Functionality@71318ec4]" name="testUser_BookConsultation_schedule_video_lang_file_note" class="Scenario_Component.Scenario_BookConsultation_Functionality"/>
        <method signature="Scenario_BookConsultation_Functionality.testUser_BookConsultation_schedule_video_lang_note(java.util.Map)[pri:0, instance:Scenario_Component.Scenario_BookConsultation_Functionality@71318ec4]" name="testUser_BookConsultation_schedule_video_lang_note" class="Scenario_Component.Scenario_BookConsultation_Functionality"/>
        <method signature="Scenario_BookConsultation_Functionality.testUser_BookConsultation_uploadfile(java.util.Map)[pri:0, instance:Scenario_Component.Scenario_BookConsultation_Functionality@71318ec4]" name="testUser_BookConsultation_uploadfile" class="Scenario_Component.Scenario_BookConsultation_Functionality"/>
        <method signature="Scenario_BookConsultation_Functionality.testUser_BookConsultation_waiting_audio(java.util.Map)[pri:0, instance:Scenario_Component.Scenario_BookConsultation_Functionality@71318ec4]" name="testUser_BookConsultation_waiting_audio" class="Scenario_Component.Scenario_BookConsultation_Functionality"/>
        <method signature="Scenario_BookConsultation_Functionality.testUser_BookConsultation_waiting_audio_allow_doctor(java.util.Map)[pri:0, instance:Scenario_Component.Scenario_BookConsultation_Functionality@71318ec4]" name="testUser_BookConsultation_waiting_audio_allow_doctor" class="Scenario_Component.Scenario_BookConsultation_Functionality"/>
        <method signature="Scenario_BookConsultation_Functionality.testUser_BookConsultation_waiting_audio_allow_doctor_file(java.util.Map)[pri:0, instance:Scenario_Component.Scenario_BookConsultation_Functionality@71318ec4]" name="testUser_BookConsultation_waiting_audio_allow_doctor_file" class="Scenario_Component.Scenario_BookConsultation_Functionality"/>
        <method signature="Scenario_BookConsultation_Functionality.testUser_BookConsultation_waiting_audio_allow_doctor_file_note(java.util.Map)[pri:0, instance:Scenario_Component.Scenario_BookConsultation_Functionality@71318ec4]" name="testUser_BookConsultation_waiting_audio_allow_doctor_file_note" class="Scenario_Component.Scenario_BookConsultation_Functionality"/>
        <method signature="Scenario_BookConsultation_Functionality.testUser_BookConsultation_waiting_audio_allow_doctor_note(java.util.Map)[pri:0, instance:Scenario_Component.Scenario_BookConsultation_Functionality@71318ec4]" name="testUser_BookConsultation_waiting_audio_allow_doctor_note" class="Scenario_Component.Scenario_BookConsultation_Functionality"/>
        <method signature="Scenario_BookConsultation_Functionality.testUser_BookConsultation_waiting_audio_lang(java.util.Map)[pri:0, instance:Scenario_Component.Scenario_BookConsultation_Functionality@71318ec4]" name="testUser_BookConsultation_waiting_audio_lang" class="Scenario_Component.Scenario_BookConsultation_Functionality"/>
        <method signature="Scenario_BookConsultation_Functionality.testUser_BookConsultation_waiting_audio_lang_file(java.util.Map)[pri:0, instance:Scenario_Component.Scenario_BookConsultation_Functionality@71318ec4]" name="testUser_BookConsultation_waiting_audio_lang_file" class="Scenario_Component.Scenario_BookConsultation_Functionality"/>
        <method signature="Scenario_BookConsultation_Functionality.testUser_BookConsultation_waiting_audio_lang_file_note(java.util.Map)[pri:0, instance:Scenario_Component.Scenario_BookConsultation_Functionality@71318ec4]" name="testUser_BookConsultation_waiting_audio_lang_file_note" class="Scenario_Component.Scenario_BookConsultation_Functionality"/>
        <method signature="Scenario_BookConsultation_Functionality.testUser_BookConsultation_waiting_audio_lang_note(java.util.Map)[pri:0, instance:Scenario_Component.Scenario_BookConsultation_Functionality@71318ec4]" name="testUser_BookConsultation_waiting_audio_lang_note" class="Scenario_Component.Scenario_BookConsultation_Functionality"/>
        <method signature="Scenario_BookConsultation_Functionality.testUser_BookConsultation_waiting_audio_telephone_allow_doctor(java.util.Map)[pri:0, instance:Scenario_Component.Scenario_BookConsultation_Functionality@71318ec4]" name="testUser_BookConsultation_waiting_audio_telephone_allow_doctor" class="Scenario_Component.Scenario_BookConsultation_Functionality"/>
        <method signature="Scenario_BookConsultation_Functionality.testUser_BookConsultation_waiting_audio_telephone_allow_doctor_file(java.util.Map)[pri:0, instance:Scenario_Component.Scenario_BookConsultation_Functionality@71318ec4]" name="testUser_BookConsultation_waiting_audio_telephone_allow_doctor_file" class="Scenario_Component.Scenario_BookConsultation_Functionality"/>
        <method signature="Scenario_BookConsultation_Functionality.testUser_BookConsultation_waiting_audio_telephone_allow_doctor_file_note(java.util.Map)[pri:0, instance:Scenario_Component.Scenario_BookConsultation_Functionality@71318ec4]" name="testUser_BookConsultation_waiting_audio_telephone_allow_doctor_file_note" class="Scenario_Component.Scenario_BookConsultation_Functionality"/>
        <method signature="Scenario_BookConsultation_Functionality.testUser_BookConsultation_waiting_audio_telephone_allow_doctor_note(java.util.Map)[pri:0, instance:Scenario_Component.Scenario_BookConsultation_Functionality@71318ec4]" name="testUser_BookConsultation_waiting_audio_telephone_allow_doctor_note" class="Scenario_Component.Scenario_BookConsultation_Functionality"/>
        <method signature="Scenario_BookConsultation_Functionality.testUser_BookConsultation_waiting_audio_telephone_lang(java.util.Map)[pri:0, instance:Scenario_Component.Scenario_BookConsultation_Functionality@71318ec4]" name="testUser_BookConsultation_waiting_audio_telephone_lang" class="Scenario_Component.Scenario_BookConsultation_Functionality"/>
        <method signature="Scenario_BookConsultation_Functionality.testUser_BookConsultation_waiting_audio_telephone_lang_file(java.util.Map)[pri:0, instance:Scenario_Component.Scenario_BookConsultation_Functionality@71318ec4]" name="testUser_BookConsultation_waiting_audio_telephone_lang_file" class="Scenario_Component.Scenario_BookConsultation_Functionality"/>
        <method signature="Scenario_BookConsultation_Functionality.testUser_BookConsultation_waiting_audio_telephone_lang_file_note(java.util.Map)[pri:0, instance:Scenario_Component.Scenario_BookConsultation_Functionality@71318ec4]" name="testUser_BookConsultation_waiting_audio_telephone_lang_file_note" class="Scenario_Component.Scenario_BookConsultation_Functionality"/>
        <method signature="Scenario_BookConsultation_Functionality.testUser_BookConsultation_waiting_audio_telephone_lang_note(java.util.Map)[pri:0, instance:Scenario_Component.Scenario_BookConsultation_Functionality@71318ec4]" name="testUser_BookConsultation_waiting_audio_telephone_lang_note" class="Scenario_Component.Scenario_BookConsultation_Functionality"/>
        <method signature="Scenario_BookConsultation_Functionality.testUser_BookConsultation_waiting_file_audio(java.util.Map)[pri:0, instance:Scenario_Component.Scenario_BookConsultation_Functionality@71318ec4]" name="testUser_BookConsultation_waiting_file_audio" class="Scenario_Component.Scenario_BookConsultation_Functionality"/>
        <method signature="Scenario_BookConsultation_Functionality.testUser_BookConsultation_waiting_note_audio(java.util.Map)[pri:0, instance:Scenario_Component.Scenario_BookConsultation_Functionality@71318ec4]" name="testUser_BookConsultation_waiting_note_audio" class="Scenario_Component.Scenario_BookConsultation_Functionality"/>
        <method signature="Scenario_BookConsultation_Functionality.testUser_BookConsultation_waiting_note_file_audio(java.util.Map)[pri:0, instance:Scenario_Component.Scenario_BookConsultation_Functionality@71318ec4]" name="testUser_BookConsultation_waiting_note_file_audio" class="Scenario_Component.Scenario_BookConsultation_Functionality"/>
        <method signature="Scenario_BookConsultation_Functionality.testUser_BookConsultation_waiting_telephone_audio(java.util.Map)[pri:0, instance:Scenario_Component.Scenario_BookConsultation_Functionality@71318ec4]" name="testUser_BookConsultation_waiting_telephone_audio" class="Scenario_Component.Scenario_BookConsultation_Functionality"/>
        <method signature="Scenario_BookConsultation_Functionality.testUser_BookConsultation_waiting_telephone_audio_File(java.util.Map)[pri:0, instance:Scenario_Component.Scenario_BookConsultation_Functionality@71318ec4]" name="testUser_BookConsultation_waiting_telephone_audio_File" class="Scenario_Component.Scenario_BookConsultation_Functionality"/>
        <method signature="Scenario_BookConsultation_Functionality.testUser_BookConsultation_waiting_telephone_audio_File_Note(java.util.Map)[pri:0, instance:Scenario_Component.Scenario_BookConsultation_Functionality@71318ec4]" name="testUser_BookConsultation_waiting_telephone_audio_File_Note" class="Scenario_Component.Scenario_BookConsultation_Functionality"/>
        <method signature="Scenario_BookConsultation_Functionality.testUser_BookConsultation_waiting_telephone_audio_Notes(java.util.Map)[pri:0, instance:Scenario_Component.Scenario_BookConsultation_Functionality@71318ec4]" name="testUser_BookConsultation_waiting_telephone_audio_Notes" class="Scenario_Component.Scenario_BookConsultation_Functionality"/>
        <method signature="Scenario_BookConsultation_Functionality.testUser_BookConsultation_waiting_video_allow_doctor(java.util.Map)[pri:0, instance:Scenario_Component.Scenario_BookConsultation_Functionality@71318ec4]" name="testUser_BookConsultation_waiting_video_allow_doctor" class="Scenario_Component.Scenario_BookConsultation_Functionality"/>
        <method signature="Scenario_BookConsultation_Functionality.testUser_BookConsultation_waiting_video_allow_doctor_file(java.util.Map)[pri:0, instance:Scenario_Component.Scenario_BookConsultation_Functionality@71318ec4]" name="testUser_BookConsultation_waiting_video_allow_doctor_file" class="Scenario_Component.Scenario_BookConsultation_Functionality"/>
        <method signature="Scenario_BookConsultation_Functionality.testUser_BookConsultation_waiting_video_allow_doctor_file_note(java.util.Map)[pri:0, instance:Scenario_Component.Scenario_BookConsultation_Functionality@71318ec4]" name="testUser_BookConsultation_waiting_video_allow_doctor_file_note" class="Scenario_Component.Scenario_BookConsultation_Functionality"/>
        <method signature="Scenario_BookConsultation_Functionality.testUser_BookConsultation_waiting_video_allow_doctor_note(java.util.Map)[pri:0, instance:Scenario_Component.Scenario_BookConsultation_Functionality@71318ec4]" name="testUser_BookConsultation_waiting_video_allow_doctor_note" class="Scenario_Component.Scenario_BookConsultation_Functionality"/>
        <method signature="Scenario_BookConsultation_Functionality.testUser_BookConsultation_waiting_video_lang(java.util.Map)[pri:0, instance:Scenario_Component.Scenario_BookConsultation_Functionality@71318ec4]" name="testUser_BookConsultation_waiting_video_lang" class="Scenario_Component.Scenario_BookConsultation_Functionality"/>
        <method signature="Scenario_BookConsultation_Functionality.testUser_BookConsultation_waiting_video_lang_file(java.util.Map)[pri:0, instance:Scenario_Component.Scenario_BookConsultation_Functionality@71318ec4]" name="testUser_BookConsultation_waiting_video_lang_file" class="Scenario_Component.Scenario_BookConsultation_Functionality"/>
        <method signature="Scenario_BookConsultation_Functionality.testUser_BookConsultation_waiting_video_lang_file_note(java.util.Map)[pri:0, instance:Scenario_Component.Scenario_BookConsultation_Functionality@71318ec4]" name="testUser_BookConsultation_waiting_video_lang_file_note" class="Scenario_Component.Scenario_BookConsultation_Functionality"/>
        <method signature="Scenario_BookConsultation_Functionality.testUser_BookConsultation_waiting_video_lang_note(java.util.Map)[pri:0, instance:Scenario_Component.Scenario_BookConsultation_Functionality@71318ec4]" name="testUser_BookConsultation_waiting_video_lang_note" class="Scenario_Component.Scenario_BookConsultation_Functionality"/>
        <method signature="Scenario_BookConsultation_Functionality.testUser_BookConsultation_waitingtime(java.util.Map)[pri:0, instance:Scenario_Component.Scenario_BookConsultation_Functionality@71318ec4]" name="testUser_BookConsultation_waitingtime" class="Scenario_Component.Scenario_BookConsultation_Functionality"/>
        <method signature="Scenario_BookConsultation_Functionality.testUser_BookConsultation_waitingtime_note_upload(java.util.Map)[pri:0, instance:Scenario_Component.Scenario_BookConsultation_Functionality@71318ec4]" name="testUser_BookConsultation_waitingtime_note_upload" class="Scenario_Component.Scenario_BookConsultation_Functionality"/>
        <method signature="Scenario_BookConsultation_Functionality.testUser_BookConsultation_waitingtime_notes(java.util.Map)[pri:0, instance:Scenario_Component.Scenario_BookConsultation_Functionality@71318ec4]" name="testUser_BookConsultation_waitingtime_notes" class="Scenario_Component.Scenario_BookConsultation_Functionality"/>
        <method signature="Scenario_BookConsultation_Functionality.testUser_BookConsultation_waitingtime_upload(java.util.Map)[pri:0, instance:Scenario_Component.Scenario_BookConsultation_Functionality@71318ec4]" name="testUser_BookConsultation_waitingtime_upload" class="Scenario_Component.Scenario_BookConsultation_Functionality"/>
        <method signature="Scenario_CheckURLs.testurl_User(java.util.Map)[pri:0, instance:Scenario_Component.Scenario_CheckURLs@31dc339b]" name="testurl_User" class="Scenario_Component.Scenario_CheckURLs"/>
        <method signature="Scenario_Dashboard.testUser_Dashboard_UI(java.util.Map)[pri:0, instance:Scenario_Component.Scenario_Dashboard@31610302]" name="testUser_Dashboard_UI" class="Scenario_Component.Scenario_Dashboard"/>
        <method signature="Scenario_ForgotPassword.testUser_ForgotPassword(java.util.Map)[pri:0, instance:Scenario_Component.Scenario_ForgotPassword@3c0f93f1]" name="testUser_ForgotPassword" class="Scenario_Component.Scenario_ForgotPassword"/>
        <method signature="Scenario_Login.InvalidLogin_EmptyAll(java.util.Map)[pri:0, instance:Scenario_Component.Scenario_Login@544fe44c]" name="InvalidLogin_EmptyAll" class="Scenario_Component.Scenario_Login"/>
        <method signature="Scenario_Login.InvalidLogin_Emptymail(java.util.Map)[pri:0, instance:Scenario_Component.Scenario_Login@544fe44c]" name="InvalidLogin_Emptymail" class="Scenario_Component.Scenario_Login"/>
        <method signature="Scenario_Login.InvalidUN_Emptypassword(java.util.Map)[pri:0, instance:Scenario_Component.Scenario_Login@544fe44c]" name="InvalidUN_Emptypassword" class="Scenario_Component.Scenario_Login"/>
        <method signature="Scenario_Login.testUser_Login1_Valid(java.util.Map)[pri:0, instance:Scenario_Component.Scenario_Login@544fe44c]" name="testUser_Login1_Valid" class="Scenario_Component.Scenario_Login"/>
        <method signature="Scenario_Login.testUser_Login2_Valid(java.util.Map)[pri:0, instance:Scenario_Component.Scenario_Login@544fe44c]" name="testUser_Login2_Valid" class="Scenario_Component.Scenario_Login"/>
        <method signature="Scenario_Login.testUser_Login3_Valid(java.util.Map)[pri:0, instance:Scenario_Component.Scenario_Login@544fe44c]" name="testUser_Login3_Valid" class="Scenario_Component.Scenario_Login"/>
        <method signature="Scenario_Login.testUser_Login_InValid(java.util.Map)[pri:0, instance:Scenario_Component.Scenario_Login@544fe44c]" name="testUser_Login_InValid" class="Scenario_Component.Scenario_Login"/>
        <method signature="Scenario_Login.testUser_Login_UI(java.util.Map)[pri:0, instance:Scenario_Component.Scenario_Login@544fe44c]" name="testUser_Login_UI" class="Scenario_Component.Scenario_Login"/>
        <method signature="Scenario_Login.testUser_page_title(java.util.Map)[pri:0, instance:Scenario_Component.Scenario_Login@544fe44c]" name="testUser_page_title" class="Scenario_Component.Scenario_Login"/>
      </group> <!-- smoke -->
    </groups>
    <test name="DocOnline Web Automation  Test Suit" duration-ms="10922213" started-at="2019-04-23T06:08:09Z" finished-at="2019-04-23T09:10:11Z">
      <class name="Scenario_Component.Scenario_CheckURLs">
        <test-method status="PASS" signature="testurl_User(java.util.Map)[pri:0, instance:Scenario_Component.Scenario_CheckURLs@31dc339b]" name="testurl_User" duration-ms="40417" started-at="2019-04-23T11:46:02Z" data-provider="dp_PageTitle" finished-at="2019-04-23T11:46:42Z">
          <params>
            <param index="0">
              <value>
                <![CDATA[{=, Execute_Flag=Y, Base_Url=https://staging.doconline.com/user#/, TC_ID=PageTitle_User, Script_name=PageTitle_User, Username=matamjaswanth@gmail.com, Error_Message=, Error_Message 1=, Order_Set=1.0, Error_Message 2=, Password=Doconline@123}]]>
              </value>
            </param>
          </params>
          <reporter-output>
          </reporter-output>
        </test-method> <!-- testurl_User -->
      </class> <!-- Scenario_Component.Scenario_CheckURLs -->
      <class name="Scenario_Component.Scenario_Login">
        <test-method status="PASS" signature="testUser_Login_UI(java.util.Map)[pri:0, instance:Scenario_Component.Scenario_Login@544fe44c]" name="testUser_Login_UI" duration-ms="13867" started-at="2019-04-23T11:38:09Z" data-provider="dp_LoginUI" finished-at="2019-04-23T11:38:23Z">
          <params>
            <param index="0">
              <value>
                <![CDATA[{=, Execute_Flag=Y, Base_Url=, TC_ID=Verifying all the UI Elements on the Login Screen, Script_name=LoginUI, Username=matamjaswanth@gmail.com, Error_Message=, Error_Message 1=, Order_Set=1.0, Error_Message 2=, Password=Doconline@123}]]>
              </value>
            </param>
          </params>
          <reporter-output>
          </reporter-output>
        </test-method> <!-- testUser_Login_UI -->
        <test-method status="PASS" signature="testUser_Login1_Valid(java.util.Map)[pri:0, instance:Scenario_Component.Scenario_Login@544fe44c]" name="testUser_Login1_Valid" duration-ms="15579" started-at="2019-04-23T11:38:23Z" data-provider="dp_ValidLogin" finished-at="2019-04-23T11:38:38Z">
          <params>
            <param index="0">
              <value>
                <![CDATA[{=, Execute_Flag=Y, Base_Url=, TC_ID=Login using valid Email and Password, Script_name=ValidLogin, Username=matamjaswanth@gmail.com, Error_Message=, Error_Message 1=, Order_Set=1.0, Error_Message 2=, Password=Doconline@123}]]>
              </value>
            </param>
          </params>
          <reporter-output>
          </reporter-output>
        </test-method> <!-- testUser_Login1_Valid -->
        <test-method status="PASS" signature="testUser_Login2_Valid(java.util.Map)[pri:0, instance:Scenario_Component.Scenario_Login@544fe44c]" name="testUser_Login2_Valid" duration-ms="35715" started-at="2019-04-23T11:38:38Z" data-provider="dp_ValidLogin1" finished-at="2019-04-23T11:39:14Z">
          <params>
            <param index="0">
              <value>
                <![CDATA[{=, Execute_Flag=Y, Base_Url=, TC_ID=Login using valid MRN and Password, Script_name=ValidLogin1, Username=356A01B055, Error_Message=, Error_Message 1=, Order_Set=1.0, Error_Message 2=, Password=Doconline@123}]]>
              </value>
            </param>
          </params>
          <reporter-output>
          </reporter-output>
        </test-method> <!-- testUser_Login2_Valid -->
        <test-method status="FAIL" signature="testUser_Login3_Valid(java.util.Map)[pri:0, instance:Scenario_Component.Scenario_Login@544fe44c]" name="testUser_Login3_Valid" duration-ms="28810" started-at="2019-04-23T11:39:14Z" data-provider="dp_ValidLogin2" finished-at="2019-04-23T11:39:43Z">
          <params>
            <param index="0">
              <value>
                <![CDATA[{=, Execute_Flag=Y, Base_Url=, TC_ID=Login using valid Mobile and Password, Script_name=ValidLogin2, Username=9.740224293E9, Error_Message=, Error_Message 1=, Order_Set=1.0, Error_Message 2=, Password=Doconline@123}]]>
              </value>
            </param>
          </params>
          <exception class="org.openqa.selenium.WebDriverException">
            <message>
              <![CDATA[chrome not reachable
  (Session info: chrome=73.0.3683.103)
  (Driver info: chromedriver=73.0.3683.20 (8e2b610813e167eee3619ac4ce6e42e3ec622017),platform=Mac OS X 10.12.6 x86_64) (WARNING: The server did not provide any stacktrace information)
Command duration or timeout: 0 milliseconds
Build info: version: '3.13.0', revision: '2f0d292', time: '2018-06-25T15:24:21.231Z'
System info: host: 'Doconlines-Mac-mini.local', ip: 'fe80:0:0:0:142c:3a0e:584e:7fc%en0', os.name: 'Mac OS X', os.arch: 'x86_64', os.version: '10.12.6', java.version: '1.8.0_202'
Driver info: org.openqa.selenium.chrome.ChromeDriver
Capabilities {acceptInsecureCerts: false, acceptSslCerts: false, applicationCacheEnabled: false, browserConnectionEnabled: false, browserName: chrome, chrome: {chromedriverVersion: 73.0.3683.20 (8e2b610813e16..., userDataDir: /var/folders/2b/q7hs5rz1065...}, cssSelectorsEnabled: true, databaseEnabled: false, goog:chromeOptions: {debuggerAddress: localhost:58049}, handlesAlerts: true, hasTouchScreen: false, javascriptEnabled: true, locationContextEnabled: true, mobileEmulationEnabled: false, nativeEvents: true, networkConnectionEnabled: false, pageLoadStrategy: normal, platform: MAC, platformName: MAC, proxy: Proxy(), rotatable: false, setWindowRect: true, strictFileInteractability: false, takesHeapSnapshot: true, takesScreenshot: true, timeouts: {implicit: 0, pageLoad: 300000, script: 30000}, unexpectedAlertBehaviour: ignore, unhandledPromptBehavior: ignore, version: 73.0.3683.103, webStorageEnabled: true}
Session ID: 5a0e6b9c5fed08f3c76d5135b62e8fbd
*** Element info: {Using=xpath, value=//div[@class='user-sidebar-small']//li[@id='lnkUserSdbrToSettings']//*[@class='svg-icon svg-fill']}]]>
            </message>
            <full-stacktrace>
              <![CDATA[org.openqa.selenium.WebDriverException: chrome not reachable
  (Session info: chrome=73.0.3683.103)
  (Driver info: chromedriver=73.0.3683.20 (8e2b610813e167eee3619ac4ce6e42e3ec622017),platform=Mac OS X 10.12.6 x86_64) (WARNING: The server did not provide any stacktrace information)
Command duration or timeout: 0 milliseconds
Build info: version: '3.13.0', revision: '2f0d292', time: '2018-06-25T15:24:21.231Z'
System info: host: 'Doconlines-Mac-mini.local', ip: 'fe80:0:0:0:142c:3a0e:584e:7fc%en0', os.name: 'Mac OS X', os.arch: 'x86_64', os.version: '10.12.6', java.version: '1.8.0_202'
Driver info: org.openqa.selenium.chrome.ChromeDriver
Capabilities {acceptInsecureCerts: false, acceptSslCerts: false, applicationCacheEnabled: false, browserConnectionEnabled: false, browserName: chrome, chrome: {chromedriverVersion: 73.0.3683.20 (8e2b610813e16..., userDataDir: /var/folders/2b/q7hs5rz1065...}, cssSelectorsEnabled: true, databaseEnabled: false, goog:chromeOptions: {debuggerAddress: localhost:58049}, handlesAlerts: true, hasTouchScreen: false, javascriptEnabled: true, locationContextEnabled: true, mobileEmulationEnabled: false, nativeEvents: true, networkConnectionEnabled: false, pageLoadStrategy: normal, platform: MAC, platformName: MAC, proxy: Proxy(), rotatable: false, setWindowRect: true, strictFileInteractability: false, takesHeapSnapshot: true, takesScreenshot: true, timeouts: {implicit: 0, pageLoad: 300000, script: 30000}, unexpectedAlertBehaviour: ignore, unhandledPromptBehavior: ignore, version: 73.0.3683.103, webStorageEnabled: true}
Session ID: 5a0e6b9c5fed08f3c76d5135b62e8fbd
*** Element info: {Using=xpath, value=//div[@class='user-sidebar-small']//li[@id='lnkUserSdbrToSettings']//*[@class='svg-icon svg-fill']}
	at sun.reflect.NativeConstructorAccessorImpl.newInstance0(Native Method)
	at sun.reflect.NativeConstructorAccessorImpl.newInstance(NativeConstructorAccessorImpl.java:62)
	at sun.reflect.DelegatingConstructorAccessorImpl.newInstance(DelegatingConstructorAccessorImpl.java:45)
	at java.lang.reflect.Constructor.newInstance(Constructor.java:423)
	at org.openqa.selenium.remote.ErrorHandler.createThrowable(ErrorHandler.java:214)
	at org.openqa.selenium.remote.ErrorHandler.throwIfResponseFailed(ErrorHandler.java:166)
	at org.openqa.selenium.remote.http.JsonHttpResponseCodec.reconstructValue(JsonHttpResponseCodec.java:40)
	at org.openqa.selenium.remote.http.AbstractHttpResponseCodec.decode(AbstractHttpResponseCodec.java:80)
	at org.openqa.selenium.remote.http.AbstractHttpResponseCodec.decode(AbstractHttpResponseCodec.java:44)
	at org.openqa.selenium.remote.HttpCommandExecutor.execute(HttpCommandExecutor.java:158)
	at org.openqa.selenium.remote.service.DriverCommandExecutor.execute(DriverCommandExecutor.java:83)
	at org.openqa.selenium.remote.RemoteWebDriver.execute(RemoteWebDriver.java:548)
	at org.openqa.selenium.remote.RemoteWebDriver.findElement(RemoteWebDriver.java:322)
	at org.openqa.selenium.remote.RemoteWebDriver.findElementByXPath(RemoteWebDriver.java:424)
	at org.openqa.selenium.By$ByXPath.findElement(By.java:353)
	at org.openqa.selenium.remote.RemoteWebDriver.findElement(RemoteWebDriver.java:314)
	at org.openqa.selenium.support.pagefactory.DefaultElementLocator.findElement(DefaultElementLocator.java:69)
	at org.openqa.selenium.support.pagefactory.internal.LocatingElementHandler.invoke(LocatingElementHandler.java:38)
	at com.sun.proxy.$Proxy10.isDisplayed(Unknown Source)
	at org.openqa.selenium.support.ui.ExpectedConditions.elementIfVisible(ExpectedConditions.java:315)
	at org.openqa.selenium.support.ui.ExpectedConditions.access$100(ExpectedConditions.java:44)
	at org.openqa.selenium.support.ui.ExpectedConditions$10.apply(ExpectedConditions.java:301)
	at org.openqa.selenium.support.ui.ExpectedConditions$10.apply(ExpectedConditions.java:298)
	at org.openqa.selenium.support.ui.FluentWait.until(FluentWait.java:248)
	at Generic_Component.Base_Class.Explicit_wait(Base_Class.java:79)
	at Scenario_Component.Scenario_Login.testUser_Login3_Valid(Scenario_Login.java:470)
	at sun.reflect.NativeMethodAccessorImpl.invoke0(Native Method)
	at sun.reflect.NativeMethodAccessorImpl.invoke(NativeMethodAccessorImpl.java:62)
	at sun.reflect.DelegatingMethodAccessorImpl.invoke(DelegatingMethodAccessorImpl.java:43)
	at java.lang.reflect.Method.invoke(Method.java:498)
	at org.testng.internal.MethodInvocationHelper.invokeMethod(MethodInvocationHelper.java:80)
	at org.testng.internal.Invoker.invokeMethod(Invoker.java:714)
	at org.testng.internal.Invoker.invokeTestMethod(Invoker.java:901)
	at org.testng.internal.Invoker.invokeTestMethods(Invoker.java:1231)
	at org.testng.internal.TestMethodWorker.invokeTestMethods(TestMethodWorker.java:127)
	at org.testng.internal.TestMethodWorker.run(TestMethodWorker.java:111)
	at org.testng.TestRunner.privateRun(TestRunner.java:767)
	at org.testng.TestRunner.run(TestRunner.java:617)
	at org.testng.SuiteRunner.runTest(SuiteRunner.java:334)
	at org.testng.SuiteRunner.runSequentially(SuiteRunner.java:329)
	at org.testng.SuiteRunner.privateRun(SuiteRunner.java:291)
	at org.testng.SuiteRunner.run(SuiteRunner.java:240)
	at org.testng.SuiteRunnerWorker.runSuite(SuiteRunnerWorker.java:52)
	at org.testng.SuiteRunnerWorker.run(SuiteRunnerWorker.java:86)
	at org.testng.TestNG.runSuitesSequentially(TestNG.java:1198)
	at org.testng.TestNG.runSuitesLocally(TestNG.java:1123)
	at org.testng.TestNG.run(TestNG.java:1031)
	at org.testng.remote.AbstractRemoteTestNG.run(AbstractRemoteTestNG.java:114)
	at org.testng.remote.RemoteTestNG.initAndRun(RemoteTestNG.java:251)
	at org.testng.remote.RemoteTestNG.main(RemoteTestNG.java:77)
]]>
            </full-stacktrace>
          </exception> <!-- org.openqa.selenium.WebDriverException -->
          <reporter-output>
          </reporter-output>
        </test-method> <!-- testUser_Login3_Valid -->
        <test-method status="PASS" signature="testUser_Login_InValid(java.util.Map)[pri:0, instance:Scenario_Component.Scenario_Login@544fe44c]" name="testUser_Login_InValid" duration-ms="18055" started-at="2019-04-23T11:39:43Z" data-provider="dp_InValidlogin" finished-at="2019-04-23T11:40:01Z">
          <params>
            <param index="0">
              <value>
                <![CDATA[{=, Execute_Flag=Y, Base_Url=, TC_ID=Login using invalid Email and valid Password, Script_name=InValidLogin, Username=matamjaswanth@doconline.com, Error_Message=These credentials do not match our records., Error_Message 1=, Order_Set=1.0, Error_Message 2=, Password=Doconline@123}]]>
              </value>
            </param>
          </params>
          <reporter-output>
          </reporter-output>
        </test-method> <!-- testUser_Login_InValid -->
        <test-method status="PASS" signature="testUser_Login_InValid(java.util.Map)[pri:0, instance:Scenario_Component.Scenario_Login@544fe44c]" name="testUser_Login_InValid" duration-ms="19677" started-at="2019-04-23T11:40:01Z" data-provider="dp_InValidlogin" finished-at="2019-04-23T11:40:21Z">
          <params>
            <param index="0">
              <value>
                <![CDATA[{=, Execute_Flag=Y, Base_Url=, TC_ID=Login using valid Email and invalid Password, Script_name=InValidLogin, Username=matamjaswanth@gmail.com, Error_Message=These credentials do not match our records., Error_Message 1=, Order_Set=2.0, Error_Message 2=, Password=DocOnline@123}]]>
              </value>
            </param>
          </params>
          <reporter-output>
          </reporter-output>
        </test-method> <!-- testUser_Login_InValid -->
        <test-method status="PASS" signature="testUser_Login_InValid(java.util.Map)[pri:0, instance:Scenario_Component.Scenario_Login@544fe44c]" name="testUser_Login_InValid" duration-ms="24151" started-at="2019-04-23T11:40:21Z" data-provider="dp_InValidlogin" finished-at="2019-04-23T11:40:45Z">
          <params>
            <param index="0">
              <value>
                <![CDATA[{=, Execute_Flag=Y, Base_Url=, TC_ID=Login using invalid Email and invalid Password, Script_name=InValidLogin, Username=matamjaswanth@doconline.com, Error_Message=These credentials do not match our records., Error_Message 1=, Order_Set=3.0, Error_Message 2=, Password=DocOnline@123}]]>
              </value>
            </param>
          </params>
          <reporter-output>
          </reporter-output>
        </test-method> <!-- testUser_Login_InValid -->
        <test-method status="PASS" signature="testUser_Login_InValid(java.util.Map)[pri:0, instance:Scenario_Component.Scenario_Login@544fe44c]" name="testUser_Login_InValid" duration-ms="24345" started-at="2019-04-23T11:40:45Z" data-provider="dp_InValidlogin" finished-at="2019-04-23T11:41:09Z">
          <params>
            <param index="0">
              <value>
                <![CDATA[{=, Execute_Flag=Y, Base_Url=, TC_ID=Login using invalid Mobile number and invalid Password, Script_name=InValidLogin, Username=9.740224293E9, Error_Message=These credentials do not match our records., Error_Message 1=, Order_Set=4.0, Error_Message 2=, Password=DocOnline@123}]]>
              </value>
            </param>
          </params>
          <reporter-output>
          </reporter-output>
        </test-method> <!-- testUser_Login_InValid -->
        <test-method status="PASS" signature="testUser_Login_InValid(java.util.Map)[pri:0, instance:Scenario_Component.Scenario_Login@544fe44c]" name="testUser_Login_InValid" duration-ms="27232" started-at="2019-04-23T11:41:09Z" data-provider="dp_InValidlogin" finished-at="2019-04-23T11:41:37Z">
          <params>
            <param index="0">
              <value>
                <![CDATA[{=, Execute_Flag=Y, Base_Url=, TC_ID=Login using invalid MRN and invalid Password, Script_name=InValidLogin, Username=356A01B1D, Error_Message=These credentials do not match our records., Error_Message 1=, Order_Set=5.0, Error_Message 2=, Password=DocOnline@123}]]>
              </value>
            </param>
          </params>
          <reporter-output>
          </reporter-output>
        </test-method> <!-- testUser_Login_InValid -->
        <test-method status="PASS" signature="testUser_Login_InValid(java.util.Map)[pri:0, instance:Scenario_Component.Scenario_Login@544fe44c]" name="testUser_Login_InValid" duration-ms="28718" started-at="2019-04-23T11:41:37Z" data-provider="dp_InValidlogin" finished-at="2019-04-23T11:42:05Z">
          <params>
            <param index="0">
              <value>
                <![CDATA[{=, Execute_Flag=Y, Base_Url=, TC_ID=Login using valid MRN and invalid Password, Script_name=InValidLogin, Username=356A01B055, Error_Message=These credentials do not match our records., Error_Message 1=, Order_Set=6.0, Error_Message 2=, Password=DocOnline@123}]]>
              </value>
            </param>
          </params>
          <reporter-output>
          </reporter-output>
        </test-method> <!-- testUser_Login_InValid -->
        <test-method status="PASS" signature="testUser_Login_InValid(java.util.Map)[pri:0, instance:Scenario_Component.Scenario_Login@544fe44c]" name="testUser_Login_InValid" duration-ms="35769" started-at="2019-04-23T11:42:05Z" data-provider="dp_InValidlogin" finished-at="2019-04-23T11:42:41Z">
          <params>
            <param index="0">
              <value>
                <![CDATA[{=, Execute_Flag=Y, Base_Url=, TC_ID=Login using invalid MRN and valid Password, Script_name=InValidLogin, Username=356A01B1D, Error_Message=These credentials do not match our records., Error_Message 1=, Order_Set=7.0, Error_Message 2=, Password=Doconline@123}]]>
              </value>
            </param>
          </params>
          <reporter-output>
          </reporter-output>
        </test-method> <!-- testUser_Login_InValid -->
        <test-method status="PASS" signature="testUser_page_title(java.util.Map)[pri:0, instance:Scenario_Component.Scenario_Login@544fe44c]" name="testUser_page_title" duration-ms="38710" started-at="2019-04-23T11:42:41Z" data-provider="dp_PageTitle" finished-at="2019-04-23T11:43:20Z">
          <params>
            <param index="0">
              <value>
                <![CDATA[{=, Execute_Flag=Y, Base_Url=https://staging.doconline.com/user#/, TC_ID=PageTitle_User, Script_name=PageTitle_User, Username=matamjaswanth@gmail.com, Error_Message=, Error_Message 1=, Order_Set=1.0, Error_Message 2=, Password=Doconline@123}]]>
              </value>
            </param>
          </params>
          <reporter-output>
          </reporter-output>
        </test-method> <!-- testUser_page_title -->
        <test-method status="PASS" signature="InvalidUN_Emptypassword(java.util.Map)[pri:0, instance:Scenario_Component.Scenario_Login@544fe44c]" name="InvalidUN_Emptypassword" duration-ms="19209" started-at="2019-04-23T11:43:20Z" data-provider="dp_InValidLogin_EmptyPassword" finished-at="2019-04-23T11:43:39Z">
          <params>
            <param index="0">
              <value>
                <![CDATA[{=, Execute_Flag=Y, Base_Url=, TC_ID=Login using Valid Username and Empty Password, Script_name=InValidLogin_EmptyPassword, Username=matamjaswanth@doconline.com, Error_Message=, Error_Message 1=, Order_Set=1.0, Error_Message 2=Password field is required., Password=}]]>
              </value>
            </param>
          </params>
          <reporter-output>
          </reporter-output>
        </test-method> <!-- InvalidUN_Emptypassword -->
      </class> <!-- Scenario_Component.Scenario_Login -->
      <class name="Scenario_Component.Scenario_BookConsultation_Functionality">
        <test-method status="PASS" signature="testUser_BookConsultation_Functionality(java.util.Map)[pri:0, instance:Scenario_Component.Scenario_BookConsultation_Functionality@71318ec4]" name="testUser_BookConsultation_Functionality" duration-ms="86344" started-at="2019-04-23T11:46:42Z" data-provider="dp_BookConsultationFunctionality" finished-at="2019-04-23T11:48:09Z">
          <params>
            <param index="0">
              <value>
                <![CDATA[{Path=, =, Execute_Flag=Y, TC_ID=Book a consultation by scheduling with notes added, Script_name=BookConsultation_Functionality, Username=matamjaswanth@gmail.com, BookConsultation_Screen_Title=DocOnline, Order_Set=1.0, Notes=It is an Test Booking, Password=Doconline@123}]]>
              </value>
            </param>
          </params>
          <reporter-output>
          </reporter-output>
        </test-method> <!-- testUser_BookConsultation_Functionality -->
        <test-method status="PASS" signature="testUser_BookConsultation_waitingtime(java.util.Map)[pri:0, instance:Scenario_Component.Scenario_BookConsultation_Functionality@71318ec4]" name="testUser_BookConsultation_waitingtime" duration-ms="84710" started-at="2019-04-23T11:48:09Z" data-provider="dp_BookConsultationwaitingtime" finished-at="2019-04-23T11:49:34Z">
          <params>
            <param index="0">
              <value>
                <![CDATA[{Path=, =, Execute_Flag=Y, TC_ID=Book a Consultation through waiting time, Script_name=BookConsultation_Functional, Username=matamjaswanth@gmail.com, BookConsultation_Screen_Title=DocOnline, Order_Set=1.0, Notes=, Password=Doconline@123}]]>
              </value>
            </param>
          </params>
          <reporter-output>
          </reporter-output>
        </test-method> <!-- testUser_BookConsultation_waitingtime -->
        <test-method status="PASS" signature="testUser_BookConsultation_waitingtime_notes(java.util.Map)[pri:0, instance:Scenario_Component.Scenario_BookConsultation_Functionality@71318ec4]" name="testUser_BookConsultation_waitingtime_notes" duration-ms="86817" started-at="2019-04-23T11:49:34Z" data-provider="dp_BookConsultationwaitingtime_notes" finished-at="2019-04-23T11:51:01Z">
          <params>
            <param index="0">
              <value>
                <![CDATA[{Path=, =, Execute_Flag=Y, TC_ID=Book a Consultation through waiting time with notes added, Script_name=BookConsultation_Waiting_Notes, Username=matamjaswanth@gmail.com, BookConsultation_Screen_Title=DocOnline, Order_Set=1.0, Notes=Testing Booking 2, Password=Doconline@123}]]>
              </value>
            </param>
          </params>
          <reporter-output>
          </reporter-output>
        </test-method> <!-- testUser_BookConsultation_waitingtime_notes -->
        <test-method status="PASS" signature="testUser_BookConsultation_schedule(java.util.Map)[pri:0, instance:Scenario_Component.Scenario_BookConsultation_Functionality@71318ec4]" name="testUser_BookConsultation_schedule" duration-ms="97804" started-at="2019-04-23T11:51:01Z" data-provider="dp_BookConsultation_schedule" finished-at="2019-04-23T11:52:38Z">
          <params>
            <param index="0">
              <value>
                <![CDATA[{Path=, =, Execute_Flag=Y, TC_ID=Book a consultation by only scheduling, Script_name=BookConsultation_Schedule, Username=matamjaswanth@gmail.com, BookConsultation_Screen_Title=DocOnline, Order_Set=1.0, Notes=, Password=Doconline@123}]]>
              </value>
            </param>
          </params>
          <reporter-output>
          </reporter-output>
        </test-method> <!-- testUser_BookConsultation_schedule -->
        <test-method status="PASS" signature="testUser_BookConsultation_uploadfile(java.util.Map)[pri:0, instance:Scenario_Component.Scenario_BookConsultation_Functionality@71318ec4]" name="testUser_BookConsultation_uploadfile" duration-ms="98132" started-at="2019-04-23T11:52:38Z" data-provider="dp_BookConsultation_uploadfile" finished-at="2019-04-23T11:54:17Z">
          <params>
            <param index="0">
              <value>
                <![CDATA[{Path=/Users/doconline_testing/Desktop/Web/bullet_point.png, =, Execute_Flag=Y, TC_ID=Book a consultation by only scheduling and uploading a file, Script_name=BookConsultation_Schedule_upload, Username=matamjaswanth@gmail.com, BookConsultation_Screen_Title=DocOnline, Order_Set=1.0, Notes=, Password=Doconline@123}]]>
              </value>
            </param>
          </params>
          <reporter-output>
          </reporter-output>
        </test-method> <!-- testUser_BookConsultation_uploadfile -->
        <test-method status="PASS" signature="testUser_BookConsultation_waitingtime_upload(java.util.Map)[pri:0, instance:Scenario_Component.Scenario_BookConsultation_Functionality@71318ec4]" name="testUser_BookConsultation_waitingtime_upload" duration-ms="93539" started-at="2019-04-23T11:54:17Z" data-provider="dp_BookConsultationwaitingtime_upload" finished-at="2019-04-23T11:55:50Z">
          <params>
            <param index="0">
              <value>
                <![CDATA[{Path=/Users/doconline_testing/Desktop/Web/bullet_point.png, =, Execute_Flag=Y, TC_ID=Book a Consultation through waiting time and uploading a file, Script_name=BookConsultation_Waiting_Upload, Username=matamjaswanth@gmail.com, BookConsultation_Screen_Title=DocOnline, Order_Set=1.0, Notes=, Password=Doconline@123}]]>
              </value>
            </param>
          </params>
          <reporter-output>
          </reporter-output>
        </test-method> <!-- testUser_BookConsultation_waitingtime_upload -->
        <test-method status="PASS" signature="testUser_BookConsultation_schedule_note_upload(java.util.Map)[pri:0, instance:Scenario_Component.Scenario_BookConsultation_Functionality@71318ec4]" name="testUser_BookConsultation_schedule_note_upload" duration-ms="104693" started-at="2019-04-23T11:55:50Z" data-provider="dp_BookConsultation_schedule_note_upload" finished-at="2019-04-23T11:57:35Z">
          <params>
            <param index="0">
              <value>
                <![CDATA[{Path=/Users/doconline_testing/Desktop/Web/bullet_point.png, =, Execute_Flag=Y, TC_ID=Book a consultation by scheduling, adding notes & uploading a file, Script_name=BookConsultation_Schedule_Note_Upload, Username=matamjaswanth@gmail.com, BookConsultation_Screen_Title=DocOnline, Order_Set=1.0, Notes=Test with note and file, Password=Doconline@123}]]>
              </value>
            </param>
          </params>
          <reporter-output>
          </reporter-output>
        </test-method> <!-- testUser_BookConsultation_schedule_note_upload -->
        <test-method status="PASS" signature="testUser_BookConsultation_waitingtime_note_upload(java.util.Map)[pri:0, instance:Scenario_Component.Scenario_BookConsultation_Functionality@71318ec4]" name="testUser_BookConsultation_waitingtime_note_upload" duration-ms="106563" started-at="2019-04-23T11:57:35Z" data-provider="dp_BookConsultationwaitingtime_note_upload" finished-at="2019-04-23T11:59:21Z">
          <params>
            <param index="0">
              <value>
                <![CDATA[{Path=/Users/doconline_testing/Desktop/Web/bullet_point.png, =, Execute_Flag=Y, TC_ID=Book a consultation by Waiting time, adding notes & uploading a file, Script_name=BookConsultation_Waiting_Note_Upload, Username=matamjaswanth@gmail.com, BookConsultation_Screen_Title=DocOnline, Order_Set=1.0, Notes=Test with waiting time, note and file, Password=Doconline@123}]]>
              </value>
            </param>
          </params>
          <reporter-output>
          </reporter-output>
        </test-method> <!-- testUser_BookConsultation_waitingtime_note_upload -->
        <test-method status="PASS" signature="testUser_BookConsultation_schedule_audio(java.util.Map)[pri:0, instance:Scenario_Component.Scenario_BookConsultation_Functionality@71318ec4]" name="testUser_BookConsultation_schedule_audio" duration-ms="112321" started-at="2019-04-23T11:59:21Z" data-provider="dp_BookConsultation_schedule_audio" finished-at="2019-04-23T12:01:14Z">
          <params>
            <param index="0">
              <value>
                <![CDATA[{Path=, =, Execute_Flag=Y, TC_ID=Book a consultation through Audio and scheduling, Script_name=BookConsultation_Schedule_Audio, Username=matamjaswanth@gmail.com, BookConsultation_Screen_Title=DocOnline, Order_Set=1.0, Notes=, Password=Doconline@123}]]>
              </value>
            </param>
          </params>
          <reporter-output>
          </reporter-output>
        </test-method> <!-- testUser_BookConsultation_schedule_audio -->
        <test-method status="PASS" signature="testUser_BookConsultation_waiting_audio(java.util.Map)[pri:0, instance:Scenario_Component.Scenario_BookConsultation_Functionality@71318ec4]" name="testUser_BookConsultation_waiting_audio" duration-ms="112492" started-at="2019-04-23T12:01:14Z" data-provider="dp_BookConsultation_waiting_audio" finished-at="2019-04-23T12:03:06Z">
          <params>
            <param index="0">
              <value>
                <![CDATA[{Path=, =, Execute_Flag=Y, TC_ID=Book a consultation through Audio and Waiting, Script_name=BookConsultation_Waiting_Audio, Username=matamjaswanth@gmail.com, BookConsultation_Screen_Title=DocOnline, Order_Set=1.0, Notes=, Password=Doconline@123}]]>
              </value>
            </param>
          </params>
          <reporter-output>
          </reporter-output>
        </test-method> <!-- testUser_BookConsultation_waiting_audio -->
        <test-method status="PASS" signature="testUser_BookConsultation_schedule_note_audio(java.util.Map)[pri:0, instance:Scenario_Component.Scenario_BookConsultation_Functionality@71318ec4]" name="testUser_BookConsultation_schedule_note_audio" duration-ms="124206" started-at="2019-04-23T12:03:06Z" data-provider="dp_BookConsultation_schedule_note_audio" finished-at="2019-04-23T12:05:11Z">
          <params>
            <param index="0">
              <value>
                <![CDATA[{Path=, =, Execute_Flag=Y, TC_ID=Book a consultation through Audio, scheduling and a Note, Script_name=BookConsultation_Schedule_Note_Audio, Username=matamjaswanth@gmail.com, BookConsultation_Screen_Title=DocOnline, Order_Set=1.0, Notes=Test [Schedule, Note & Audio], Password=Doconline@123}]]>
              </value>
            </param>
          </params>
          <reporter-output>
          </reporter-output>
        </test-method> <!-- testUser_BookConsultation_schedule_note_audio -->
        <test-method status="PASS" signature="testUser_BookConsultation_waiting_note_audio(java.util.Map)[pri:0, instance:Scenario_Component.Scenario_BookConsultation_Functionality@71318ec4]" name="testUser_BookConsultation_waiting_note_audio" duration-ms="123108" started-at="2019-04-23T12:05:11Z" data-provider="dp_BookConsultation_waiting_note_audio" finished-at="2019-04-23T12:07:14Z">
          <params>
            <param index="0">
              <value>
                <![CDATA[{Path=, =, Execute_Flag=Y, TC_ID=Book a consultation through Audio, Waiting Time and a Note, Script_name=BookConsultation_Waiting_Note_Audio, Username=matamjaswanth@gmail.com, BookConsultation_Screen_Title=DocOnline, Order_Set=1.0, Notes=Test [Waiting, Note & Audio], Password=Doconline@123}]]>
              </value>
            </param>
          </params>
          <reporter-output>
          </reporter-output>
        </test-method> <!-- testUser_BookConsultation_waiting_note_audio -->
        <test-method status="PASS" signature="testUser_BookConsultation_schedule_file_audio(java.util.Map)[pri:0, instance:Scenario_Component.Scenario_BookConsultation_Functionality@71318ec4]" name="testUser_BookConsultation_schedule_file_audio" duration-ms="119521" started-at="2019-04-23T12:07:14Z" data-provider="dp_BookConsultation_schedule_file_audio" finished-at="2019-04-23T12:09:13Z">
          <params>
            <param index="0">
              <value>
                <![CDATA[{Path=/Users/doconline_testing/Desktop/Web/bullet_point.png, =, Execute_Flag=Y, TC_ID=Book a consultation through Audio, scheduling and File, Script_name=BookConsultation_Schedule_File_Audio, Username=matamjaswanth@gmail.com, BookConsultation_Screen_Title=DocOnline, Order_Set=1.0, Notes=, Password=Doconline@123}]]>
              </value>
            </param>
          </params>
          <reporter-output>
          </reporter-output>
        </test-method> <!-- testUser_BookConsultation_schedule_file_audio -->
        <test-method status="PASS" signature="testUser_BookConsultation_waiting_file_audio(java.util.Map)[pri:0, instance:Scenario_Component.Scenario_BookConsultation_Functionality@71318ec4]" name="testUser_BookConsultation_waiting_file_audio" duration-ms="121981" started-at="2019-04-23T12:09:13Z" data-provider="dp_BookConsultation_waiting_file_audio" finished-at="2019-04-23T12:11:15Z">
          <params>
            <param index="0">
              <value>
                <![CDATA[{Path=/Users/doconline_testing/Desktop/Web/bullet_point.png, =, Execute_Flag=Y, TC_ID=Book a consultation through Audio, Waiting Room and File, Script_name=BookConsultation_Waiting_File_Audio, Username=matamjaswanth@gmail.com, BookConsultation_Screen_Title=DocOnline, Order_Set=1.0, Notes=, Password=Doconline@123}]]>
              </value>
            </param>
          </params>
          <reporter-output>
          </reporter-output>
        </test-method> <!-- testUser_BookConsultation_waiting_file_audio -->
        <test-method status="PASS" signature="testUser_BookConsultation_schedule_file_note_audio(java.util.Map)[pri:0, instance:Scenario_Component.Scenario_BookConsultation_Functionality@71318ec4]" name="testUser_BookConsultation_schedule_file_note_audio" duration-ms="125870" started-at="2019-04-23T12:11:15Z" data-provider="dp_BookConsultation_schedule_file_note_audio" finished-at="2019-04-23T12:13:21Z">
          <params>
            <param index="0">
              <value>
                <![CDATA[{Path=/Users/doconline_testing/Desktop/Web/bullet_point.png, =, Execute_Flag=Y, TC_ID=Book a consultation through Audio, File, Note & scheduling , Script_name=BookConsultation_Schedule_File_Note_Audio, Username=matamjaswanth@gmail.com, BookConsultation_Screen_Title=DocOnline, Order_Set=1.0, Notes=Test [Note, File, Audio, Schedule], Password=Doconline@123}]]>
              </value>
            </param>
          </params>
          <reporter-output>
          </reporter-output>
        </test-method> <!-- testUser_BookConsultation_schedule_file_note_audio -->
        <test-method status="PASS" signature="testUser_BookConsultation_waiting_note_file_audio(java.util.Map)[pri:0, instance:Scenario_Component.Scenario_BookConsultation_Functionality@71318ec4]" name="testUser_BookConsultation_waiting_note_file_audio" duration-ms="129973" started-at="2019-04-23T12:13:21Z" data-provider="dp_BookConsultation_waiting_file_note_audio" finished-at="2019-04-23T12:15:31Z">
          <params>
            <param index="0">
              <value>
                <![CDATA[{Path=/Users/doconline_testing/Desktop/Web/bullet_point.png, =, Execute_Flag=Y, TC_ID=Book a consultation through Audio, File, Note & Waiting Room, Script_name=BookConsultation_Waiting_File_Note_Audio, Username=matamjaswanth@gmail.com, BookConsultation_Screen_Title=DocOnline, Order_Set=1.0, Notes=Test [Note, File, Audio, Waiting], Password=Doconline@123}]]>
              </value>
            </param>
          </params>
          <reporter-output>
          </reporter-output>
        </test-method> <!-- testUser_BookConsultation_waiting_note_file_audio -->
        <test-method status="PASS" signature="testUser_BookConsultation_schedule_telephone_audio(java.util.Map)[pri:0, instance:Scenario_Component.Scenario_BookConsultation_Functionality@71318ec4]" name="testUser_BookConsultation_schedule_telephone_audio" duration-ms="132926" started-at="2019-04-23T12:15:31Z" data-provider="dp_BookConsultation_schedule_Telephone_audio" finished-at="2019-04-23T12:17:44Z">
          <params>
            <param index="0">
              <value>
                <![CDATA[{Path=, =, Execute_Flag=Y, TC_ID=Book a consultation through Audio, Telephone & Schedule, Script_name=BookConsultation_Schedule_Audio_Telephone, Username=matamjaswanth@gmail.com, BookConsultation_Screen_Title=DocOnline, Order_Set=1.0, Notes=, Password=Doconline@123}]]>
              </value>
            </param>
          </params>
          <reporter-output>
          </reporter-output>
        </test-method> <!-- testUser_BookConsultation_schedule_telephone_audio -->
        <test-method status="PASS" signature="testUser_BookConsultation_waiting_telephone_audio(java.util.Map)[pri:0, instance:Scenario_Component.Scenario_BookConsultation_Functionality@71318ec4]" name="testUser_BookConsultation_waiting_telephone_audio" duration-ms="122170" started-at="2019-04-23T12:17:44Z" data-provider="dp_BookConsultation_waiting_Telephone_audio" finished-at="2019-04-23T12:19:46Z">
          <params>
            <param index="0">
              <value>
                <![CDATA[{Path=, =, Execute_Flag=Y, TC_ID=Book a consultation through Audio, Telephone & Waiting Room, Script_name=BookConsultation_Waiting_Audio_Telephone, Username=matamjaswanth@gmail.com, BookConsultation_Screen_Title=DocOnline, Order_Set=1.0, Notes=, Password=Doconline@123}]]>
              </value>
            </param>
          </params>
          <reporter-output>
          </reporter-output>
        </test-method> <!-- testUser_BookConsultation_waiting_telephone_audio -->
        <test-method status="PASS" signature="testUser_BookConsultation_schedule_telephone_audio_notes(java.util.Map)[pri:0, instance:Scenario_Component.Scenario_BookConsultation_Functionality@71318ec4]" name="testUser_BookConsultation_schedule_telephone_audio_notes" duration-ms="130409" started-at="2019-04-23T12:19:47Z" data-provider="dp_BookConsultation_schedule_Telephone_audio_notes" finished-at="2019-04-23T12:21:57Z">
          <params>
            <param index="0">
              <value>
                <![CDATA[{Path=, =, Execute_Flag=Y, TC_ID=Book a consultation through Audio, Telephone, Notes & Schedule, Script_name=BookConsultation_Schedule_Audio_Telephone_Notes, Username=matamjaswanth@gmail.com, BookConsultation_Screen_Title=DocOnline, Order_Set=1.0, Notes=Test with Schedule, Telephone and Notes, Password=Doconline@123}]]>
              </value>
            </param>
          </params>
          <reporter-output>
          </reporter-output>
        </test-method> <!-- testUser_BookConsultation_schedule_telephone_audio_notes -->
        <test-method status="PASS" signature="testUser_BookConsultation_waiting_telephone_audio_Notes(java.util.Map)[pri:0, instance:Scenario_Component.Scenario_BookConsultation_Functionality@71318ec4]" name="testUser_BookConsultation_waiting_telephone_audio_Notes" duration-ms="136116" started-at="2019-04-23T12:21:57Z" data-provider="dp_BookConsultation_waiting_Telephone_audio_Notes" finished-at="2019-04-23T12:24:13Z">
          <params>
            <param index="0">
              <value>
                <![CDATA[{Path=, =, Execute_Flag=Y, TC_ID=Book a consultation through Audio, Telephone, Notes & Waiting Room, Script_name=BookConsultation_Waiting_Audio_Telephone_Notes, Username=matamjaswanth@gmail.com, BookConsultation_Screen_Title=DocOnline, Order_Set=1.0, Notes=Test with Waiting, Telephone and Notes, Password=Doconline@123}]]>
              </value>
            </param>
          </params>
          <reporter-output>
          </reporter-output>
        </test-method> <!-- testUser_BookConsultation_waiting_telephone_audio_Notes -->
        <test-method status="PASS" signature="testUser_BookConsultation_schedule_telephone_audio_upload(java.util.Map)[pri:0, instance:Scenario_Component.Scenario_BookConsultation_Functionality@71318ec4]" name="testUser_BookConsultation_schedule_telephone_audio_upload" duration-ms="123301" started-at="2019-04-23T12:24:13Z" data-provider="dp_BookConsultation_schedule_Telephone_audio_upload" finished-at="2019-04-23T12:26:16Z">
          <params>
            <param index="0">
              <value>
                <![CDATA[{Path=/Users/doconline_testing/Desktop/Web/bullet_point.png, =, Execute_Flag=Y, TC_ID=Book a consultation through Audio, Telephone, File & Schedule, Script_name=BookConsultation_Schedule_Audio_Telephone_File, Username=matamjaswanth@gmail.com, BookConsultation_Screen_Title=DocOnline, Order_Set=1.0, Notes=, Password=Doconline@123}]]>
              </value>
            </param>
          </params>
          <reporter-output>
          </reporter-output>
        </test-method> <!-- testUser_BookConsultation_schedule_telephone_audio_upload -->
        <test-method status="PASS" signature="testUser_BookConsultation_waiting_telephone_audio_File(java.util.Map)[pri:0, instance:Scenario_Component.Scenario_BookConsultation_Functionality@71318ec4]" name="testUser_BookConsultation_waiting_telephone_audio_File" duration-ms="127575" started-at="2019-04-23T12:26:16Z" data-provider="dp_BookConsultation_waiting_Telephone_audio_File" finished-at="2019-04-23T12:28:24Z">
          <params>
            <param index="0">
              <value>
                <![CDATA[{Path=/Users/doconline_testing/Desktop/Web/bullet_point.png, =, Execute_Flag=Y, TC_ID=Book a consultation through Audio, Telephone, File & Waiting Room, Script_name=BookConsultation_Waiting_Audio_Telephone_File, Username=matamjaswanth@gmail.com, BookConsultation_Screen_Title=DocOnline, Order_Set=1.0, Notes=, Password=Doconline@123}]]>
              </value>
            </param>
          </params>
          <reporter-output>
          </reporter-output>
        </test-method> <!-- testUser_BookConsultation_waiting_telephone_audio_File -->
        <test-method status="PASS" signature="testUser_BookConsultation_schedule_telephone_audio_upload_notes(java.util.Map)[pri:0, instance:Scenario_Component.Scenario_BookConsultation_Functionality@71318ec4]" name="testUser_BookConsultation_schedule_telephone_audio_upload_notes" duration-ms="138329" started-at="2019-04-23T12:28:24Z" data-provider="dp_BookConsultation_schedule_Telephone_audio_upload_notes" finished-at="2019-04-23T12:30:42Z">
          <params>
            <param index="0">
              <value>
                <![CDATA[{Path=/Users/doconline_testing/Desktop/Web/bullet_point.png, =, Execute_Flag=Y, TC_ID=Book a consultation through Audio, Telephone, File, Note & Schedule, Script_name=BookConsultation_Schedule_Audio_Telephone_File_Note, Username=matamjaswanth@gmail.com, BookConsultation_Screen_Title=DocOnline, Order_Set=1.0, Notes=Test with Schedule, Telephone, File and Notes, Password=Doconline@123}]]>
              </value>
            </param>
          </params>
          <reporter-output>
          </reporter-output>
        </test-method> <!-- testUser_BookConsultation_schedule_telephone_audio_upload_notes -->
        <test-method status="PASS" signature="testUser_BookConsultation_waiting_telephone_audio_File_Note(java.util.Map)[pri:0, instance:Scenario_Component.Scenario_BookConsultation_Functionality@71318ec4]" name="testUser_BookConsultation_waiting_telephone_audio_File_Note" duration-ms="149682" started-at="2019-04-23T12:30:42Z" data-provider="dp_BookConsultation_waiting_Telephone_audio_File_Note" finished-at="2019-04-23T12:33:12Z">
          <params>
            <param index="0">
              <value>
                <![CDATA[{Path=/Users/doconline_testing/Desktop/Web/bullet_point.png, =, Execute_Flag=Y, TC_ID=Book a consultation through Audio, Telephone, File, Note & Waiting, Script_name=BookConsultation_Waiting_Audio_Telephone_File_Note, Username=matamjaswanth@gmail.com, BookConsultation_Screen_Title=DocOnline, Order_Set=1.0, Notes=Test with Waiting, Telephone, File and Notes, Password=Doconline@123}]]>
              </value>
            </param>
          </params>
          <reporter-output>
          </reporter-output>
        </test-method> <!-- testUser_BookConsultation_waiting_telephone_audio_File_Note -->
        <test-method status="PASS" signature="testUser_BookConsultation_schedule_video_lang(java.util.Map)[pri:0, instance:Scenario_Component.Scenario_BookConsultation_Functionality@71318ec4]" name="testUser_BookConsultation_schedule_video_lang" duration-ms="142653" started-at="2019-04-23T12:33:12Z" data-provider="dp_BookConsultation_schedule_video_lang" finished-at="2019-04-23T12:35:35Z">
          <params>
            <param index="0">
              <value>
                <![CDATA[{Path=, =, Execute_Flag=Y, TC_ID=Book a consultation through Video, Language & Schedule, Script_name=BookConsultation_Schedule_Language, Username=matamjaswanth@gmail.com, BookConsultation_Screen_Title=DocOnline, Order_Set=1.0, Notes=, Password=Doconline@123}]]>
              </value>
            </param>
          </params>
          <reporter-output>
          </reporter-output>
        </test-method> <!-- testUser_BookConsultation_schedule_video_lang -->
        <test-method status="PASS" signature="testUser_BookConsultation_waiting_video_lang(java.util.Map)[pri:0, instance:Scenario_Component.Scenario_BookConsultation_Functionality@71318ec4]" name="testUser_BookConsultation_waiting_video_lang" duration-ms="135614" started-at="2019-04-23T12:35:35Z" data-provider="dp_BookConsultation_waiting_video_lang" finished-at="2019-04-23T12:37:51Z">
          <params>
            <param index="0">
              <value>
                <![CDATA[{Path=, =, Execute_Flag=Y, TC_ID=Book a consultation through Video, Language & Waiting, Script_name=BookConsultation_Waiting_Language, Username=matamjaswanth@gmail.com, BookConsultation_Screen_Title=DocOnline, Order_Set=1.0, Notes=, Password=Doconline@123}]]>
              </value>
            </param>
          </params>
          <reporter-output>
          </reporter-output>
        </test-method> <!-- testUser_BookConsultation_waiting_video_lang -->
        <test-method status="PASS" signature="testUser_BookConsultation_schedule_video_lang_note(java.util.Map)[pri:0, instance:Scenario_Component.Scenario_BookConsultation_Functionality@71318ec4]" name="testUser_BookConsultation_schedule_video_lang_note" duration-ms="152135" started-at="2019-04-23T12:37:51Z" data-provider="dp_BookConsultation_schedule_video_lang_note" finished-at="2019-04-23T12:40:23Z">
          <params>
            <param index="0">
              <value>
                <![CDATA[{Path=, =, Execute_Flag=Y, TC_ID=Book a consultation through Video, Language, Note & Schedule, Script_name=BookConsultation_Schedule_Language_Note, Username=matamjaswanth@gmail.com, BookConsultation_Screen_Title=DocOnline, Order_Set=1.0, Notes=Test with Note and Language by scheduling, Password=Doconline@123}]]>
              </value>
            </param>
          </params>
          <reporter-output>
          </reporter-output>
        </test-method> <!-- testUser_BookConsultation_schedule_video_lang_note -->
        <test-method status="PASS" signature="testUser_BookConsultation_waiting_video_lang_note(java.util.Map)[pri:0, instance:Scenario_Component.Scenario_BookConsultation_Functionality@71318ec4]" name="testUser_BookConsultation_waiting_video_lang_note" duration-ms="144741" started-at="2019-04-23T12:40:23Z" data-provider="dp_BookConsultation_waiting_video_lang_note" finished-at="2019-04-23T12:42:47Z">
          <params>
            <param index="0">
              <value>
                <![CDATA[{Path=, =, Execute_Flag=Y, TC_ID=Book a consultation through Video, Language, Note & Waiting, Script_name=BookConsultation_Waiting_Language_Note, Username=matamjaswanth@gmail.com, BookConsultation_Screen_Title=DocOnline, Order_Set=1.0, Notes=Test with Note and Language by Waiting, Password=Doconline@123}]]>
              </value>
            </param>
          </params>
          <reporter-output>
          </reporter-output>
        </test-method> <!-- testUser_BookConsultation_waiting_video_lang_note -->
        <test-method status="PASS" signature="testUser_BookConsultation_schedule_video_lang_file(java.util.Map)[pri:0, instance:Scenario_Component.Scenario_BookConsultation_Functionality@71318ec4]" name="testUser_BookConsultation_schedule_video_lang_file" duration-ms="151590" started-at="2019-04-23T12:42:48Z" data-provider="dp_BookConsultation_schedule_video_lang_file" finished-at="2019-04-23T12:45:19Z">
          <params>
            <param index="0">
              <value>
                <![CDATA[{Path=/Users/doconline_testing/Desktop/Web/bullet_point.png, =, Execute_Flag=Y, TC_ID=Book a consultation through Video, Language, Upload & Schedule, Script_name=BookConsultation_Schedule_Language_File, Username=matamjaswanth@gmail.com, BookConsultation_Screen_Title=DocOnline, Order_Set=1.0, Notes=, Password=Doconline@123}]]>
              </value>
            </param>
          </params>
          <reporter-output>
          </reporter-output>
        </test-method> <!-- testUser_BookConsultation_schedule_video_lang_file -->
        <test-method status="PASS" signature="testUser_BookConsultation_waiting_video_lang_file(java.util.Map)[pri:0, instance:Scenario_Component.Scenario_BookConsultation_Functionality@71318ec4]" name="testUser_BookConsultation_waiting_video_lang_file" duration-ms="140417" started-at="2019-04-23T12:45:19Z" data-provider="dp_BookConsultation_waiting_video_lang_file" finished-at="2019-04-23T12:47:40Z">
          <params>
            <param index="0">
              <value>
                <![CDATA[{Path=/Users/doconline_testing/Desktop/Web/bullet_point.png, =, Execute_Flag=Y, TC_ID=Book a consultation through Video, Language, Upload  & Waiting, Script_name=BookConsultation_Waiting_Language_File, Username=matamjaswanth@gmail.com, BookConsultation_Screen_Title=DocOnline, Order_Set=1.0, Notes=, Password=Doconline@123}]]>
              </value>
            </param>
          </params>
          <reporter-output>
          </reporter-output>
        </test-method> <!-- testUser_BookConsultation_waiting_video_lang_file -->
        <test-method status="PASS" signature="testUser_BookConsultation_schedule_video_lang_file_note(java.util.Map)[pri:0, instance:Scenario_Component.Scenario_BookConsultation_Functionality@71318ec4]" name="testUser_BookConsultation_schedule_video_lang_file_note" duration-ms="157813" started-at="2019-04-23T12:47:40Z" data-provider="dp_BookConsultation_schedule_video_lang_file_note" finished-at="2019-04-23T12:50:17Z">
          <params>
            <param index="0">
              <value>
                <![CDATA[{Path=/Users/doconline_testing/Desktop/Web/bullet_point.png, =, Execute_Flag=Y, TC_ID=Book a consultation through Video, Language, Upload, Note & Schedule, Script_name=BookConsultation_Schedule_Language_File_Note, Username=matamjaswanth@gmail.com, BookConsultation_Screen_Title=DocOnline, Order_Set=1.0, Notes=Test with File, Note and Language by scheduling, Password=Doconline@123}]]>
              </value>
            </param>
          </params>
          <reporter-output>
          </reporter-output>
        </test-method> <!-- testUser_BookConsultation_schedule_video_lang_file_note -->
        <test-method status="PASS" signature="testUser_BookConsultation_waiting_video_lang_file_note(java.util.Map)[pri:0, instance:Scenario_Component.Scenario_BookConsultation_Functionality@71318ec4]" name="testUser_BookConsultation_waiting_video_lang_file_note" duration-ms="153081" started-at="2019-04-23T12:50:18Z" data-provider="dp_BookConsultation_waiting_video_lang_file_note" finished-at="2019-04-23T12:52:51Z">
          <params>
            <param index="0">
              <value>
[...]
              </value>
            </param>
          </params>
          <reporter-output>
          </reporter-output>
        </test-method> <!-- testUser_BookConsultation_schedule_audio_allow_doctor -->
        <test-method status="PASS" signature="testUser_BookConsultation_waiting_audio_allow_doctor(java.util.Map)[pri:0, instance:Scenario_Component.Scenario_BookConsultation_Functionality@71318ec4]" name="testUser_BookConsultation_waiting_audio_allow_doctor" duration-ms="148272" started-at="2019-04-23T14:01:30Z" data-provider="dp_BookConsultation_waiting_audio_allow_doctor" finished-at="2019-04-23T14:03:59Z">
          <params>
            <param index="0">
              <value>
                <![CDATA[{Path=, =, Execute_Flag=Y, TC_ID=Book a consultation through Audio, Allow doctor & Waiting, Script_name=BookConsultation_Audio_Waiting_Allowdoctor, Username=matamjaswanth@gmail.com, BookConsultation_Screen_Title=DocOnline, Order_Set=1.0, Notes=, Password=Doconline@123}]]>
              </value>
            </param>
          </params>
          <reporter-output>
          </reporter-output>
        </test-method> <!-- testUser_BookConsultation_waiting_audio_allow_doctor -->
        <test-method status="PASS" signature="testUser_BookConsultation_schedule_audio_allow_doctor_note(java.util.Map)[pri:0, instance:Scenario_Component.Scenario_BookConsultation_Functionality@71318ec4]" name="testUser_BookConsultation_schedule_audio_allow_doctor_note" duration-ms="152910" started-at="2019-04-23T14:03:59Z" data-provider="dp_BookConsultation_schedule_audio_allow_doctor_note" finished-at="2019-04-23T14:06:32Z">
          <params>
            <param index="0">
              <value>
                <![CDATA[{Path=, =, Execute_Flag=Y, TC_ID=Book a consultation through Audio, Allow doctor, Note & Schedule, Script_name=BookConsultation_Audio_Schedule_Allowdoctor_Note, Username=matamjaswanth@gmail.com, BookConsultation_Screen_Title=DocOnline, Order_Set=1.0, Notes=Test with [Audio, Schedule, Allow Doctor, Note], Password=Doconline@123}]]>
              </value>
            </param>
          </params>
          <reporter-output>
          </reporter-output>
        </test-method> <!-- testUser_BookConsultation_schedule_audio_allow_doctor_note -->
        <test-method status="PASS" signature="testUser_BookConsultation_waiting_audio_allow_doctor_note(java.util.Map)[pri:0, instance:Scenario_Component.Scenario_BookConsultation_Functionality@71318ec4]" name="testUser_BookConsultation_waiting_audio_allow_doctor_note" duration-ms="154891" started-at="2019-04-23T14:06:32Z" data-provider="dp_BookConsultation_waiting_audio_allow_doctor_note" finished-at="2019-04-23T14:09:07Z">
          <params>
            <param index="0">
              <value>
                <![CDATA[{Path=, =, Execute_Flag=Y, TC_ID=Book a consultation through Audio,Allow doctor, Note  & Waiting, Script_name=BookConsultation_Audio_Waiting_Allowdoctor_Note, Username=matamjaswanth@gmail.com, BookConsultation_Screen_Title=DocOnline, Order_Set=1.0, Notes=Test with [Audio, Waiting, Allow Doctor, Note], Password=Doconline@123}]]>
              </value>
            </param>
          </params>
          <reporter-output>
          </reporter-output>
        </test-method> <!-- testUser_BookConsultation_waiting_audio_allow_doctor_note -->
        <test-method status="PASS" signature="testUser_BookConsultation_schedule_audio_allow_doctor_file(java.util.Map)[pri:0, instance:Scenario_Component.Scenario_BookConsultation_Functionality@71318ec4]" name="testUser_BookConsultation_schedule_audio_allow_doctor_file" duration-ms="158172" started-at="2019-04-23T14:09:07Z" data-provider="dp_BookConsultation_schedule_audio_allow_doctor_file" finished-at="2019-04-23T14:11:45Z">
          <params>
            <param index="0">
              <value>
                <![CDATA[{Path=/Users/doconline_testing/Desktop/Web/bullet_point.png, =, Execute_Flag=Y, TC_ID=Book a consultation through Audio, Allow doctor, Upload & Schedule, Script_name=BookConsultation_Audio_Schedule_Allowdoctor_File, Username=matamjaswanth@gmail.com, BookConsultation_Screen_Title=DocOnline, Order_Set=1.0, Notes=, Password=Doconline@123}]]>
              </value>
            </param>
          </params>
          <reporter-output>
          </reporter-output>
        </test-method> <!-- testUser_BookConsultation_schedule_audio_allow_doctor_file -->
        <test-method status="PASS" signature="testUser_BookConsultation_waiting_audio_allow_doctor_file(java.util.Map)[pri:0, instance:Scenario_Component.Scenario_BookConsultation_Functionality@71318ec4]" name="testUser_BookConsultation_waiting_audio_allow_doctor_file" duration-ms="152082" started-at="2019-04-23T14:11:45Z" data-provider="dp_BookConsultation_waiting_audio_allow_doctor_file" finished-at="2019-04-23T14:14:17Z">
          <params>
            <param index="0">
              <value>
                <![CDATA[{Path=/Users/doconline_testing/Desktop/Web/bullet_point.png, =, Execute_Flag=Y, TC_ID=Book a consultation through Audio, Allow doctor, Upload  & Waiting, Script_name=BookConsultation_Audio_Waiting_Allowdoctor_File, Username=matamjaswanth@gmail.com, BookConsultation_Screen_Title=DocOnline, Order_Set=1.0, Notes=, Password=Doconline@123}]]>
              </value>
            </param>
          </params>
          <reporter-output>
          </reporter-output>
        </test-method> <!-- testUser_BookConsultation_waiting_audio_allow_doctor_file -->
        <test-method status="PASS" signature="testUser_BookConsultation_schedule_audio_allow_doctor_file_note(java.util.Map)[pri:0, instance:Scenario_Component.Scenario_BookConsultation_Functionality@71318ec4]" name="testUser_BookConsultation_schedule_audio_allow_doctor_file_note" duration-ms="166718" started-at="2019-04-23T14:14:17Z" data-provider="dp_BookConsultation_schedule_audio_allow_doctor_file_note" finished-at="2019-04-23T14:17:04Z">
          <params>
            <param index="0">
              <value>
                <![CDATA[{Path=/Users/doconline_testing/Desktop/Web/bullet_point.png, =, Execute_Flag=Y, TC_ID=Book a consultation through Audio, Allow doctor, Upload, Note & Schedule, Script_name=BookConsultation_Audio_Schedule_Allowdoctor_File_Note, Username=matamjaswanth@gmail.com, BookConsultation_Screen_Title=DocOnline, Order_Set=1.0, Notes=Test with [Audio, Schedule, Allow Doctor, Note, File], Password=Doconline@123}]]>
              </value>
            </param>
          </params>
          <reporter-output>
          </reporter-output>
        </test-method> <!-- testUser_BookConsultation_schedule_audio_allow_doctor_file_note -->
        <test-method status="PASS" signature="testUser_BookConsultation_waiting_audio_allow_doctor_file_note(java.util.Map)[pri:0, instance:Scenario_Component.Scenario_BookConsultation_Functionality@71318ec4]" name="testUser_BookConsultation_waiting_audio_allow_doctor_file_note" duration-ms="157649" started-at="2019-04-23T14:17:04Z" data-provider="dp_BookConsultation_waiting_audio_allow_doctor_file_note" finished-at="2019-04-23T14:19:41Z">
          <params>
            <param index="0">
              <value>
                <![CDATA[{Path=/Users/doconline_testing/Desktop/Web/bullet_point.png, =, Execute_Flag=Y, TC_ID=Book a consultation through Audio, Allow doctor, Upload, Note  & Waiting, Script_name=BookConsultation_Audio_Waiting_Allowdoctor_File_Note, Username=matamjaswanth@gmail.com, BookConsultation_Screen_Title=DocOnline, Order_Set=1.0, Notes=Test with [Audio, Waiting, Allow Doctor, Note, File], Password=Doconline@123}]]>
              </value>
            </param>
          </params>
          <reporter-output>
          </reporter-output>
        </test-method> <!-- testUser_BookConsultation_waiting_audio_allow_doctor_file_note -->
        <test-method status="PASS" signature="testUser_BookConsultation_schedule_audio_telephone_allow_doctor(java.util.Map)[pri:0, instance:Scenario_Component.Scenario_BookConsultation_Functionality@71318ec4]" name="testUser_BookConsultation_schedule_audio_telephone_allow_doctor" duration-ms="144750" started-at="2019-04-23T14:19:41Z" data-provider="dp_BookConsultation_schedule_audio_telephone_allow_doctor" finished-at="2019-04-23T14:22:06Z">
          <params>
            <param index="0">
              <value>
                <![CDATA[{Path=, =, Execute_Flag=Y, TC_ID=Book a consultation through Audio, Telephone, Allow doctor & Schedule, Script_name=BookConsultation_Schedule_Audio_Telephone_Allowdoctor, Username=matamjaswanth@gmail.com, BookConsultation_Screen_Title=DocOnline, Order_Set=1.0, Notes=, Password=Doconline@123}]]>
              </value>
            </param>
          </params>
          <reporter-output>
          </reporter-output>
        </test-method> <!-- testUser_BookConsultation_schedule_audio_telephone_allow_doctor -->
        <test-method status="PASS" signature="testUser_BookConsultation_waiting_audio_telephone_allow_doctor(java.util.Map)[pri:0, instance:Scenario_Component.Scenario_BookConsultation_Functionality@71318ec4]" name="testUser_BookConsultation_waiting_audio_telephone_allow_doctor" duration-ms="143746" started-at="2019-04-23T14:22:06Z" data-provider="dp_BookConsultation_waiting_audio_telephone_allow_doctor" finished-at="2019-04-23T14:24:30Z">
          <params>
            <param index="0">
              <value>
                <![CDATA[{Path=, =, Execute_Flag=Y, TC_ID=Book a consultation through Audio, Telephone, Allow doctor & Waiting, Script_name=BookConsultation_Waiting_Audio_Telephone_Allowdoctor, Username=matamjaswanth@gmail.com, BookConsultation_Screen_Title=DocOnline, Order_Set=1.0, Notes=, Password=Doconline@123}]]>
              </value>
            </param>
          </params>
          <reporter-output>
          </reporter-output>
        </test-method> <!-- testUser_BookConsultation_waiting_audio_telephone_allow_doctor -->
        <test-method status="PASS" signature="testUser_BookConsultation_schedule_audio_telephone_allow_doctor_note(java.util.Map)[pri:0, instance:Scenario_Component.Scenario_BookConsultation_Functionality@71318ec4]" name="testUser_BookConsultation_schedule_audio_telephone_allow_doctor_note" duration-ms="162933" started-at="2019-04-23T14:24:30Z" data-provider="dp_BookConsultation_schedule_audio_telephone_allow_doctor_note" finished-at="2019-04-23T14:27:13Z">
          <params>
            <param index="0">
              <value>
                <![CDATA[{Path=, =, Execute_Flag=Y, TC_ID=Book a consultation through Audio, Telephone, Allow doctor, Note & Schedule, Script_name=BookConsultation_Audio_Telephone_Schedule_Allowdoctor_Note, Username=matamjaswanth@gmail.com, BookConsultation_Screen_Title=DocOnline, Order_Set=1.0, Notes=Test with [Audio, Telephone, Schedule, Allow Doctor, Note], Password=Doconline@123}]]>
              </value>
            </param>
          </params>
          <reporter-output>
          </reporter-output>
        </test-method> <!-- testUser_BookConsultation_schedule_audio_telephone_allow_doctor_note -->
        <test-method status="PASS" signature="testUser_BookConsultation_waiting_audio_telephone_allow_doctor_note(java.util.Map)[pri:0, instance:Scenario_Component.Scenario_BookConsultation_Functionality@71318ec4]" name="testUser_BookConsultation_waiting_audio_telephone_allow_doctor_note" duration-ms="155499" started-at="2019-04-23T14:27:13Z" data-provider="dp_BookConsultation_waiting_audio_telephone_allow_doctor_note" finished-at="2019-04-23T14:29:49Z">
          <params>
            <param index="0">
              <value>
                <![CDATA[{Path=, =, Execute_Flag=Y, TC_ID=Book a consultation through Audio, Telephone, Allow doctor, Note & Waiting, Script_name=BookConsultation_Audio_Telephone_Waiting_Allowdoctor_Note, Username=matamjaswanth@gmail.com, BookConsultation_Screen_Title=DocOnline, Order_Set=1.0, Notes=Test with [Audio, Telephone, Waiting, Allow Doctor, Note], Password=Doconline@123}]]>
              </value>
            </param>
          </params>
          <reporter-output>
          </reporter-output>
        </test-method> <!-- testUser_BookConsultation_waiting_audio_telephone_allow_doctor_note -->
        <test-method status="PASS" signature="testUser_BookConsultation_schedule_audio_telephone_allow_doctor_file(java.util.Map)[pri:0, instance:Scenario_Component.Scenario_BookConsultation_Functionality@71318ec4]" name="testUser_BookConsultation_schedule_audio_telephone_allow_doctor_file" duration-ms="155635" started-at="2019-04-23T14:29:49Z" data-provider="dp_BookConsultation_schedule_audio_telephone_allow_doctor_file" finished-at="2019-04-23T14:32:24Z">
          <params>
            <param index="0">
              <value>
                <![CDATA[{Path=/Users/doconline_testing/Desktop/Web/bullet_point.png, =, Execute_Flag=Y, TC_ID=Book a consultation through Audio, Telephone, Allow doctor, Upload & Schedule, Script_name=BookConsultation_Audio_Telephone_Schedule_Allowdoctor_File, Username=matamjaswanth@gmail.com, BookConsultation_Screen_Title=DocOnline, Order_Set=1.0, Notes=, Password=Doconline@123}]]>
              </value>
            </param>
          </params>
          <reporter-output>
          </reporter-output>
        </test-method> <!-- testUser_BookConsultation_schedule_audio_telephone_allow_doctor_file -->
        <test-method status="PASS" signature="testUser_BookConsultation_waiting_audio_telephone_allow_doctor_file(java.util.Map)[pri:0, instance:Scenario_Component.Scenario_BookConsultation_Functionality@71318ec4]" name="testUser_BookConsultation_waiting_audio_telephone_allow_doctor_file" duration-ms="149618" started-at="2019-04-23T14:32:24Z" data-provider="dp_BookConsultation_waiting_audio_telephone_allow_doctor_file" finished-at="2019-04-23T14:34:54Z">
          <params>
            <param index="0">
              <value>
                <![CDATA[{Path=/Users/doconline_testing/Desktop/Web/bullet_point.png, =, Execute_Flag=Y, TC_ID=Book a consultation through Audio, Telephone, Allow doctor, Upload & Waiting, Script_name=BookConsultation_Audio_Telephone_Waiting_Allowdoctor_File, Username=matamjaswanth@gmail.com, BookConsultation_Screen_Title=DocOnline, Order_Set=1.0, Notes=, Password=Doconline@123}]]>
              </value>
            </param>
          </params>
          <reporter-output>
          </reporter-output>
        </test-method> <!-- testUser_BookConsultation_waiting_audio_telephone_allow_doctor_file -->
        <test-method status="PASS" signature="testUser_BookConsultation_schedule_audio_telephone_allow_doctor_file_note(java.util.Map)[pri:0, instance:Scenario_Component.Scenario_BookConsultation_Functionality@71318ec4]" name="testUser_BookConsultation_schedule_audio_telephone_allow_doctor_file_note" duration-ms="154506" started-at="2019-04-23T14:34:54Z" data-provider="dp_BookConsultation_schedule_audio_telephone_allow_doctor_file_note" finished-at="2019-04-23T14:37:29Z">
          <params>
            <param index="0">
              <value>
                <![CDATA[{Path=/Users/doconline_testing/Desktop/Web/bullet_point.png, =, Execute_Flag=Y, TC_ID=Book a consultation through Audio, Telephone, Allow doctor, Upload, Note & Schedule, Script_name=BookConsultation_Audio_Telephone_Schedule_Allowdoctor_File_Note, Username=matamjaswanth@gmail.com, BookConsultation_Screen_Title=DocOnline, Order_Set=1.0, Notes=Test with [Audio, Telephone, Schedule, Allow Doctor, Note, File], Password=Doconline@123}]]>
              </value>
            </param>
          </params>
          <reporter-output>
          </reporter-output>
        </test-method> <!-- testUser_BookConsultation_schedule_audio_telephone_allow_doctor_file_note -->
        <test-method status="PASS" signature="testUser_BookConsultation_waiting_audio_telephone_allow_doctor_file_note(java.util.Map)[pri:0, instance:Scenario_Component.Scenario_BookConsultation_Functionality@71318ec4]" name="testUser_BookConsultation_waiting_audio_telephone_allow_doctor_file_note" duration-ms="162049" started-at="2019-04-23T14:37:29Z" data-provider="dp_BookConsultation_waiting_audio_telephone_allow_doctor_file_note" finished-at="2019-04-23T14:40:11Z">
          <params>
            <param index="0">
              <value>
                <![CDATA[{Path=/Users/doconline_testing/Desktop/Web/bullet_point.png, =, Execute_Flag=Y, TC_ID=Book a consultation through Audio, Telephone, Allow doctor, Upload, Note  & Waiting, Script_name=BookConsultation_Audio_Telephone_Waiting_Allowdoctor_File_Note, Username=matamjaswanth@gmail.com, BookConsultation_Screen_Title=DocOnline, Order_Set=1.0, Notes=Test with [Audio, Telephone, waiting,  Allow Doctor, Note, File], Password=Doconline@123}]]>
              </value>
            </param>
          </params>
          <reporter-output>
          </reporter-output>
        </test-method> <!-- testUser_BookConsultation_waiting_audio_telephone_allow_doctor_file_note -->
      </class> <!-- Scenario_Component.Scenario_BookConsultation_Functionality -->
      <class name="Scenario_Component.Scenario_BookConsultation">
        <test-method status="PASS" signature="Report_extent()[pri:0, instance:Scenario_Component.Scenario_BookConsultation@3159c4b8]" name="Report_extent" is-config="true" duration-ms="5268" started-at="2019-04-23T11:38:03Z" finished-at="2019-04-23T11:38:09Z">
          <reporter-output>
          </reporter-output>
        </test-method> <!-- Report_extent -->
        <test-method status="PASS" signature="testUser_BookConsultation_UI(java.util.Map)[pri:0, instance:Scenario_Component.Scenario_BookConsultation@3159c4b8]" name="testUser_BookConsultation_UI" duration-ms="71139" started-at="2019-04-23T11:43:39Z" data-provider="dp_BookConsultationUI" finished-at="2019-04-23T11:44:50Z">
          <params>
            <param index="0">
              <value>
                <![CDATA[{=, Execute_Flag=Y, TC_ID=Book a Consultation Screen- Check the visibility of UI elements , Script_name=BookConsultationUI, Username=matamjaswanth@gmail.com, BookConsultation_Screen_Title=DocOnline, Order_Set=1.0, Password=Doconline@123}]]>
              </value>
            </param>
          </params>
          <reporter-output>
          </reporter-output>
        </test-method> <!-- testUser_BookConsultation_UI -->
        <test-method status="PASS" signature="quit_execution()[pri:0, instance:Scenario_Component.Scenario_BookConsultation@3159c4b8]" name="quit_execution" is-config="true" duration-ms="21423" started-at="2019-04-23T14:40:18Z" finished-at="2019-04-23T14:40:39Z">
          <reporter-output>
          </reporter-output>
        </test-method> <!-- quit_execution -->
      </class> <!-- Scenario_Component.Scenario_BookConsultation -->
      <class name="Scenario_Component.Scenario_Dashboard">
        <test-method status="PASS" signature="testUser_Dashboard_UI(java.util.Map)[pri:0, instance:Scenario_Component.Scenario_Dashboard@31610302]" name="testUser_Dashboard_UI" duration-ms="71495" started-at="2019-04-23T11:44:50Z" data-provider="dp_DashboardUI" finished-at="2019-04-23T11:46:02Z">
          <params>
            <param index="0">
              <value>
                <![CDATA[{Dashboard_Title=DocOnline, =, Execute_Flag=Y, Book_Consultation_Tile_Description=Your Time. Your Convenience.
No more waiting to visit a doctor! 
Book a Consultation as per your convenience!, TC_ID=Dashboard Screen- Check the visibility of UI elements , Script_name=DashboardUI, Username=matamjaswanth@gmail.com, Order_Set=1.0, Password=Doconline@123}]]>
              </value>
            </param>
          </params>
          <reporter-output>
          </reporter-output>
        </test-method> <!-- testUser_Dashboard_UI -->
      </class> <!-- Scenario_Component.Scenario_Dashboard -->
    </test> <!-- DocOnline Web Automation  Test Suit -->
  </suite> <!-- DocOnline Web Automation  -->
</testng-results>
