<?xml version="1.0" encoding="UTF-8"?>
<!-- Generated by org.testng.reporters.JUnitXMLReporter -->
<testsuite hostname="Doconlines-Mac-mini.local" name="DocOnline Web Automation - Test" tests="88" failures="30" timestamp="15 Apr 2019 11:53:34 GMT" time="4534.74" errors="0">
  <testcase name="testUser_Login_UI" time="16.845" classname="Scenario_Component.Scenario_Login"/>
  <testcase name="testUser_Login1_Valid" time="21.222" classname="Scenario_Component.Scenario_Login"/>
  <testcase name="testUser_Login2_Valid" time="22.56" classname="Scenario_Component.Scenario_Login"/>
  <testcase name="testUser_Login3_Valid" time="18.052" classname="Scenario_Component.Scenario_Login">
    <failure type="org.openqa.selenium.TimeoutException" message="Expected condition failed: waiting for visibility of Proxy element for: DefaultElementLocator &amp;apos;By.xpath: //div[@class=&amp;apos;user-sidebar-small&amp;apos;]//li[@id=&amp;apos;lnkUserSdbrToSettings&amp;apos;]//*[@class=&amp;apos;svg-icon svg-fill&amp;apos;]&amp;apos; (tried for 0 second(s) with 500 milliseconds interval)">
      <![CDATA[org.openqa.selenium.TimeoutException: Expected condition failed: waiting for visibility of Proxy element for: DefaultElementLocator 'By.xpath: //div[@class='user-sidebar-small']//li[@id='lnkUserSdbrToSettings']//*[@class='svg-icon svg-fill']' (tried for 0 second(s) with 500 milliseconds interval)
	at org.openqa.selenium.support.ui.WebDriverWait.timeoutException(WebDriverWait.java:81)
	at org.openqa.selenium.support.ui.FluentWait.until(FluentWait.java:271)
	at Generic_Component.Base_Class.Explicit_wait(Base_Class.java:74)
	at Scenario_Component.Scenario_Login.testUser_Login3_Valid(Scenario_Login.java:464)
Caused by: org.openqa.selenium.NoSuchElementException: no such element: Unable to locate element: {"method":"xpath","selector":"//div[@class='user-sidebar-small']//li[@id='lnkUserSdbrToSettings']//*[@class='svg-icon svg-fill']"}
  (Session info: chrome=73.0.3683.103)
  (Driver info: chromedriver=73.0.3683.20 (8e2b610813e167eee3619ac4ce6e42e3ec622017),platform=Mac OS X 10.12.6 x86_64) (WARNING: The server did not provide any stacktrace information)
Command duration or timeout: 0 milliseconds
For documentation on this error, please visit: http://seleniumhq.org/exceptions/no_such_element.html
Build info: version: '3.13.0', revision: '2f0d292', time: '2018-06-25T15:24:21.231Z'
System info: host: 'Doconlines-Mac-mini.local', ip: 'fe80:0:0:0:8ea:f825:2135:68f5%en0', os.name: 'Mac OS X', os.arch: 'x86_64', os.version: '10.12.6', java.version: '1.8.0_202'
Driver info: org.openqa.selenium.chrome.ChromeDriver
Capabilities {acceptInsecureCerts: false, acceptSslCerts: false, applicationCacheEnabled: false, browserConnectionEnabled: false, browserName: chrome, chrome: {chromedriverVersion: 73.0.3683.20 (8e2b610813e16..., userDataDir: /var/folders/2b/q7hs5rz1065...}, cssSelectorsEnabled: true, databaseEnabled: false, goog:chromeOptions: {debuggerAddress: localhost:55927}, handlesAlerts: true, hasTouchScreen: false, javascriptEnabled: true, locationContextEnabled: true, mobileEmulationEnabled: false, nativeEvents: true, networkConnectionEnabled: false, pageLoadStrategy: normal, platform: MAC, platformName: MAC, proxy: Proxy(), rotatable: false, setWindowRect: true, strictFileInteractability: false, takesHeapSnapshot: true, takesScreenshot: true, timeouts: {implicit: 0, pageLoad: 300000, script: 30000}, unexpectedAlertBehaviour: ignore, unhandledPromptBehavior: ignore, version: 73.0.3683.103, webStorageEnabled: true}
Session ID: bd959a15b834e6a68d8d3c4c6ccadc97
*** Element info: {Using=xpath, value=//div[@class='user-sidebar-small']//li[@id='lnkUserSdbrToSettings']//*[@class='svg-icon svg-fill']}
	at org.openqa.selenium.remote.ErrorHandler.createThrowable(ErrorHandler.java:214)
	at org.openqa.selenium.remote.ErrorHandler.throwIfResponseFailed(ErrorHandler.java:166)
	at org.openqa.selenium.remote.http.JsonHttpResponseCodec.reconstructValue(JsonHttpResponseCodec.java:40)
	at org.openqa.selenium.remote.http.AbstractHttpResponseCodec.decode(AbstractHttpResponseCodec.java:80)
	at org.openqa.selenium.remote.http.AbstractHttpResponseCodec.decode(AbstractHttpResponseCodec.java:44)
	at org.openqa.selenium.remote.HttpCommandExecutor.execute(HttpCommandExecutor.java:158)
	at org.openqa.selenium.remote.service.DriverCommandExecutor.execute(DriverCommandExecutor.java:83)
	at org.openqa.selenium.remote.RemoteWebDriver.execute(RemoteWebDriver.java:548)
	at org.openqa.selenium.remote.RemoteWebDriver.findElement(RemoteWebDriver.java:322)
	at org.openqa.selenium.remote.RemoteWebDriver.findElementByXPath(RemoteWebDriver.java:424)
	at org.openqa.selenium.By$ByXPath.findElement(By.java:353)
	at org.openqa.selenium.remote.RemoteWebDriver.findElement(RemoteWebDriver.java:314)
	at org.openqa.selenium.support.pagefactory.DefaultElementLocator.findElement(DefaultElementLocator.java:69)
	at org.openqa.selenium.support.pagefactory.internal.LocatingElementHandler.invoke(LocatingElementHandler.java:38)
	at com.sun.proxy.$Proxy10.isDisplayed(Unknown Source)
	at org.openqa.selenium.support.ui.ExpectedConditions.elementIfVisible(ExpectedConditions.java:315)
	at org.openqa.selenium.support.ui.ExpectedConditions.access$100(ExpectedConditions.java:44)
	at org.openqa.selenium.support.ui.ExpectedConditions$10.apply(ExpectedConditions.java:301)
	at org.openqa.selenium.support.ui.ExpectedConditions$10.apply(ExpectedConditions.java:298)
	at org.openqa.selenium.support.ui.FluentWait.until(FluentWait.java:248)
	... 26 more
... Removed 28 stack frames]]>
    </failure>
  </testcase> <!-- testUser_Login3_Valid -->
  <testcase name="testUser_Login_InValid" time="19.88" classname="Scenario_Component.Scenario_Login"/>
  <testcase name="testUser_Login_InValid" time="22.438" classname="Scenario_Component.Scenario_Login"/>
  <testcase name="testUser_Login_InValid" time="24.338" classname="Scenario_Component.Scenario_Login"/>
  <testcase name="testUser_Login_InValid" time="28.107" classname="Scenario_Component.Scenario_Login"/>
  <testcase name="testUser_Login_InValid" time="27.804" classname="Scenario_Component.Scenario_Login"/>
  <testcase name="testUser_Login_InValid" time="27.948" classname="Scenario_Component.Scenario_Login"/>
  <testcase name="testUser_Login_InValid" time="31.27" classname="Scenario_Component.Scenario_Login"/>
  <testcase name="testUser_page_title" time="40.038" classname="Scenario_Component.Scenario_Login"/>
  <testcase name="InvalidUN_Emptypassword" time="22.813" classname="Scenario_Component.Scenario_Login"/>
  <testcase name="testUser_BookConsultation_UI" time="73.77" classname="Scenario_Component.Scenario_BookConsultation"/>
  <testcase name="testUser_Dashboard_UI" time="60.904" classname="Scenario_Component.Scenario_Dashboard"/>
  <testcase name="testurl_User" time="27.684" classname="Scenario_Component.Scenario_CheckURLs"/>
  <testcase name="testUser_BookConsultation_Functionality" time="84.141" classname="Scenario_Component.Scenario_BookConsultation_Functionality"/>
  <testcase name="testUser_BookConsultation_waitingtime" time="80.795" classname="Scenario_Component.Scenario_BookConsultation_Functionality"/>
  <testcase name="testUser_BookConsultation_waitingtime_notes" time="88.296" classname="Scenario_Component.Scenario_BookConsultation_Functionality"/>
  <testcase name="testUser_BookConsultation_schedule" time="89.261" classname="Scenario_Component.Scenario_BookConsultation_Functionality"/>
  <testcase name="testUser_BookConsultation_uploadfile" time="157.007" classname="Scenario_Component.Scenario_BookConsultation_Functionality">
    <failure type="java.lang.NullPointerException">
      <![CDATA[java.lang.NullPointerException
	at org.openqa.selenium.support.pagefactory.internal.LocatingElementHandler.invoke(LocatingElementHandler.java:51)
	at com.sun.proxy.$Proxy10.isDisplayed(Unknown Source)
	at org.openqa.selenium.support.ui.ExpectedConditions.elementIfVisible(ExpectedConditions.java:315)
	at org.openqa.selenium.support.ui.ExpectedConditions.access$100(ExpectedConditions.java:44)
	at org.openqa.selenium.support.ui.ExpectedConditions$10.apply(ExpectedConditions.java:301)
	at org.openqa.selenium.support.ui.ExpectedConditions$10.apply(ExpectedConditions.java:298)
	at org.openqa.selenium.support.ui.FluentWait.until(FluentWait.java:248)
	at Generic_Component.Base_Class.Explicit_wait(Base_Class.java:74)
	at Scenario_Component.Scenario_BookConsultation_Functionality.testUser_BookConsultation_uploadfile(Scenario_BookConsultation_Functionality.java:543)
... Removed 27 stack frames]]>
    </failure>
  </testcase> <!-- testUser_BookConsultation_uploadfile -->
  <testcase name="testUser_BookConsultation_waitingtime_upload" time="89.879" classname="Scenario_Component.Scenario_BookConsultation_Functionality"/>
  <testcase name="testUser_BookConsultation_schedule_note_upload" time="93.391" classname="Scenario_Component.Scenario_BookConsultation_Functionality"/>
  <testcase name="testUser_BookConsultation_waitingtime_note_upload" time="98.384" classname="Scenario_Component.Scenario_BookConsultation_Functionality"/>
  <testcase name="testUser_BookConsultation_schedule_audio" time="101.135" classname="Scenario_Component.Scenario_BookConsultation_Functionality"/>
  <testcase name="testUser_BookConsultation_waiting_audio" time="99.077" classname="Scenario_Component.Scenario_BookConsultation_Functionality"/>
  <testcase name="testUser_BookConsultation_schedule_note_audio" time="108.31" classname="Scenario_Component.Scenario_BookConsultation_Functionality"/>
  <testcase name="testUser_BookConsultation_waiting_note_audio" time="107.284" classname="Scenario_Component.Scenario_BookConsultation_Functionality"/>
  <testcase name="testUser_BookConsultation_schedule_file_audio" time="108.912" classname="Scenario_Component.Scenario_BookConsultation_Functionality"/>
  <testcase name="testUser_BookConsultation_waiting_file_audio" time="106.83" classname="Scenario_Component.Scenario_BookConsultation_Functionality"/>
  <testcase name="testUser_BookConsultation_schedule_file_note_audio" time="119.464" classname="Scenario_Component.Scenario_BookConsultation_Functionality"/>
  <testcase name="testUser_BookConsultation_waiting_note_file_audio" time="116.593" classname="Scenario_Component.Scenario_BookConsultation_Functionality"/>
  <testcase name="testUser_BookConsultation_schedule_telephone_audio" time="114.543" classname="Scenario_Component.Scenario_BookConsultation_Functionality"/>
  <testcase name="testUser_BookConsultation_waiting_telephone_audio" time="109.116" classname="Scenario_Component.Scenario_BookConsultation_Functionality"/>
  <testcase name="testUser_BookConsultation_schedule_telephone_audio_notes" time="125.454" classname="Scenario_Component.Scenario_BookConsultation_Functionality"/>
  <testcase name="testUser_BookConsultation_waiting_telephone_audio_Notes" time="115.412" classname="Scenario_Component.Scenario_BookConsultation_Functionality"/>
  <testcase name="testUser_BookConsultation_schedule_telephone_audio_upload" time="105.575" classname="Scenario_Component.Scenario_BookConsultation_Functionality"/>
  <testcase name="testUser_BookConsultation_waiting_telephone_audio_File" time="106.939" classname="Scenario_Component.Scenario_BookConsultation_Functionality"/>
  <testcase name="testUser_BookConsultation_schedule_telephone_audio_upload_notes" time="125.414" classname="Scenario_Component.Scenario_BookConsultation_Functionality"/>
  <testcase name="testUser_BookConsultation_waiting_telephone_audio_File_Note" time="110.219" classname="Scenario_Component.Scenario_BookConsultation_Functionality"/>
  <testcase name="testUser_BookConsultation_schedule_video_lang" time="115.258" classname="Scenario_Component.Scenario_BookConsultation_Functionality"/>
  <testcase name="testUser_BookConsultation_waiting_video_lang" time="96.091" classname="Scenario_Component.Scenario_BookConsultation_Functionality"/>
  <testcase name="testUser_BookConsultation_schedule_video_lang_note" time="107.162" classname="Scenario_Component.Scenario_BookConsultation_Functionality"/>
  <testcase name="testUser_BookConsultation_waiting_video_lang_note" time="106.538" classname="Scenario_Component.Scenario_BookConsultation_Functionality"/>
  <testcase name="testUser_BookConsultation_schedule_video_lang_file" time="102.085" classname="Scenario_Component.Scenario_BookConsultation_Functionality"/>
  <testcase name="testUser_BookConsultation_waiting_video_lang_file" time="91.829" classname="Scenario_Component.Scenario_BookConsultation_Functionality"/>
  <testcase name="testUser_BookConsultation_schedule_video_lang_file_note" time="112.803" classname="Scenario_Component.Scenario_BookConsultation_Functionality"/>
  <testcase name="testUser_BookConsultation_waiting_video_lang_file_note" time="86.743" classname="Scenario_Component.Scenario_BookConsultation_Functionality"/>
  <testcase name="testUser_BookConsultation_schedule_audio_lang" time="81.82" classname="Scenario_Component.Scenario_BookConsultation_Functionality"/>
  <testcase name="testUser_BookConsultation_waiting_audio_lang" time="76.362" classname="Scenario_Component.Scenario_BookConsultation_Functionality"/>
  <testcase name="testUser_BookConsultation_schedule_audio_lang_note" time="84.989" classname="Scenario_Component.Scenario_BookConsultation_Functionality"/>
  <testcase name="testUser_BookConsultation_waiting_audio_lang_note" time="74.904" classname="Scenario_Component.Scenario_BookConsultation_Functionality"/>
  <testcase name="testUser_BookConsultation_schedule_audio_lang_file" time="71.636" classname="Scenario_Component.Scenario_BookConsultation_Functionality"/>
  <testcase name="testUser_BookConsultation_waiting_audio_lang_file" time="55.34" classname="Scenario_Component.Scenario_BookConsultation_Functionality"/>
  <testcase name="testUser_BookConsultation_schedule_audio_lang_file_note" time="57.265" classname="Scenario_Component.Scenario_BookConsultation_Functionality"/>
  <testcase name="testUser_BookConsultation_waiting_audio_lang_file_note" time="47.264" classname="Scenario_Component.Scenario_BookConsultation_Functionality"/>
  <testcase name="testUser_BookConsultation_schedule_audio_telephone_lang" time="35.738" classname="Scenario_Component.Scenario_BookConsultation_Functionality"/>
  <testcase name="testUser_BookConsultation_waiting_audio_telephone_lang" time="31.994" classname="Scenario_Component.Scenario_BookConsultation_Functionality"/>
  <testcase name="testUser_BookConsultation_schedule_audio_telephone_lang_note" time="24.848" classname="Scenario_Component.Scenario_BookConsultation_Functionality"/>
  <testcase name="testUser_BookConsultation_waiting_audio_telephone_lang_note" time="15.011" classname="Scenario_Component.Scenario_BookConsultation_Functionality"/>
  <testcase name="testUser_BookConsultation_schedule_audio_telephone_lang_file" time="0.354" classname="Scenario_Component.Scenario_BookConsultation_Functionality">
    <failure type="java.lang.OutOfMemoryError" message="Java heap space">
      <![CDATA[java.lang.OutOfMemoryError: Java heap space
]]>
    </failure>
  </testcase> <!-- testUser_BookConsultation_schedule_audio_telephone_lang_file -->
  <testcase name="testUser_BookConsultation_waiting_audio_telephone_lang_file" time="0.299" classname="Scenario_Component.Scenario_BookConsultation_Functionality">
    <failure type="java.lang.OutOfMemoryError" message="Java heap space">
      <![CDATA[java.lang.OutOfMemoryError: Java heap space
]]>
    </failure>
  </testcase> <!-- testUser_BookConsultation_waiting_audio_telephone_lang_file -->
  <testcase name="testUser_BookConsultation_schedule_audio_telephone_lang_file_note" time="0.262" classname="Scenario_Component.Scenario_BookConsultation_Functionality">
    <failure type="java.lang.OutOfMemoryError" message="Java heap space">
      <![CDATA[java.lang.OutOfMemoryError: Java heap space
]]>
    </failure>
  </testcase> <!-- testUser_BookConsultation_schedule_audio_telephone_lang_file_note -->
  <testcase name="testUser_BookConsultation_waiting_audio_telephone_lang_file_note" time="0.238" classname="Scenario_Component.Scenario_BookConsultation_Functionality">
    <failure type="java.lang.OutOfMemoryError" message="Java heap space">
      <![CDATA[java.lang.OutOfMemoryError: Java heap space
]]>
    </failure>
  </testcase> <!-- testUser_BookConsultation_waiting_audio_telephone_lang_file_note -->
  <testcase name="testUser_BookConsultation_schedule_video_allowdoctor" time="0.245" classname="Scenario_Component.Scenario_BookConsultation_Functionality">
    <failure type="java.lang.OutOfMemoryError" message="Java heap space">
      <![CDATA[java.lang.OutOfMemoryError: Java heap space
]]>
    </failure>
  </testcase> <!-- testUser_BookConsultation_schedule_video_allowdoctor -->
  <testcase name="testUser_BookConsultation_waiting_video_allow_doctor" time="0.243" classname="Scenario_Component.Scenario_BookConsultation_Functionality">
    <failure type="java.lang.OutOfMemoryError" message="Java heap space">
      <![CDATA[java.lang.OutOfMemoryError: Java heap space
]]>
    </failure>
  </testcase> <!-- testUser_BookConsultation_waiting_video_allow_doctor -->
  <testcase name="testUser_BookConsultation_schedule_video_allow_doctor_note" time="0.257" classname="Scenario_Component.Scenario_BookConsultation_Functionality">
    <failure type="java.lang.OutOfMemoryError" message="Java heap space">
      <![CDATA[java.lang.OutOfMemoryError: Java heap space
]]>
    </failure>
  </testcase> <!-- testUser_BookConsultation_schedule_video_allow_doctor_note -->
  <testcase name="testUser_BookConsultation_waiting_video_allow_doctor_note" time="0.244" classname="Scenario_Component.Scenario_BookConsultation_Functionality">
    <failure type="java.lang.OutOfMemoryError" message="Java heap space">
      <![CDATA[java.lang.OutOfMemoryError: Java heap space
]]>
    </failure>
  </testcase> <!-- testUser_BookConsultation_waiting_video_allow_doctor_note -->
  <testcase name="testUser_BookConsultation_schedule_video_allow_doctor_file" time="0.449" classname="Scenario_Component.Scenario_BookConsultation_Functionality">
    <failure type="java.lang.OutOfMemoryError" message="Java heap space">
      <![CDATA[java.lang.OutOfMemoryError: Java heap space
]]>
    </failure>
  </testcase> <!-- testUser_BookConsultation_schedule_video_allow_doctor_file -->
  <testcase name="testUser_BookConsultation_waiting_video_allow_doctor_file" time="0.437" classname="Scenario_Component.Scenario_BookConsultation_Functionality">
    <failure type="java.lang.OutOfMemoryError" message="Java heap space">
      <![CDATA[java.lang.OutOfMemoryError: Java heap space
]]>
    </failure>
  </testcase> <!-- testUser_BookConsultation_waiting_video_allow_doctor_file -->
  <testcase name="testUser_BookConsultation_schedule_video_allow_doctor_file_note" time="0.447" classname="Scenario_Component.Scenario_BookConsultation_Functionality">
    <failure type="java.lang.OutOfMemoryError" message="Java heap space">
      <![CDATA[java.lang.OutOfMemoryError: Java heap space
]]>
    </failure>
  </testcase> <!-- testUser_BookConsultation_schedule_video_allow_doctor_file_note -->
  <testcase name="testUser_BookConsultation_waiting_video_allow_doctor_file_note" time="0.248" classname="Scenario_Component.Scenario_BookConsultation_Functionality">
    <failure type="java.lang.OutOfMemoryError" message="Java heap space">
      <![CDATA[java.lang.OutOfMemoryError: Java heap space
]]>
    </failure>
  </testcase> <!-- testUser_BookConsultation_waiting_video_allow_doctor_file_note -->
  <testcase name="testUser_BookConsultation_schedule_audio_allow_doctor" time="0.313" classname="Scenario_Component.Scenario_BookConsultation_Functionality">
    <failure type="java.lang.OutOfMemoryError" message="Java heap space">
      <![CDATA[java.lang.OutOfMemoryError: Java heap space
]]>
    </failure>
  </testcase> <!-- testUser_BookConsultation_schedule_audio_allow_doctor -->
  <testcase name="testUser_BookConsultation_waiting_audio_allow_doctor" time="0.242" classname="Scenario_Component.Scenario_BookConsultation_Functionality">
    <failure type="java.lang.OutOfMemoryError" message="Java heap space">
      <![CDATA[java.lang.OutOfMemoryError: Java heap space
]]>
    </failure>
  </testcase> <!-- testUser_BookConsultation_waiting_audio_allow_doctor -->
  <testcase name="testUser_BookConsultation_schedule_audio_allow_doctor_note" time="0.316" classname="Scenario_Component.Scenario_BookConsultation_Functionality">
    <failure type="java.lang.OutOfMemoryError" message="Java heap space">
      <![CDATA[java.lang.OutOfMemoryError: Java heap space
]]>
    </failure>
  </testcase> <!-- testUser_BookConsultation_schedule_audio_allow_doctor_note -->
  <testcase name="testUser_BookConsultation_waiting_audio_allow_doctor_note" time="0.244" classname="Scenario_Component.Scenario_BookConsultation_Functionality">
    <failure type="java.lang.OutOfMemoryError" message="Java heap space">
      <![CDATA[java.lang.OutOfMemoryError: Java heap space
]]>
    </failure>
  </testcase> <!-- testUser_BookConsultation_waiting_audio_allow_doctor_note -->
  <testcase name="testUser_BookConsultation_schedule_audio_allow_doctor_file" time="0.245" classname="Scenario_Component.Scenario_BookConsultation_Functionality">
    <failure type="java.lang.OutOfMemoryError" message="Java heap space">
      <![CDATA[java.lang.OutOfMemoryError: Java heap space
]]>
    </failure>
  </testcase> <!-- testUser_BookConsultation_schedule_audio_allow_doctor_file -->
  <testcase name="testUser_BookConsultation_waiting_audio_allow_doctor_file" time="0.246" classname="Scenario_Component.Scenario_BookConsultation_Functionality">
    <failure type="java.lang.OutOfMemoryError" message="Java heap space">
      <![CDATA[java.lang.OutOfMemoryError: Java heap space
]]>
    </failure>
  </testcase> <!-- testUser_BookConsultation_waiting_audio_allow_doctor_file -->
  <testcase name="testUser_BookConsultation_schedule_audio_allow_doctor_file_note" time="0.242" classname="Scenario_Component.Scenario_BookConsultation_Functionality">
    <failure type="java.lang.OutOfMemoryError" message="Java heap space">
      <![CDATA[java.lang.OutOfMemoryError: Java heap space
]]>
    </failure>
  </testcase> <!-- testUser_BookConsultation_schedule_audio_allow_doctor_file_note -->
  <testcase name="testUser_BookConsultation_waiting_audio_allow_doctor_file_note" time="0.249" classname="Scenario_Component.Scenario_BookConsultation_Functionality">
    <failure type="java.lang.OutOfMemoryError" message="Java heap space">
      <![CDATA[java.lang.OutOfMemoryError: Java heap space
]]>
    </failure>
  </testcase> <!-- testUser_BookConsultation_waiting_audio_allow_doctor_file_note -->
  <testcase name="testUser_BookConsultation_schedule_audio_telephone_allow_doctor" time="0.266" classname="Scenario_Component.Scenario_BookConsultation_Functionality">
    <failure type="java.lang.OutOfMemoryError" message="Java heap space">
      <![CDATA[java.lang.OutOfMemoryError: Java heap space
]]>
    </failure>
  </testcase> <!-- testUser_BookConsultation_schedule_audio_telephone_allow_doctor -->
  <testcase name="testUser_BookConsultation_waiting_audio_telephone_allow_doctor" time="0.247" classname="Scenario_Component.Scenario_BookConsultation_Functionality">
    <failure type="java.lang.OutOfMemoryError" message="Java heap space">
      <![CDATA[java.lang.OutOfMemoryError: Java heap space
]]>
    </failure>
  </testcase> <!-- testUser_BookConsultation_waiting_audio_telephone_allow_doctor -->
  <testcase name="testUser_BookConsultation_schedule_audio_telephone_allow_doctor_note" time="0.247" classname="Scenario_Component.Scenario_BookConsultation_Functionality">
    <failure type="java.lang.OutOfMemoryError" message="Java heap space">
      <![CDATA[java.lang.OutOfMemoryError: Java heap space
]]>
    </failure>
  </testcase> <!-- testUser_BookConsultation_schedule_audio_telephone_allow_doctor_note -->
  <testcase name="testUser_BookConsultation_waiting_audio_telephone_allow_doctor_note" time="0.252" classname="Scenario_Component.Scenario_BookConsultation_Functionality">
    <failure type="java.lang.OutOfMemoryError" message="Java heap space">
      <![CDATA[java.lang.OutOfMemoryError: Java heap space
]]>
    </failure>
  </testcase> <!-- testUser_BookConsultation_waiting_audio_telephone_allow_doctor_note -->
  <testcase name="testUser_BookConsultation_schedule_audio_telephone_allow_doctor_file" time="0.244" classname="Scenario_Component.Scenario_BookConsultation_Functionality">
    <failure type="java.lang.OutOfMemoryError" message="Java heap space">
      <![CDATA[java.lang.OutOfMemoryError: Java heap space
]]>
    </failure>
  </testcase> <!-- testUser_BookConsultation_schedule_audio_telephone_allow_doctor_file -->
  <testcase name="testUser_BookConsultation_waiting_audio_telephone_allow_doctor_file" time="0.268" classname="Scenario_Component.Scenario_BookConsultation_Functionality">
    <failure type="java.lang.OutOfMemoryError" message="Java heap space">
      <![CDATA[java.lang.OutOfMemoryError: Java heap space
]]>
    </failure>
  </testcase> <!-- testUser_BookConsultation_waiting_audio_telephone_allow_doctor_file -->
  <testcase name="testUser_BookConsultation_schedule_audio_telephone_allow_doctor_file_note" time="0.241" classname="Scenario_Component.Scenario_BookConsultation_Functionality">
    <failure type="java.lang.OutOfMemoryError" message="Java heap space">
      <![CDATA[java.lang.OutOfMemoryError: Java heap space
]]>
    </failure>
  </testcase> <!-- testUser_BookConsultation_schedule_audio_telephone_allow_doctor_file_note -->
  <testcase name="testUser_BookConsultation_waiting_audio_telephone_allow_doctor_file_note" time="0.24" classname="Scenario_Component.Scenario_BookConsultation_Functionality">
    <failure type="java.lang.OutOfMemoryError" message="Java heap space">
      <![CDATA[java.lang.OutOfMemoryError: Java heap space
]]>
    </failure>
  </testcase> <!-- testUser_BookConsultation_waiting_audio_telephone_allow_doctor_file_note -->
</testsuite> <!-- DocOnline Web Automation - Test -->
