<?xml version="1.0" encoding="UTF-8"?>
<!-- Generated by org.testng.reporters.JUnitXMLReporter -->
<testsuite hostname="Doconlines-Mac-mini.local" name="DocOnline Web Automation - Test" tests="88" failures="25" timestamp="16 Apr 2019 08:30:33 GMT" time="4889.564" errors="0">
  <testcase name="testUser_Login_UI" time="12.948" classname="Scenario_Component.Scenario_Login"/>
  <testcase name="testUser_Login1_Valid" time="16.114" classname="Scenario_Component.Scenario_Login"/>
  <testcase name="testUser_Login2_Valid" time="21.217" classname="Scenario_Component.Scenario_Login"/>
  <testcase name="testUser_Login3_Valid" time="44.423" classname="Scenario_Component.Scenario_Login">
    <failure type="org.openqa.selenium.WebDriverException" message="chrome not reachable
  (Session info: chrome=73.0.3683.103)
  (Driver info: chromedriver=73.0.3683.20 (8e2b610813e167eee3619ac4ce6e42e3ec622017),platform=Mac OS X 10.12.6 x86_64) (WARNING: The server did not provide any stacktrace information)
Command duration or timeout: 0 milliseconds
Build info: version: &amp;apos;3.13.0&amp;apos;, revision: &amp;apos;2f0d292&amp;apos;, time: &amp;apos;2018-06-25T15:24:21.231Z&amp;apos;
System info: host: &amp;apos;Doconlines-Mac-mini.local&amp;apos;, ip: &amp;apos;fe80:0:0:0:c02:8948:9b68:67e7%en0&amp;apos;, os.name: &amp;apos;Mac OS X&amp;apos;, os.arch: &amp;apos;x86_64&amp;apos;, os.version: &amp;apos;10.12.6&amp;apos;, java.version: &amp;apos;1.8.0_202&amp;apos;
Driver info: org.openqa.selenium.chrome.ChromeDriver
Capabilities {acceptInsecureCerts: false, acceptSslCerts: false, applicationCacheEnabled: false, browserConnectionEnabled: false, browserName: chrome, chrome: {chromedriverVersion: 73.0.3683.20 (8e2b610813e16..., userDataDir: /var/folders/2b/q7hs5rz1065...}, cssSelectorsEnabled: true, databaseEnabled: false, goog:chromeOptions: {debuggerAddress: localhost:49406}, handlesAlerts: true, hasTouchScreen: false, javascriptEnabled: true, locationContextEnabled: true, mobileEmulationEnabled: false, nativeEvents: true, networkConnectionEnabled: false, pageLoadStrategy: normal, platform: MAC, platformName: MAC, proxy: Proxy(), rotatable: false, setWindowRect: true, strictFileInteractability: false, takesHeapSnapshot: true, takesScreenshot: true, timeouts: {implicit: 0, pageLoad: 300000, script: 30000}, unexpectedAlertBehaviour: ignore, unhandledPromptBehavior: ignore, version: 73.0.3683.103, webStorageEnabled: true}
Session ID: 68254026e12dd913577cf41a8e9cf489
*** Element info: {Using=xpath, value=//div[@class=&amp;apos;user-sidebar-small&amp;apos;]//li[@id=&amp;apos;lnkUserSdbrToSettings&amp;apos;]//*[@class=&amp;apos;svg-icon svg-fill&amp;apos;]}">
      <![CDATA[org.openqa.selenium.WebDriverException: chrome not reachable
  (Session info: chrome=73.0.3683.103)
  (Driver info: chromedriver=73.0.3683.20 (8e2b610813e167eee3619ac4ce6e42e3ec622017),platform=Mac OS X 10.12.6 x86_64) (WARNING: The server did not provide any stacktrace information)
Command duration or timeout: 0 milliseconds
Build info: version: '3.13.0', revision: '2f0d292', time: '2018-06-25T15:24:21.231Z'
System info: host: 'Doconlines-Mac-mini.local', ip: 'fe80:0:0:0:c02:8948:9b68:67e7%en0', os.name: 'Mac OS X', os.arch: 'x86_64', os.version: '10.12.6', java.version: '1.8.0_202'
Driver info: org.openqa.selenium.chrome.ChromeDriver
Capabilities {acceptInsecureCerts: false, acceptSslCerts: false, applicationCacheEnabled: false, browserConnectionEnabled: false, browserName: chrome, chrome: {chromedriverVersion: 73.0.3683.20 (8e2b610813e16..., userDataDir: /var/folders/2b/q7hs5rz1065...}, cssSelectorsEnabled: true, databaseEnabled: false, goog:chromeOptions: {debuggerAddress: localhost:49406}, handlesAlerts: true, hasTouchScreen: false, javascriptEnabled: true, locationContextEnabled: true, mobileEmulationEnabled: false, nativeEvents: true, networkConnectionEnabled: false, pageLoadStrategy: normal, platform: MAC, platformName: MAC, proxy: Proxy(), rotatable: false, setWindowRect: true, strictFileInteractability: false, takesHeapSnapshot: true, takesScreenshot: true, timeouts: {implicit: 0, pageLoad: 300000, script: 30000}, unexpectedAlertBehaviour: ignore, unhandledPromptBehavior: ignore, version: 73.0.3683.103, webStorageEnabled: true}
Session ID: 68254026e12dd913577cf41a8e9cf489
*** Element info: {Using=xpath, value=//div[@class='user-sidebar-small']//li[@id='lnkUserSdbrToSettings']//*[@class='svg-icon svg-fill']}
	at org.openqa.selenium.remote.ErrorHandler.createThrowable(ErrorHandler.java:214)
	at org.openqa.selenium.remote.ErrorHandler.throwIfResponseFailed(ErrorHandler.java:166)
	at org.openqa.selenium.remote.http.JsonHttpResponseCodec.reconstructValue(JsonHttpResponseCodec.java:40)
	at org.openqa.selenium.remote.http.AbstractHttpResponseCodec.decode(AbstractHttpResponseCodec.java:80)
	at org.openqa.selenium.remote.http.AbstractHttpResponseCodec.decode(AbstractHttpResponseCodec.java:44)
	at org.openqa.selenium.remote.HttpCommandExecutor.execute(HttpCommandExecutor.java:158)
	at org.openqa.selenium.remote.service.DriverCommandExecutor.execute(DriverCommandExecutor.java:83)
	at org.openqa.selenium.remote.RemoteWebDriver.execute(RemoteWebDriver.java:548)
	at org.openqa.selenium.remote.RemoteWebDriver.findElement(RemoteWebDriver.java:322)
	at org.openqa.selenium.remote.RemoteWebDriver.findElementByXPath(RemoteWebDriver.java:424)
	at org.openqa.selenium.By$ByXPath.findElement(By.java:353)
	at org.openqa.selenium.remote.RemoteWebDriver.findElement(RemoteWebDriver.java:314)
	at org.openqa.selenium.support.pagefactory.DefaultElementLocator.findElement(DefaultElementLocator.java:69)
	at org.openqa.selenium.support.pagefactory.internal.LocatingElementHandler.invoke(LocatingElementHandler.java:38)
	at com.sun.proxy.$Proxy10.isDisplayed(Unknown Source)
	at org.openqa.selenium.support.ui.ExpectedConditions.elementIfVisible(ExpectedConditions.java:315)
	at org.openqa.selenium.support.ui.ExpectedConditions.access$100(ExpectedConditions.java:44)
	at org.openqa.selenium.support.ui.ExpectedConditions$10.apply(ExpectedConditions.java:301)
	at org.openqa.selenium.support.ui.ExpectedConditions$10.apply(ExpectedConditions.java:298)
	at org.openqa.selenium.support.ui.FluentWait.until(FluentWait.java:248)
	at Generic_Component.Base_Class.Explicit_wait(Base_Class.java:74)
	at Scenario_Component.Scenario_Login.testUser_Login3_Valid(Scenario_Login.java:464)
... Removed 28 stack frames]]>
    </failure>
  </testcase> <!-- testUser_Login3_Valid -->
  <testcase name="testUser_Login_InValid" time="19.691" classname="Scenario_Component.Scenario_Login"/>
  <testcase name="testUser_Login_InValid" time="23.27" classname="Scenario_Component.Scenario_Login"/>
  <testcase name="testUser_Login_InValid" time="24.065" classname="Scenario_Component.Scenario_Login"/>
  <testcase name="testUser_Login_InValid" time="26.607" classname="Scenario_Component.Scenario_Login"/>
  <testcase name="testUser_Login_InValid" time="29.659" classname="Scenario_Component.Scenario_Login"/>
  <testcase name="testUser_Login_InValid" time="31.79" classname="Scenario_Component.Scenario_Login"/>
  <testcase name="testUser_Login_InValid" time="33.142" classname="Scenario_Component.Scenario_Login"/>
  <testcase name="testUser_page_title" time="40.985" classname="Scenario_Component.Scenario_Login"/>
  <testcase name="InvalidUN_Emptypassword" time="22.487" classname="Scenario_Component.Scenario_Login"/>
  <testcase name="testUser_BookConsultation_UI" time="80.709" classname="Scenario_Component.Scenario_BookConsultation"/>
  <testcase name="testUser_Dashboard_UI" time="62.94" classname="Scenario_Component.Scenario_Dashboard"/>
  <testcase name="testurl_User" time="25.74" classname="Scenario_Component.Scenario_CheckURLs"/>
  <testcase name="testUser_BookConsultation_Functionality" time="89.269" classname="Scenario_Component.Scenario_BookConsultation_Functionality"/>
  <testcase name="testUser_BookConsultation_waitingtime" time="116.435" classname="Scenario_Component.Scenario_BookConsultation_Functionality"/>
  <testcase name="testUser_BookConsultation_waitingtime_notes" time="90.281" classname="Scenario_Component.Scenario_BookConsultation_Functionality"/>
  <testcase name="testUser_BookConsultation_schedule" time="87.979" classname="Scenario_Component.Scenario_BookConsultation_Functionality"/>
  <testcase name="testUser_BookConsultation_uploadfile" time="96.133" classname="Scenario_Component.Scenario_BookConsultation_Functionality"/>
  <testcase name="testUser_BookConsultation_waitingtime_upload" time="93.48" classname="Scenario_Component.Scenario_BookConsultation_Functionality"/>
  <testcase name="testUser_BookConsultation_schedule_note_upload" time="105.029" classname="Scenario_Component.Scenario_BookConsultation_Functionality"/>
  <testcase name="testUser_BookConsultation_waitingtime_note_upload" time="105.467" classname="Scenario_Component.Scenario_BookConsultation_Functionality"/>
  <testcase name="testUser_BookConsultation_schedule_audio" time="116.809" classname="Scenario_Component.Scenario_BookConsultation_Functionality"/>
  <testcase name="testUser_BookConsultation_waiting_audio" time="107.422" classname="Scenario_Component.Scenario_BookConsultation_Functionality"/>
  <testcase name="testUser_BookConsultation_schedule_note_audio" time="117.691" classname="Scenario_Component.Scenario_BookConsultation_Functionality"/>
  <testcase name="testUser_BookConsultation_waiting_note_audio" time="112.021" classname="Scenario_Component.Scenario_BookConsultation_Functionality"/>
  <testcase name="testUser_BookConsultation_schedule_file_audio" time="123.727" classname="Scenario_Component.Scenario_BookConsultation_Functionality"/>
  <testcase name="testUser_BookConsultation_waiting_file_audio" time="115.644" classname="Scenario_Component.Scenario_BookConsultation_Functionality"/>
  <testcase name="testUser_BookConsultation_schedule_file_note_audio" time="124.003" classname="Scenario_Component.Scenario_BookConsultation_Functionality"/>
  <testcase name="testUser_BookConsultation_waiting_note_file_audio" time="122.467" classname="Scenario_Component.Scenario_BookConsultation_Functionality"/>
  <testcase name="testUser_BookConsultation_schedule_telephone_audio" time="121.921" classname="Scenario_Component.Scenario_BookConsultation_Functionality"/>
  <testcase name="testUser_BookConsultation_waiting_telephone_audio" time="114.977" classname="Scenario_Component.Scenario_BookConsultation_Functionality"/>
  <testcase name="testUser_BookConsultation_schedule_telephone_audio_notes" time="126.996" classname="Scenario_Component.Scenario_BookConsultation_Functionality"/>
  <testcase name="testUser_BookConsultation_waiting_telephone_audio_Notes" time="123.641" classname="Scenario_Component.Scenario_BookConsultation_Functionality"/>
  <testcase name="testUser_BookConsultation_schedule_telephone_audio_upload" time="115.343" classname="Scenario_Component.Scenario_BookConsultation_Functionality"/>
  <testcase name="testUser_BookConsultation_waiting_telephone_audio_File" time="108.818" classname="Scenario_Component.Scenario_BookConsultation_Functionality"/>
  <testcase name="testUser_BookConsultation_schedule_telephone_audio_upload_notes" time="120.504" classname="Scenario_Component.Scenario_BookConsultation_Functionality"/>
  <testcase name="testUser_BookConsultation_waiting_telephone_audio_File_Note" time="174.892" classname="Scenario_Component.Scenario_BookConsultation_Functionality"/>
  <testcase name="testUser_BookConsultation_schedule_video_lang" time="109.754" classname="Scenario_Component.Scenario_BookConsultation_Functionality"/>
  <testcase name="testUser_BookConsultation_waiting_video_lang" time="101.85" classname="Scenario_Component.Scenario_BookConsultation_Functionality"/>
  <testcase name="testUser_BookConsultation_schedule_video_lang_note" time="116.258" classname="Scenario_Component.Scenario_BookConsultation_Functionality"/>
  <testcase name="testUser_BookConsultation_waiting_video_lang_note" time="115.453" classname="Scenario_Component.Scenario_BookConsultation_Functionality"/>
  <testcase name="testUser_BookConsultation_schedule_video_lang_file" time="103.379" classname="Scenario_Component.Scenario_BookConsultation_Functionality"/>
  <testcase name="testUser_BookConsultation_waiting_video_lang_file" time="94.88" classname="Scenario_Component.Scenario_BookConsultation_Functionality"/>
  <testcase name="testUser_BookConsultation_schedule_video_lang_file_note" time="101.238" classname="Scenario_Component.Scenario_BookConsultation_Functionality"/>
  <testcase name="testUser_BookConsultation_waiting_video_lang_file_note" time="95.184" classname="Scenario_Component.Scenario_BookConsultation_Functionality"/>
  <testcase name="testUser_BookConsultation_schedule_audio_lang" time="84.174" classname="Scenario_Component.Scenario_BookConsultation_Functionality"/>
  <testcase name="testUser_BookConsultation_waiting_audio_lang" time="80.41" classname="Scenario_Component.Scenario_BookConsultation_Functionality"/>
  <testcase name="testUser_BookConsultation_schedule_audio_lang_note" time="83.269" classname="Scenario_Component.Scenario_BookConsultation_Functionality"/>
  <testcase name="testUser_BookConsultation_waiting_audio_lang_note" time="77.736" classname="Scenario_Component.Scenario_BookConsultation_Functionality"/>
  <testcase name="testUser_BookConsultation_schedule_audio_lang_file" time="73.938" classname="Scenario_Component.Scenario_BookConsultation_Functionality"/>
  <testcase name="testUser_BookConsultation_waiting_audio_lang_file" time="58.935" classname="Scenario_Component.Scenario_BookConsultation_Functionality"/>
  <testcase name="testUser_BookConsultation_schedule_audio_lang_file_note" time="63.726" classname="Scenario_Component.Scenario_BookConsultation_Functionality"/>
  <testcase name="testUser_BookConsultation_waiting_audio_lang_file_note" time="48.519" classname="Scenario_Component.Scenario_BookConsultation_Functionality"/>
  <testcase name="testUser_BookConsultation_schedule_audio_telephone_lang" time="38.839" classname="Scenario_Component.Scenario_BookConsultation_Functionality"/>
  <testcase name="testUser_BookConsultation_waiting_audio_telephone_lang" time="31.259" classname="Scenario_Component.Scenario_BookConsultation_Functionality"/>
  <testcase name="testUser_BookConsultation_schedule_audio_telephone_lang_note" time="25.629" classname="Scenario_Component.Scenario_BookConsultation_Functionality"/>
  <testcase name="testUser_BookConsultation_waiting_audio_telephone_lang_note" time="17.705" classname="Scenario_Component.Scenario_BookConsultation_Functionality"/>
  <testcase name="testUser_BookConsultation_schedule_audio_telephone_lang_file" time="0.33" classname="Scenario_Component.Scenario_BookConsultation_Functionality">
    <failure type="java.lang.OutOfMemoryError" message="Java heap space">
      <![CDATA[java.lang.OutOfMemoryError: Java heap space
]]>
    </failure>
  </testcase> <!-- testUser_BookConsultation_schedule_audio_telephone_lang_file -->
  <testcase name="testUser_BookConsultation_waiting_audio_telephone_lang_file" time="0.248" classname="Scenario_Component.Scenario_BookConsultation_Functionality">
    <failure type="java.lang.OutOfMemoryError" message="Java heap space">
      <![CDATA[java.lang.OutOfMemoryError: Java heap space
]]>
    </failure>
  </testcase> <!-- testUser_BookConsultation_waiting_audio_telephone_lang_file -->
  <testcase name="testUser_BookConsultation_schedule_audio_telephone_lang_file_note" time="0.242" classname="Scenario_Component.Scenario_BookConsultation_Functionality">
    <failure type="java.lang.OutOfMemoryError" message="Java heap space">
      <![CDATA[java.lang.OutOfMemoryError: Java heap space
]]>
    </failure>
  </testcase> <!-- testUser_BookConsultation_schedule_audio_telephone_lang_file_note -->
  <testcase name="testUser_BookConsultation_waiting_audio_telephone_lang_file_note" time="0.247" classname="Scenario_Component.Scenario_BookConsultation_Functionality">
    <failure type="java.lang.OutOfMemoryError" message="Java heap space">
      <![CDATA[java.lang.OutOfMemoryError: Java heap space
]]>
    </failure>
  </testcase> <!-- testUser_BookConsultation_waiting_audio_telephone_lang_file_note -->
  <testcase name="testUser_BookConsultation_schedule_video_allowdoctor" time="0.246" classname="Scenario_Component.Scenario_BookConsultation_Functionality">
    <failure type="java.lang.OutOfMemoryError" message="Java heap space">
      <![CDATA[java.lang.OutOfMemoryError: Java heap space
]]>
    </failure>
  </testcase> <!-- testUser_BookConsultation_schedule_video_allowdoctor -->
  <testcase name="testUser_BookConsultation_waiting_video_allow_doctor" time="0.243" classname="Scenario_Component.Scenario_BookConsultation_Functionality">
    <failure type="java.lang.OutOfMemoryError" message="Java heap space">
      <![CDATA[java.lang.OutOfMemoryError: Java heap space
]]>
    </failure>
  </testcase> <!-- testUser_BookConsultation_waiting_video_allow_doctor -->
  <testcase name="testUser_BookConsultation_schedule_video_allow_doctor_note" time="0.312" classname="Scenario_Component.Scenario_BookConsultation_Functionality">
    <failure type="java.lang.OutOfMemoryError" message="Java heap space">
      <![CDATA[java.lang.OutOfMemoryError: Java heap space
]]>
    </failure>
  </testcase> <!-- testUser_BookConsultation_schedule_video_allow_doctor_note -->
  <testcase name="testUser_BookConsultation_waiting_video_allow_doctor_note" time="0.27" classname="Scenario_Component.Scenario_BookConsultation_Functionality">
    <failure type="java.lang.OutOfMemoryError" message="Java heap space">
      <![CDATA[java.lang.OutOfMemoryError: Java heap space
]]>
    </failure>
  </testcase> <!-- testUser_BookConsultation_waiting_video_allow_doctor_note -->
  <testcase name="testUser_BookConsultation_schedule_video_allow_doctor_file" time="0.246" classname="Scenario_Component.Scenario_BookConsultation_Functionality">
    <failure type="java.lang.OutOfMemoryError" message="Java heap space">
      <![CDATA[java.lang.OutOfMemoryError: Java heap space
]]>
    </failure>
  </testcase> <!-- testUser_BookConsultation_schedule_video_allow_doctor_file -->
  <testcase name="testUser_BookConsultation_waiting_video_allow_doctor_file" time="0.408" classname="Scenario_Component.Scenario_BookConsultation_Functionality">
    <failure type="java.lang.OutOfMemoryError" message="Java heap space">
      <![CDATA[java.lang.OutOfMemoryError: Java heap space
]]>
    </failure>
  </testcase> <!-- testUser_BookConsultation_waiting_video_allow_doctor_file -->
  <testcase name="testUser_BookConsultation_schedule_video_allow_doctor_file_note" time="0.471" classname="Scenario_Component.Scenario_BookConsultation_Functionality">
    <skipped/>
  </testcase> <!-- testUser_BookConsultation_schedule_video_allow_doctor_file_note -->
  <testcase name="testUser_BookConsultation_waiting_video_allow_doctor_file_note" time="0.246" classname="Scenario_Component.Scenario_BookConsultation_Functionality">
    <failure type="java.lang.OutOfMemoryError" message="GC overhead limit exceeded">
      <![CDATA[java.lang.OutOfMemoryError: GC overhead limit exceeded
]]>
    </failure>
  </testcase> <!-- testUser_BookConsultation_waiting_video_allow_doctor_file_note -->
  <testcase name="testUser_BookConsultation_schedule_audio_allow_doctor" time="0.363" classname="Scenario_Component.Scenario_BookConsultation_Functionality">
    <failure type="java.lang.OutOfMemoryError" message="GC overhead limit exceeded">
      <![CDATA[java.lang.OutOfMemoryError: GC overhead limit exceeded
]]>
    </failure>
  </testcase> <!-- testUser_BookConsultation_schedule_audio_allow_doctor -->
  <testcase name="testUser_BookConsultation_waiting_audio_allow_doctor" time="0.459" classname="Scenario_Component.Scenario_BookConsultation_Functionality">
    <failure type="java.lang.OutOfMemoryError" message="GC overhead limit exceeded">
      <![CDATA[java.lang.OutOfMemoryError: GC overhead limit exceeded
]]>
    </failure>
  </testcase> <!-- testUser_BookConsultation_waiting_audio_allow_doctor -->
  <testcase name="testUser_BookConsultation_schedule_audio_allow_doctor_note" time="0.369" classname="Scenario_Component.Scenario_BookConsultation_Functionality">
    <failure type="java.lang.OutOfMemoryError" message="GC overhead limit exceeded">
      <![CDATA[java.lang.OutOfMemoryError: GC overhead limit exceeded
]]>
    </failure>
  </testcase> <!-- testUser_BookConsultation_schedule_audio_allow_doctor_note -->
  <testcase name="testUser_BookConsultation_waiting_audio_allow_doctor_note" time="0.52" classname="Scenario_Component.Scenario_BookConsultation_Functionality">
    <skipped/>
  </testcase> <!-- testUser_BookConsultation_waiting_audio_allow_doctor_note -->
  <testcase name="testUser_BookConsultation_schedule_audio_allow_doctor_file" time="87.517" classname="Scenario_Component.Scenario_BookConsultation_Functionality"/>
  <testcase name="testUser_BookConsultation_waiting_audio_allow_doctor_file" time="17.672" classname="Scenario_Component.Scenario_BookConsultation_Functionality"/>
  <testcase name="testUser_BookConsultation_schedule_audio_allow_doctor_file_note" time="0.348" classname="Scenario_Component.Scenario_BookConsultation_Functionality">
    <failure type="java.lang.OutOfMemoryError" message="Java heap space">
      <![CDATA[java.lang.OutOfMemoryError: Java heap space
]]>
    </failure>
  </testcase> <!-- testUser_BookConsultation_schedule_audio_allow_doctor_file_note -->
  <testcase name="testUser_BookConsultation_waiting_audio_allow_doctor_file_note" time="0.377" classname="Scenario_Component.Scenario_BookConsultation_Functionality">
    <failure type="java.lang.OutOfMemoryError" message="Java heap space">
      <![CDATA[java.lang.OutOfMemoryError: Java heap space
]]>
    </failure>
  </testcase> <!-- testUser_BookConsultation_waiting_audio_allow_doctor_file_note -->
  <testcase name="testUser_BookConsultation_schedule_audio_telephone_allow_doctor" time="0.303" classname="Scenario_Component.Scenario_BookConsultation_Functionality">
    <failure type="java.lang.OutOfMemoryError" message="Java heap space">
      <![CDATA[java.lang.OutOfMemoryError: Java heap space
]]>
    </failure>
  </testcase> <!-- testUser_BookConsultation_schedule_audio_telephone_allow_doctor -->
  <testcase name="testUser_BookConsultation_waiting_audio_telephone_allow_doctor" time="0.296" classname="Scenario_Component.Scenario_BookConsultation_Functionality">
    <failure type="java.lang.OutOfMemoryError" message="Java heap space">
      <![CDATA[java.lang.OutOfMemoryError: Java heap space
]]>
    </failure>
  </testcase> <!-- testUser_BookConsultation_waiting_audio_telephone_allow_doctor -->
  <testcase name="testUser_BookConsultation_schedule_audio_telephone_allow_doctor_note" time="0.295" classname="Scenario_Component.Scenario_BookConsultation_Functionality">
    <failure type="java.lang.OutOfMemoryError" message="Java heap space">
      <![CDATA[java.lang.OutOfMemoryError: Java heap space
]]>
    </failure>
  </testcase> <!-- testUser_BookConsultation_schedule_audio_telephone_allow_doctor_note -->
  <testcase name="testUser_BookConsultation_waiting_audio_telephone_allow_doctor_note" time="0.298" classname="Scenario_Component.Scenario_BookConsultation_Functionality">
    <failure type="java.lang.OutOfMemoryError" message="Java heap space">
      <![CDATA[java.lang.OutOfMemoryError: Java heap space
]]>
    </failure>
  </testcase> <!-- testUser_BookConsultation_waiting_audio_telephone_allow_doctor_note -->
  <testcase name="testUser_BookConsultation_schedule_audio_telephone_allow_doctor_file" time="0.297" classname="Scenario_Component.Scenario_BookConsultation_Functionality">
    <failure type="java.lang.OutOfMemoryError" message="Java heap space">
      <![CDATA[java.lang.OutOfMemoryError: Java heap space
]]>
    </failure>
  </testcase> <!-- testUser_BookConsultation_schedule_audio_telephone_allow_doctor_file -->
  <testcase name="testUser_BookConsultation_waiting_audio_telephone_allow_doctor_file" time="0.318" classname="Scenario_Component.Scenario_BookConsultation_Functionality">
    <failure type="java.lang.OutOfMemoryError" message="Java heap space">
      <![CDATA[java.lang.OutOfMemoryError: Java heap space
]]>
    </failure>
  </testcase> <!-- testUser_BookConsultation_waiting_audio_telephone_allow_doctor_file -->
  <testcase name="testUser_BookConsultation_schedule_audio_telephone_allow_doctor_file_note" time="0.305" classname="Scenario_Component.Scenario_BookConsultation_Functionality">
    <failure type="java.lang.OutOfMemoryError" message="Java heap space">
      <![CDATA[java.lang.OutOfMemoryError: Java heap space
]]>
    </failure>
  </testcase> <!-- testUser_BookConsultation_schedule_audio_telephone_allow_doctor_file_note -->
  <testcase name="testUser_BookConsultation_waiting_audio_telephone_allow_doctor_file_note" time="0.298" classname="Scenario_Component.Scenario_BookConsultation_Functionality">
    <failure type="java.lang.OutOfMemoryError" message="Java heap space">
      <![CDATA[java.lang.OutOfMemoryError: Java heap space
]]>
    </failure>
  </testcase> <!-- testUser_BookConsultation_waiting_audio_telephone_allow_doctor_file_note -->
</testsuite> <!-- DocOnline Web Automation - Test -->
