<?xml version="1.0" encoding="UTF-8"?>
<!-- Generated by org.testng.reporters.JUnitXMLReporter -->
<testsuite hostname="Doconlines-Mac-mini.local" name="DocOnline Web Automation  - Test Suit" tests="88" failures="24" timestamp="18 Apr 2019 07:41:01 GMT" time="5526.012" errors="0">
  <testcase name="testUser_Login_UI" time="18.245" classname="Scenario_Component.Scenario_Login"/>
  <testcase name="testUser_Login1_Valid" time="17.992" classname="Scenario_Component.Scenario_Login"/>
  <testcase name="testUser_Login2_Valid" time="38.015" classname="Scenario_Component.Scenario_Login"/>
  <testcase name="testUser_Login3_Valid" time="1017.532" classname="Scenario_Component.Scenario_Login">
    <failure type="org.openqa.selenium.TimeoutException" message="Expected condition failed: waiting for visibility of Proxy element for: DefaultElementLocator &amp;apos;By.xpath: //div[@class=&amp;apos;user-sidebar-small&amp;apos;]//li[@id=&amp;apos;lnkUserSdbrToSettings&amp;apos;]//*[@class=&amp;apos;svg-icon svg-fill&amp;apos;]&amp;apos; (tried for 1000 second(s) with 500 milliseconds interval)">
      <![CDATA[org.openqa.selenium.TimeoutException: Expected condition failed: waiting for visibility of Proxy element for: DefaultElementLocator 'By.xpath: //div[@class='user-sidebar-small']//li[@id='lnkUserSdbrToSettings']//*[@class='svg-icon svg-fill']' (tried for 1000 second(s) with 500 milliseconds interval)
	at org.openqa.selenium.support.ui.WebDriverWait.timeoutException(WebDriverWait.java:81)
	at org.openqa.selenium.support.ui.FluentWait.until(FluentWait.java:271)
	at Generic_Component.Base_Class.Explicit_wait(Base_Class.java:79)
	at Scenario_Component.Scenario_Login.testUser_Login3_Valid(Scenario_Login.java:470)
Caused by: org.openqa.selenium.NoSuchElementException: no such element: Unable to locate element: {"method":"xpath","selector":"//div[@class='user-sidebar-small']//li[@id='lnkUserSdbrToSettings']//*[@class='svg-icon svg-fill']"}
  (Session info: chrome=73.0.3683.103)
  (Driver info: chromedriver=73.0.3683.20 (8e2b610813e167eee3619ac4ce6e42e3ec622017),platform=Mac OS X 10.12.6 x86_64) (WARNING: The server did not provide any stacktrace information)
Command duration or timeout: 0 milliseconds
For documentation on this error, please visit: http://seleniumhq.org/exceptions/no_such_element.html
Build info: version: '3.13.0', revision: '2f0d292', time: '2018-06-25T15:24:21.231Z'
System info: host: 'Doconlines-Mac-mini.local', ip: '10.20.1.25', os.name: 'Mac OS X', os.arch: 'x86_64', os.version: '10.12.6', java.version: '1.8.0_202'
Driver info: org.openqa.selenium.chrome.ChromeDriver
Capabilities {acceptInsecureCerts: false, acceptSslCerts: false, applicationCacheEnabled: false, browserConnectionEnabled: false, browserName: chrome, chrome: {chromedriverVersion: 73.0.3683.20 (8e2b610813e16..., userDataDir: /var/folders/2b/q7hs5rz1065...}, cssSelectorsEnabled: true, databaseEnabled: false, goog:chromeOptions: {debuggerAddress: localhost:51485}, handlesAlerts: true, hasTouchScreen: false, javascriptEnabled: true, locationContextEnabled: true, mobileEmulationEnabled: false, nativeEvents: true, networkConnectionEnabled: false, pageLoadStrategy: normal, platform: MAC, platformName: MAC, proxy: Proxy(), rotatable: false, setWindowRect: true, strictFileInteractability: false, takesHeapSnapshot: true, takesScreenshot: true, timeouts: {implicit: 0, pageLoad: 300000, script: 30000}, unexpectedAlertBehaviour: ignore, unhandledPromptBehavior: ignore, version: 73.0.3683.103, webStorageEnabled: true}
Session ID: a85c18027fe0ddbc7344e5180ca0a66d
*** Element info: {Using=xpath, value=//div[@class='user-sidebar-small']//li[@id='lnkUserSdbrToSettings']//*[@class='svg-icon svg-fill']}
	at org.openqa.selenium.remote.ErrorHandler.createThrowable(ErrorHandler.java:214)
	at org.openqa.selenium.remote.ErrorHandler.throwIfResponseFailed(ErrorHandler.java:166)
	at org.openqa.selenium.remote.http.JsonHttpResponseCodec.reconstructValue(JsonHttpResponseCodec.java:40)
	at org.openqa.selenium.remote.http.AbstractHttpResponseCodec.decode(AbstractHttpResponseCodec.java:80)
	at org.openqa.selenium.remote.http.AbstractHttpResponseCodec.decode(AbstractHttpResponseCodec.java:44)
	at org.openqa.selenium.remote.HttpCommandExecutor.execute(HttpCommandExecutor.java:158)
	at org.openqa.selenium.remote.service.DriverCommandExecutor.execute(DriverCommandExecutor.java:83)
	at org.openqa.selenium.remote.RemoteWebDriver.execute(RemoteWebDriver.java:548)
	at org.openqa.selenium.remote.RemoteWebDriver.findElement(RemoteWebDriver.java:322)
	at org.openqa.selenium.remote.RemoteWebDriver.findElementByXPath(RemoteWebDriver.java:424)
	at org.openqa.selenium.By$ByXPath.findElement(By.java:353)
	at org.openqa.selenium.remote.RemoteWebDriver.findElement(RemoteWebDriver.java:314)
	at org.openqa.selenium.support.pagefactory.DefaultElementLocator.findElement(DefaultElementLocator.java:69)
	at org.openqa.selenium.support.pagefactory.internal.LocatingElementHandler.invoke(LocatingElementHandler.java:38)
	at com.sun.proxy.$Proxy10.isDisplayed(Unknown Source)
	at org.openqa.selenium.support.ui.ExpectedConditions.elementIfVisible(ExpectedConditions.java:315)
	at org.openqa.selenium.support.ui.ExpectedConditions.access$100(ExpectedConditions.java:44)
	at org.openqa.selenium.support.ui.ExpectedConditions$10.apply(ExpectedConditions.java:301)
	at org.openqa.selenium.support.ui.ExpectedConditions$10.apply(ExpectedConditions.java:298)
	at org.openqa.selenium.support.ui.FluentWait.until(FluentWait.java:248)
	... 26 more
... Removed 27 stack frames]]>
    </failure>
  </testcase> <!-- testUser_Login3_Valid -->
  <testcase name="testUser_Login_InValid" time="24.112" classname="Scenario_Component.Scenario_Login"/>
  <testcase name="testUser_Login_InValid" time="20.505" classname="Scenario_Component.Scenario_Login"/>
  <testcase name="testUser_Login_InValid" time="26.371" classname="Scenario_Component.Scenario_Login"/>
  <testcase name="testUser_Login_InValid" time="25.797" classname="Scenario_Component.Scenario_Login"/>
  <testcase name="testUser_Login_InValid" time="27.955" classname="Scenario_Component.Scenario_Login"/>
  <testcase name="testUser_Login_InValid" time="30.048" classname="Scenario_Component.Scenario_Login"/>
  <testcase name="testUser_Login_InValid" time="32.326" classname="Scenario_Component.Scenario_Login"/>
  <testcase name="testUser_page_title" time="38.718" classname="Scenario_Component.Scenario_Login"/>
  <testcase name="InvalidUN_Emptypassword" time="26.432" classname="Scenario_Component.Scenario_Login"/>
  <testcase name="testUser_BookConsultation_UI" time="73.854" classname="Scenario_Component.Scenario_BookConsultation"/>
  <testcase name="testUser_Dashboard_UI" time="77.334" classname="Scenario_Component.Scenario_Dashboard"/>
  <testcase name="testurl_User" time="44.59" classname="Scenario_Component.Scenario_CheckURLs"/>
  <testcase name="testUser_BookConsultation_Functionality" time="82.028" classname="Scenario_Component.Scenario_BookConsultation_Functionality"/>
  <testcase name="testUser_BookConsultation_waitingtime" time="75.376" classname="Scenario_Component.Scenario_BookConsultation_Functionality"/>
  <testcase name="testUser_BookConsultation_waitingtime_notes" time="83.78" classname="Scenario_Component.Scenario_BookConsultation_Functionality"/>
  <testcase name="testUser_BookConsultation_schedule" time="84.761" classname="Scenario_Component.Scenario_BookConsultation_Functionality"/>
  <testcase name="testUser_BookConsultation_uploadfile" time="85.32" classname="Scenario_Component.Scenario_BookConsultation_Functionality"/>
  <testcase name="testUser_BookConsultation_waitingtime_upload" time="90.225" classname="Scenario_Component.Scenario_BookConsultation_Functionality"/>
  <testcase name="testUser_BookConsultation_schedule_note_upload" time="96.979" classname="Scenario_Component.Scenario_BookConsultation_Functionality"/>
  <testcase name="testUser_BookConsultation_waitingtime_note_upload" time="92.584" classname="Scenario_Component.Scenario_BookConsultation_Functionality"/>
  <testcase name="testUser_BookConsultation_schedule_audio" time="99.042" classname="Scenario_Component.Scenario_BookConsultation_Functionality"/>
  <testcase name="testUser_BookConsultation_waiting_audio" time="96.919" classname="Scenario_Component.Scenario_BookConsultation_Functionality"/>
  <testcase name="testUser_BookConsultation_schedule_note_audio" time="108.178" classname="Scenario_Component.Scenario_BookConsultation_Functionality"/>
  <testcase name="testUser_BookConsultation_waiting_note_audio" time="102.892" classname="Scenario_Component.Scenario_BookConsultation_Functionality"/>
  <testcase name="testUser_BookConsultation_schedule_file_audio" time="103.302" classname="Scenario_Component.Scenario_BookConsultation_Functionality"/>
  <testcase name="testUser_BookConsultation_waiting_file_audio" time="103.306" classname="Scenario_Component.Scenario_BookConsultation_Functionality"/>
  <testcase name="testUser_BookConsultation_schedule_file_note_audio" time="119.142" classname="Scenario_Component.Scenario_BookConsultation_Functionality"/>
  <testcase name="testUser_BookConsultation_waiting_note_file_audio" time="114.703" classname="Scenario_Component.Scenario_BookConsultation_Functionality"/>
  <testcase name="testUser_BookConsultation_schedule_telephone_audio" time="110.853" classname="Scenario_Component.Scenario_BookConsultation_Functionality"/>
  <testcase name="testUser_BookConsultation_waiting_telephone_audio" time="108.789" classname="Scenario_Component.Scenario_BookConsultation_Functionality"/>
  <testcase name="testUser_BookConsultation_schedule_telephone_audio_notes" time="112.561" classname="Scenario_Component.Scenario_BookConsultation_Functionality"/>
  <testcase name="testUser_BookConsultation_waiting_telephone_audio_Notes" time="111.877" classname="Scenario_Component.Scenario_BookConsultation_Functionality"/>
  <testcase name="testUser_BookConsultation_schedule_telephone_audio_upload" time="112.354" classname="Scenario_Component.Scenario_BookConsultation_Functionality"/>
  <testcase name="testUser_BookConsultation_waiting_telephone_audio_File" time="113.843" classname="Scenario_Component.Scenario_BookConsultation_Functionality"/>
  <testcase name="testUser_BookConsultation_schedule_telephone_audio_upload_notes" time="117.127" classname="Scenario_Component.Scenario_BookConsultation_Functionality"/>
  <testcase name="testUser_BookConsultation_waiting_telephone_audio_File_Note" time="112.36" classname="Scenario_Component.Scenario_BookConsultation_Functionality"/>
  <testcase name="testUser_BookConsultation_schedule_video_lang" time="102.074" classname="Scenario_Component.Scenario_BookConsultation_Functionality"/>
  <testcase name="testUser_BookConsultation_waiting_video_lang" time="97.602" classname="Scenario_Component.Scenario_BookConsultation_Functionality"/>
  <testcase name="testUser_BookConsultation_schedule_video_lang_note" time="108.125" classname="Scenario_Component.Scenario_BookConsultation_Functionality"/>
  <testcase name="testUser_BookConsultation_waiting_video_lang_note" time="101.428" classname="Scenario_Component.Scenario_BookConsultation_Functionality"/>
  <testcase name="testUser_BookConsultation_schedule_video_lang_file" time="98.164" classname="Scenario_Component.Scenario_BookConsultation_Functionality"/>
  <testcase name="testUser_BookConsultation_waiting_video_lang_file" time="93.558" classname="Scenario_Component.Scenario_BookConsultation_Functionality"/>
  <testcase name="testUser_BookConsultation_schedule_video_lang_file_note" time="96.768" classname="Scenario_Component.Scenario_BookConsultation_Functionality"/>
  <testcase name="testUser_BookConsultation_waiting_video_lang_file_note" time="88.41" classname="Scenario_Component.Scenario_BookConsultation_Functionality"/>
  <testcase name="testUser_BookConsultation_schedule_audio_lang" time="82.654" classname="Scenario_Component.Scenario_BookConsultation_Functionality"/>
  <testcase name="testUser_BookConsultation_waiting_audio_lang" time="79.93" classname="Scenario_Component.Scenario_BookConsultation_Functionality"/>
  <testcase name="testUser_BookConsultation_schedule_audio_lang_note" time="84.966" classname="Scenario_Component.Scenario_BookConsultation_Functionality"/>
  <testcase name="testUser_BookConsultation_waiting_audio_lang_note" time="75.16" classname="Scenario_Component.Scenario_BookConsultation_Functionality"/>
  <testcase name="testUser_BookConsultation_schedule_audio_lang_file" time="63.693" classname="Scenario_Component.Scenario_BookConsultation_Functionality"/>
  <testcase name="testUser_BookConsultation_waiting_audio_lang_file" time="58.979" classname="Scenario_Component.Scenario_BookConsultation_Functionality"/>
  <testcase name="testUser_BookConsultation_schedule_audio_lang_file_note" time="57.514" classname="Scenario_Component.Scenario_BookConsultation_Functionality"/>
  <testcase name="testUser_BookConsultation_waiting_audio_lang_file_note" time="51.562" classname="Scenario_Component.Scenario_BookConsultation_Functionality"/>
  <testcase name="testUser_BookConsultation_schedule_audio_telephone_lang" time="41.242" classname="Scenario_Component.Scenario_BookConsultation_Functionality"/>
  <testcase name="testUser_BookConsultation_waiting_audio_telephone_lang" time="29.872" classname="Scenario_Component.Scenario_BookConsultation_Functionality"/>
  <testcase name="testUser_BookConsultation_schedule_audio_telephone_lang_note" time="26.735" classname="Scenario_Component.Scenario_BookConsultation_Functionality"/>
  <testcase name="testUser_BookConsultation_waiting_audio_telephone_lang_note" time="20.481" classname="Scenario_Component.Scenario_BookConsultation_Functionality"/>
  <testcase name="testUser_BookConsultation_schedule_audio_telephone_lang_file" time="21.058" classname="Scenario_Component.Scenario_BookConsultation_Functionality"/>
  <testcase name="testUser_BookConsultation_waiting_audio_telephone_lang_file" time="14.221" classname="Scenario_Component.Scenario_BookConsultation_Functionality"/>
  <testcase name="testUser_BookConsultation_schedule_audio_telephone_lang_file_note" time="0.332" classname="Scenario_Component.Scenario_BookConsultation_Functionality">
    <failure type="java.lang.OutOfMemoryError" message="Java heap space">
      <![CDATA[java.lang.OutOfMemoryError: Java heap space
]]>
    </failure>
  </testcase> <!-- testUser_BookConsultation_schedule_audio_telephone_lang_file_note -->
  <testcase name="testUser_BookConsultation_waiting_audio_telephone_lang_file_note" time="0.255" classname="Scenario_Component.Scenario_BookConsultation_Functionality">
    <failure type="java.lang.OutOfMemoryError" message="Java heap space">
      <![CDATA[java.lang.OutOfMemoryError: Java heap space
]]>
    </failure>
  </testcase> <!-- testUser_BookConsultation_waiting_audio_telephone_lang_file_note -->
  <testcase name="testUser_BookConsultation_schedule_video_allowdoctor" time="0.256" classname="Scenario_Component.Scenario_BookConsultation_Functionality">
    <failure type="java.lang.OutOfMemoryError" message="Java heap space">
      <![CDATA[java.lang.OutOfMemoryError: Java heap space
]]>
    </failure>
  </testcase> <!-- testUser_BookConsultation_schedule_video_allowdoctor -->
  <testcase name="testUser_BookConsultation_waiting_video_allow_doctor" time="0.255" classname="Scenario_Component.Scenario_BookConsultation_Functionality">
    <failure type="java.lang.OutOfMemoryError" message="Java heap space">
      <![CDATA[java.lang.OutOfMemoryError: Java heap space
]]>
    </failure>
  </testcase> <!-- testUser_BookConsultation_waiting_video_allow_doctor -->
  <testcase name="testUser_BookConsultation_schedule_video_allow_doctor_note" time="0.39" classname="Scenario_Component.Scenario_BookConsultation_Functionality">
    <failure type="java.lang.OutOfMemoryError" message="GC overhead limit exceeded">
      <![CDATA[java.lang.OutOfMemoryError: GC overhead limit exceeded
]]>
    </failure>
  </testcase> <!-- testUser_BookConsultation_schedule_video_allow_doctor_note -->
  <testcase name="testUser_BookConsultation_waiting_video_allow_doctor_note" time="0.258" classname="Scenario_Component.Scenario_BookConsultation_Functionality">
    <failure type="java.lang.OutOfMemoryError" message="GC overhead limit exceeded">
      <![CDATA[java.lang.OutOfMemoryError: GC overhead limit exceeded
]]>
    </failure>
  </testcase> <!-- testUser_BookConsultation_waiting_video_allow_doctor_note -->
  <testcase name="testUser_BookConsultation_schedule_video_allow_doctor_file" time="0.528" classname="Scenario_Component.Scenario_BookConsultation_Functionality">
    <skipped/>
  </testcase> <!-- testUser_BookConsultation_schedule_video_allow_doctor_file -->
  <testcase name="testUser_BookConsultation_waiting_video_allow_doctor_file" time="21.633" classname="Scenario_Component.Scenario_BookConsultation_Functionality"/>
  <testcase name="testUser_BookConsultation_schedule_video_allow_doctor_file_note" time="18.059" classname="Scenario_Component.Scenario_BookConsultation_Functionality"/>
  <testcase name="testUser_BookConsultation_waiting_video_allow_doctor_file_note" time="0.336" classname="Scenario_Component.Scenario_BookConsultation_Functionality">
    <failure type="java.lang.OutOfMemoryError" message="Java heap space">
      <![CDATA[java.lang.OutOfMemoryError: Java heap space
]]>
    </failure>
  </testcase> <!-- testUser_BookConsultation_waiting_video_allow_doctor_file_note -->
  <testcase name="testUser_BookConsultation_schedule_audio_allow_doctor" time="0.313" classname="Scenario_Component.Scenario_BookConsultation_Functionality">
    <failure type="java.lang.OutOfMemoryError" message="Java heap space">
      <![CDATA[java.lang.OutOfMemoryError: Java heap space
]]>
    </failure>
  </testcase> <!-- testUser_BookConsultation_schedule_audio_allow_doctor -->
  <testcase name="testUser_BookConsultation_waiting_audio_allow_doctor" time="0.358" classname="Scenario_Component.Scenario_BookConsultation_Functionality">
    <failure type="java.lang.OutOfMemoryError" message="Java heap space">
      <![CDATA[java.lang.OutOfMemoryError: Java heap space
]]>
    </failure>
  </testcase> <!-- testUser_BookConsultation_waiting_audio_allow_doctor -->
  <testcase name="testUser_BookConsultation_schedule_audio_allow_doctor_note" time="0.346" classname="Scenario_Component.Scenario_BookConsultation_Functionality">
    <failure type="java.lang.OutOfMemoryError" message="Java heap space">
      <![CDATA[java.lang.OutOfMemoryError: Java heap space
]]>
    </failure>
  </testcase> <!-- testUser_BookConsultation_schedule_audio_allow_doctor_note -->
  <testcase name="testUser_BookConsultation_waiting_audio_allow_doctor_note" time="0.487" classname="Scenario_Component.Scenario_BookConsultation_Functionality">
    <failure type="java.lang.OutOfMemoryError" message="Java heap space">
      <![CDATA[java.lang.OutOfMemoryError: Java heap space
]]>
    </failure>
  </testcase> <!-- testUser_BookConsultation_waiting_audio_allow_doctor_note -->
  <testcase name="testUser_BookConsultation_schedule_audio_allow_doctor_file" time="0.285" classname="Scenario_Component.Scenario_BookConsultation_Functionality">
    <failure type="java.lang.OutOfMemoryError" message="Java heap space">
      <![CDATA[java.lang.OutOfMemoryError: Java heap space
]]>
    </failure>
  </testcase> <!-- testUser_BookConsultation_schedule_audio_allow_doctor_file -->
  <testcase name="testUser_BookConsultation_waiting_audio_allow_doctor_file" time="0.28" classname="Scenario_Component.Scenario_BookConsultation_Functionality">
    <failure type="java.lang.OutOfMemoryError" message="Java heap space">
      <![CDATA[java.lang.OutOfMemoryError: Java heap space
]]>
    </failure>
  </testcase> <!-- testUser_BookConsultation_waiting_audio_allow_doctor_file -->
  <testcase name="testUser_BookConsultation_schedule_audio_allow_doctor_file_note" time="0.285" classname="Scenario_Component.Scenario_BookConsultation_Functionality">
    <failure type="java.lang.OutOfMemoryError" message="Java heap space">
      <![CDATA[java.lang.OutOfMemoryError: Java heap space
]]>
    </failure>
  </testcase> <!-- testUser_BookConsultation_schedule_audio_allow_doctor_file_note -->
  <testcase name="testUser_BookConsultation_waiting_audio_allow_doctor_file_note" time="0.284" classname="Scenario_Component.Scenario_BookConsultation_Functionality">
    <failure type="java.lang.OutOfMemoryError" message="Java heap space">
      <![CDATA[java.lang.OutOfMemoryError: Java heap space
]]>
    </failure>
  </testcase> <!-- testUser_BookConsultation_waiting_audio_allow_doctor_file_note -->
  <testcase name="testUser_BookConsultation_schedule_audio_telephone_allow_doctor" time="0.286" classname="Scenario_Component.Scenario_BookConsultation_Functionality">
    <failure type="java.lang.OutOfMemoryError" message="Java heap space">
      <![CDATA[java.lang.OutOfMemoryError: Java heap space
]]>
    </failure>
  </testcase> <!-- testUser_BookConsultation_schedule_audio_telephone_allow_doctor -->
  <testcase name="testUser_BookConsultation_waiting_audio_telephone_allow_doctor" time="0.294" classname="Scenario_Component.Scenario_BookConsultation_Functionality">
    <failure type="java.lang.OutOfMemoryError" message="Java heap space">
      <![CDATA[java.lang.OutOfMemoryError: Java heap space
]]>
    </failure>
  </testcase> <!-- testUser_BookConsultation_waiting_audio_telephone_allow_doctor -->
  <testcase name="testUser_BookConsultation_schedule_audio_telephone_allow_doctor_note" time="0.277" classname="Scenario_Component.Scenario_BookConsultation_Functionality">
    <failure type="java.lang.OutOfMemoryError" message="Java heap space">
      <![CDATA[java.lang.OutOfMemoryError: Java heap space
]]>
    </failure>
  </testcase> <!-- testUser_BookConsultation_schedule_audio_telephone_allow_doctor_note -->
  <testcase name="testUser_BookConsultation_waiting_audio_telephone_allow_doctor_note" time="0.286" classname="Scenario_Component.Scenario_BookConsultation_Functionality">
    <failure type="java.lang.OutOfMemoryError" message="Java heap space">
      <![CDATA[java.lang.OutOfMemoryError: Java heap space
]]>
    </failure>
  </testcase> <!-- testUser_BookConsultation_waiting_audio_telephone_allow_doctor_note -->
  <testcase name="testUser_BookConsultation_schedule_audio_telephone_allow_doctor_file" time="0.287" classname="Scenario_Component.Scenario_BookConsultation_Functionality">
    <failure type="java.lang.OutOfMemoryError" message="Java heap space">
      <![CDATA[java.lang.OutOfMemoryError: Java heap space
]]>
    </failure>
  </testcase> <!-- testUser_BookConsultation_schedule_audio_telephone_allow_doctor_file -->
  <testcase name="testUser_BookConsultation_waiting_audio_telephone_allow_doctor_file" time="0.286" classname="Scenario_Component.Scenario_BookConsultation_Functionality">
    <failure type="java.lang.OutOfMemoryError" message="Java heap space">
      <![CDATA[java.lang.OutOfMemoryError: Java heap space
]]>
    </failure>
  </testcase> <!-- testUser_BookConsultation_waiting_audio_telephone_allow_doctor_file -->
  <testcase name="testUser_BookConsultation_schedule_audio_telephone_allow_doctor_file_note" time="0.283" classname="Scenario_Component.Scenario_BookConsultation_Functionality">
    <failure type="java.lang.OutOfMemoryError" message="Java heap space">
      <![CDATA[java.lang.OutOfMemoryError: Java heap space
]]>
    </failure>
  </testcase> <!-- testUser_BookConsultation_schedule_audio_telephone_allow_doctor_file_note -->
  <testcase name="testUser_BookConsultation_waiting_audio_telephone_allow_doctor_file_note" time="0.285" classname="Scenario_Component.Scenario_BookConsultation_Functionality">
    <failure type="java.lang.OutOfMemoryError" message="Java heap space">
      <![CDATA[java.lang.OutOfMemoryError: Java heap space
]]>
    </failure>
  </testcase> <!-- testUser_BookConsultation_waiting_audio_telephone_allow_doctor_file_note -->
</testsuite> <!-- DocOnline Web Automation  - Test Suit -->
