<?xml version="1.0" encoding="UTF-8"?>
<!-- Generated by org.testng.reporters.JUnitXMLReporter -->
<testsuite hostname="Doconlines-Mac-mini.local" name="DocOnline Web Automation  Test Suit" tests="88" failures="1" timestamp="23 Apr 2019 09:10:17 GMT" time="10922.213" errors="0">
  <testcase name="testUser_Login_UI" time="13.867" classname="Scenario_Component.Scenario_Login"/>
  <testcase name="testUser_Login1_Valid" time="15.579" classname="Scenario_Component.Scenario_Login"/>
  <testcase name="testUser_Login2_Valid" time="35.715" classname="Scenario_Component.Scenario_Login"/>
  <testcase name="testUser_Login3_Valid" time="28.81" classname="Scenario_Component.Scenario_Login">
    <failure type="org.openqa.selenium.WebDriverException" message="chrome not reachable
  (Session info: chrome=73.0.3683.103)
  (Driver info: chromedriver=73.0.3683.20 (8e2b610813e167eee3619ac4ce6e42e3ec622017),platform=Mac OS X 10.12.6 x86_64) (WARNING: The server did not provide any stacktrace information)
Command duration or timeout: 0 milliseconds
Build info: version: &amp;apos;3.13.0&amp;apos;, revision: &amp;apos;2f0d292&amp;apos;, time: &amp;apos;2018-06-25T15:24:21.231Z&amp;apos;
System info: host: &amp;apos;Doconlines-Mac-mini.local&amp;apos;, ip: &amp;apos;fe80:0:0:0:142c:3a0e:584e:7fc%en0&amp;apos;, os.name: &amp;apos;Mac OS X&amp;apos;, os.arch: &amp;apos;x86_64&amp;apos;, os.version: &amp;apos;10.12.6&amp;apos;, java.version: &amp;apos;1.8.0_202&amp;apos;
Driver info: org.openqa.selenium.chrome.ChromeDriver
Capabilities {acceptInsecureCerts: false, acceptSslCerts: false, applicationCacheEnabled: false, browserConnectionEnabled: false, browserName: chrome, chrome: {chromedriverVersion: 73.0.3683.20 (8e2b610813e16..., userDataDir: /var/folders/2b/q7hs5rz1065...}, cssSelectorsEnabled: true, databaseEnabled: false, goog:chromeOptions: {debuggerAddress: localhost:58049}, handlesAlerts: true, hasTouchScreen: false, javascriptEnabled: true, locationContextEnabled: true, mobileEmulationEnabled: false, nativeEvents: true, networkConnectionEnabled: false, pageLoadStrategy: normal, platform: MAC, platformName: MAC, proxy: Proxy(), rotatable: false, setWindowRect: true, strictFileInteractability: false, takesHeapSnapshot: true, takesScreenshot: true, timeouts: {implicit: 0, pageLoad: 300000, script: 30000}, unexpectedAlertBehaviour: ignore, unhandledPromptBehavior: ignore, version: 73.0.3683.103, webStorageEnabled: true}
Session ID: 5a0e6b9c5fed08f3c76d5135b62e8fbd
*** Element info: {Using=xpath, value=//div[@class=&amp;apos;user-sidebar-small&amp;apos;]//li[@id=&amp;apos;lnkUserSdbrToSettings&amp;apos;]//*[@class=&amp;apos;svg-icon svg-fill&amp;apos;]}">
      <![CDATA[org.openqa.selenium.WebDriverException: chrome not reachable
  (Session info: chrome=73.0.3683.103)
  (Driver info: chromedriver=73.0.3683.20 (8e2b610813e167eee3619ac4ce6e42e3ec622017),platform=Mac OS X 10.12.6 x86_64) (WARNING: The server did not provide any stacktrace information)
Command duration or timeout: 0 milliseconds
Build info: version: '3.13.0', revision: '2f0d292', time: '2018-06-25T15:24:21.231Z'
System info: host: 'Doconlines-Mac-mini.local', ip: 'fe80:0:0:0:142c:3a0e:584e:7fc%en0', os.name: 'Mac OS X', os.arch: 'x86_64', os.version: '10.12.6', java.version: '1.8.0_202'
Driver info: org.openqa.selenium.chrome.ChromeDriver
Capabilities {acceptInsecureCerts: false, acceptSslCerts: false, applicationCacheEnabled: false, browserConnectionEnabled: false, browserName: chrome, chrome: {chromedriverVersion: 73.0.3683.20 (8e2b610813e16..., userDataDir: /var/folders/2b/q7hs5rz1065...}, cssSelectorsEnabled: true, databaseEnabled: false, goog:chromeOptions: {debuggerAddress: localhost:58049}, handlesAlerts: true, hasTouchScreen: false, javascriptEnabled: true, locationContextEnabled: true, mobileEmulationEnabled: false, nativeEvents: true, networkConnectionEnabled: false, pageLoadStrategy: normal, platform: MAC, platformName: MAC, proxy: Proxy(), rotatable: false, setWindowRect: true, strictFileInteractability: false, takesHeapSnapshot: true, takesScreenshot: true, timeouts: {implicit: 0, pageLoad: 300000, script: 30000}, unexpectedAlertBehaviour: ignore, unhandledPromptBehavior: ignore, version: 73.0.3683.103, webStorageEnabled: true}
Session ID: 5a0e6b9c5fed08f3c76d5135b62e8fbd
*** Element info: {Using=xpath, value=//div[@class='user-sidebar-small']//li[@id='lnkUserSdbrToSettings']//*[@class='svg-icon svg-fill']}
	at org.openqa.selenium.remote.ErrorHandler.createThrowable(ErrorHandler.java:214)
	at org.openqa.selenium.remote.ErrorHandler.throwIfResponseFailed(ErrorHandler.java:166)
	at org.openqa.selenium.remote.http.JsonHttpResponseCodec.reconstructValue(JsonHttpResponseCodec.java:40)
	at org.openqa.selenium.remote.http.AbstractHttpResponseCodec.decode(AbstractHttpResponseCodec.java:80)
	at org.openqa.selenium.remote.http.AbstractHttpResponseCodec.decode(AbstractHttpResponseCodec.java:44)
	at org.openqa.selenium.remote.HttpCommandExecutor.execute(HttpCommandExecutor.java:158)
	at org.openqa.selenium.remote.service.DriverCommandExecutor.execute(DriverCommandExecutor.java:83)
	at org.openqa.selenium.remote.RemoteWebDriver.execute(RemoteWebDriver.java:548)
	at org.openqa.selenium.remote.RemoteWebDriver.findElement(RemoteWebDriver.java:322)
	at org.openqa.selenium.remote.RemoteWebDriver.findElementByXPath(RemoteWebDriver.java:424)
	at org.openqa.selenium.By$ByXPath.findElement(By.java:353)
	at org.openqa.selenium.remote.RemoteWebDriver.findElement(RemoteWebDriver.java:314)
	at org.openqa.selenium.support.pagefactory.DefaultElementLocator.findElement(DefaultElementLocator.java:69)
	at org.openqa.selenium.support.pagefactory.internal.LocatingElementHandler.invoke(LocatingElementHandler.java:38)
	at com.sun.proxy.$Proxy10.isDisplayed(Unknown Source)
	at org.openqa.selenium.support.ui.ExpectedConditions.elementIfVisible(ExpectedConditions.java:315)
	at org.openqa.selenium.support.ui.ExpectedConditions.access$100(ExpectedConditions.java:44)
	at org.openqa.selenium.support.ui.ExpectedConditions$10.apply(ExpectedConditions.java:301)
	at org.openqa.selenium.support.ui.ExpectedConditions$10.apply(ExpectedConditions.java:298)
	at org.openqa.selenium.support.ui.FluentWait.until(FluentWait.java:248)
	at Generic_Component.Base_Class.Explicit_wait(Base_Class.java:79)
	at Scenario_Component.Scenario_Login.testUser_Login3_Valid(Scenario_Login.java:470)
... Removed 28 stack frames]]>
    </failure>
  </testcase> <!-- testUser_Login3_Valid -->
  <testcase name="testUser_Login_InValid" time="18.055" classname="Scenario_Component.Scenario_Login"/>
  <testcase name="testUser_Login_InValid" time="19.677" classname="Scenario_Component.Scenario_Login"/>
  <testcase name="testUser_Login_InValid" time="24.151" classname="Scenario_Component.Scenario_Login"/>
  <testcase name="testUser_Login_InValid" time="24.345" classname="Scenario_Component.Scenario_Login"/>
  <testcase name="testUser_Login_InValid" time="27.232" classname="Scenario_Component.Scenario_Login"/>
  <testcase name="testUser_Login_InValid" time="28.718" classname="Scenario_Component.Scenario_Login"/>
  <testcase name="testUser_Login_InValid" time="35.769" classname="Scenario_Component.Scenario_Login"/>
  <testcase name="testUser_page_title" time="38.71" classname="Scenario_Component.Scenario_Login"/>
  <testcase name="InvalidUN_Emptypassword" time="19.209" classname="Scenario_Component.Scenario_Login"/>
  <testcase name="testUser_BookConsultation_UI" time="71.139" classname="Scenario_Component.Scenario_BookConsultation"/>
  <testcase name="testUser_Dashboard_UI" time="71.495" classname="Scenario_Component.Scenario_Dashboard"/>
  <testcase name="testurl_User" time="40.417" classname="Scenario_Component.Scenario_CheckURLs"/>
  <testcase name="testUser_BookConsultation_Functionality" time="86.344" classname="Scenario_Component.Scenario_BookConsultation_Functionality"/>
  <testcase name="testUser_BookConsultation_waitingtime" time="84.71" classname="Scenario_Component.Scenario_BookConsultation_Functionality"/>
  <testcase name="testUser_BookConsultation_waitingtime_notes" time="86.817" classname="Scenario_Component.Scenario_BookConsultation_Functionality"/>
  <testcase name="testUser_BookConsultation_schedule" time="97.804" classname="Scenario_Component.Scenario_BookConsultation_Functionality"/>
  <testcase name="testUser_BookConsultation_uploadfile" time="98.132" classname="Scenario_Component.Scenario_BookConsultation_Functionality"/>
  <testcase name="testUser_BookConsultation_waitingtime_upload" time="93.539" classname="Scenario_Component.Scenario_BookConsultation_Functionality"/>
  <testcase name="testUser_BookConsultation_schedule_note_upload" time="104.693" classname="Scenario_Component.Scenario_BookConsultation_Functionality"/>
  <testcase name="testUser_BookConsultation_waitingtime_note_upload" time="106.563" classname="Scenario_Component.Scenario_BookConsultation_Functionality"/>
  <testcase name="testUser_BookConsultation_schedule_audio" time="112.321" classname="Scenario_Component.Scenario_BookConsultation_Functionality"/>
  <testcase name="testUser_BookConsultation_waiting_audio" time="112.492" classname="Scenario_Component.Scenario_BookConsultation_Functionality"/>
  <testcase name="testUser_BookConsultation_schedule_note_audio" time="124.206" classname="Scenario_Component.Scenario_BookConsultation_Functionality"/>
  <testcase name="testUser_BookConsultation_waiting_note_audio" time="123.108" classname="Scenario_Component.Scenario_BookConsultation_Functionality"/>
  <testcase name="testUser_BookConsultation_schedule_file_audio" time="119.521" classname="Scenario_Component.Scenario_BookConsultation_Functionality"/>
  <testcase name="testUser_BookConsultation_waiting_file_audio" time="121.981" classname="Scenario_Component.Scenario_BookConsultation_Functionality"/>
  <testcase name="testUser_BookConsultation_schedule_file_note_audio" time="125.87" classname="Scenario_Component.Scenario_BookConsultation_Functionality"/>
  <testcase name="testUser_BookConsultation_waiting_note_file_audio" time="129.973" classname="Scenario_Component.Scenario_BookConsultation_Functionality"/>
  <testcase name="testUser_BookConsultation_schedule_telephone_audio" time="132.926" classname="Scenario_Component.Scenario_BookConsultation_Functionality"/>
  <testcase name="testUser_BookConsultation_waiting_telephone_audio" time="122.17" classname="Scenario_Component.Scenario_BookConsultation_Functionality"/>
  <testcase name="testUser_BookConsultation_schedule_telephone_audio_notes" time="130.409" classname="Scenario_Component.Scenario_BookConsultation_Functionality"/>
  <testcase name="testUser_BookConsultation_waiting_telephone_audio_Notes" time="136.116" classname="Scenario_Component.Scenario_BookConsultation_Functionality"/>
  <testcase name="testUser_BookConsultation_schedule_telephone_audio_upload" time="123.301" classname="Scenario_Component.Scenario_BookConsultation_Functionality"/>
  <testcase name="testUser_BookConsultation_waiting_telephone_audio_File" time="127.575" classname="Scenario_Component.Scenario_BookConsultation_Functionality"/>
  <testcase name="testUser_BookConsultation_schedule_telephone_audio_upload_notes" time="138.329" classname="Scenario_Component.Scenario_BookConsultation_Functionality"/>
  <testcase name="testUser_BookConsultation_waiting_telephone_audio_File_Note" time="149.682" classname="Scenario_Component.Scenario_BookConsultation_Functionality"/>
  <testcase name="testUser_BookConsultation_schedule_video_lang" time="142.653" classname="Scenario_Component.Scenario_BookConsultation_Functionality"/>
  <testcase name="testUser_BookConsultation_waiting_video_lang" time="135.614" classname="Scenario_Component.Scenario_BookConsultation_Functionality"/>
  <testcase name="testUser_BookConsultation_schedule_video_lang_note" time="152.135" classname="Scenario_Component.Scenario_BookConsultation_Functionality"/>
  <testcase name="testUser_BookConsultation_waiting_video_lang_note" time="144.741" classname="Scenario_Component.Scenario_BookConsultation_Functionality"/>
  <testcase name="testUser_BookConsultation_schedule_video_lang_file" time="151.59" classname="Scenario_Component.Scenario_BookConsultation_Functionality"/>
  <testcase name="testUser_BookConsultation_waiting_video_lang_file" time="140.417" classname="Scenario_Component.Scenario_BookConsultation_Functionality"/>
  <testcase name="testUser_BookConsultation_schedule_video_lang_file_note" time="157.813" classname="Scenario_Component.Scenario_BookConsultation_Functionality"/>
  <testcase name="testUser_BookConsultation_waiting_video_lang_file_note" time="153.081" classname="Scenario_Component.Scenario_BookConsultation_Functionality"/>
  <testcase name="testUser_BookConsultation_schedule_audio_lang" time="156.731" classname="Scenario_Component.Scenario_BookConsultation_Functionality"/>
  <testcase name="testUser_BookConsultation_waiting_audio_lang" time="145.048" classname="Scenario_Component.Scenario_BookConsultation_Functionality"/>
  <testcase name="testUser_BookConsultation_schedule_audio_lang_note" time="163.796" classname="Scenario_Component.Scenario_BookConsultation_Functionality"/>
  <testcase name="testUser_BookConsultation_waiting_audio_lang_note" time="167.999" classname="Scenario_Component.Scenario_BookConsultation_Functionality"/>
  <testcase name="testUser_BookConsultation_schedule_audio_lang_file" time="145.911" classname="Scenario_Component.Scenario_BookConsultation_Functionality"/>
  <testcase name="testUser_BookConsultation_waiting_audio_lang_file" time="153.259" classname="Scenario_Component.Scenario_BookConsultation_Functionality"/>
  <testcase name="testUser_BookConsultation_schedule_audio_lang_file_note" time="199.55" classname="Scenario_Component.Scenario_BookConsultation_Functionality"/>
  <testcase name="testUser_BookConsultation_waiting_audio_lang_file_note" time="164.987" classname="Scenario_Component.Scenario_BookConsultation_Functionality"/>
  <testcase name="testUser_BookConsultation_schedule_audio_telephone_lang" time="157.029" classname="Scenario_Component.Scenario_BookConsultation_Functionality"/>
  <testcase name="testUser_BookConsultation_waiting_audio_telephone_lang" time="153.754" classname="Scenario_Component.Scenario_BookConsultation_Functionality"/>
  <testcase name="testUser_BookConsultation_schedule_audio_telephone_lang_note" time="170.537" classname="Scenario_Component.Scenario_BookConsultation_Functionality"/>
  <testcase name="testUser_BookConsultation_waiting_audio_telephone_lang_note" time="173.469" classname="Scenario_Component.Scenario_BookConsultation_Functionality"/>
  <testcase name="testUser_BookConsultation_schedule_audio_telephone_lang_file" time="158.983" classname="Scenario_Component.Scenario_BookConsultation_Functionality"/>
  <testcase name="testUser_BookConsultation_waiting_audio_telephone_lang_file" time="149.814" classname="Scenario_Component.Scenario_BookConsultation_Functionality"/>
  <testcase name="testUser_BookConsultation_schedule_audio_telephone_lang_file_note" time="183.073" classname="Scenario_Component.Scenario_BookConsultation_Functionality"/>
  <testcase name="testUser_BookConsultation_waiting_audio_telephone_lang_file_note" time="173.544" classname="Scenario_Component.Scenario_BookConsultation_Functionality"/>
  <testcase name="testUser_BookConsultation_schedule_video_allowdoctor" time="156.683" classname="Scenario_Component.Scenario_BookConsultation_Functionality"/>
  <testcase name="testUser_BookConsultation_waiting_video_allow_doctor" time="162.924" classname="Scenario_Component.Scenario_BookConsultation_Functionality"/>
  <testcase name="testUser_BookConsultation_schedule_video_allow_doctor_note" time="184.964" classname="Scenario_Component.Scenario_BookConsultation_Functionality"/>
  <testcase name="testUser_BookConsultation_waiting_video_allow_doctor_note" time="164.537" classname="Scenario_Component.Scenario_BookConsultation_Functionality"/>
  <testcase name="testUser_BookConsultation_schedule_video_allow_doctor_file" time="164.015" classname="Scenario_Component.Scenario_BookConsultation_Functionality"/>
  <testcase name="testUser_BookConsultation_waiting_video_allow_doctor_file" time="166.561" classname="Scenario_Component.Scenario_BookConsultation_Functionality"/>
  <testcase name="testUser_BookConsultation_schedule_video_allow_doctor_file_note" time="179.008" classname="Scenario_Component.Scenario_BookConsultation_Functionality"/>
  <testcase name="testUser_BookConsultation_waiting_video_allow_doctor_file_note" time="158.01" classname="Scenario_Component.Scenario_BookConsultation_Functionality"/>
  <testcase name="testUser_BookConsultation_schedule_audio_allow_doctor" time="163.5" classname="Scenario_Component.Scenario_BookConsultation_Functionality"/>
  <testcase name="testUser_BookConsultation_waiting_audio_allow_doctor" time="148.272" classname="Scenario_Component.Scenario_BookConsultation_Functionality"/>
  <testcase name="testUser_BookConsultation_schedule_audio_allow_doctor_note" time="152.91" classname="Scenario_Component.Scenario_BookConsultation_Functionality"/>
  <testcase name="testUser_BookConsultation_waiting_audio_allow_doctor_note" time="154.891" classname="Scenario_Component.Scenario_BookConsultation_Functionality"/>
  <testcase name="testUser_BookConsultation_schedule_audio_allow_doctor_file" time="158.172" classname="Scenario_Component.Scenario_BookConsultation_Functionality"/>
  <testcase name="testUser_BookConsultation_waiting_audio_allow_doctor_file" time="152.082" classname="Scenario_Component.Scenario_BookConsultation_Functionality"/>
  <testcase name="testUser_BookConsultation_schedule_audio_allow_doctor_file_note" time="166.718" classname="Scenario_Component.Scenario_BookConsultation_Functionality"/>
  <testcase name="testUser_BookConsultation_waiting_audio_allow_doctor_file_note" time="157.649" classname="Scenario_Component.Scenario_BookConsultation_Functionality"/>
  <testcase name="testUser_BookConsultation_schedule_audio_telephone_allow_doctor" time="144.75" classname="Scenario_Component.Scenario_BookConsultation_Functionality"/>
  <testcase name="testUser_BookConsultation_waiting_audio_telephone_allow_doctor" time="143.746" classname="Scenario_Component.Scenario_BookConsultation_Functionality"/>
  <testcase name="testUser_BookConsultation_schedule_audio_telephone_allow_doctor_note" time="162.933" classname="Scenario_Component.Scenario_BookConsultation_Functionality"/>
  <testcase name="testUser_BookConsultation_waiting_audio_telephone_allow_doctor_note" time="155.499" classname="Scenario_Component.Scenario_BookConsultation_Functionality"/>
  <testcase name="testUser_BookConsultation_schedule_audio_telephone_allow_doctor_file" time="155.635" classname="Scenario_Component.Scenario_BookConsultation_Functionality"/>
  <testcase name="testUser_BookConsultation_waiting_audio_telephone_allow_doctor_file" time="149.618" classname="Scenario_Component.Scenario_BookConsultation_Functionality"/>
  <testcase name="testUser_BookConsultation_schedule_audio_telephone_allow_doctor_file_note" time="154.506" classname="Scenario_Component.Scenario_BookConsultation_Functionality"/>
  <testcase name="testUser_BookConsultation_waiting_audio_telephone_allow_doctor_file_note" time="162.049" classname="Scenario_Component.Scenario_BookConsultation_Functionality"/>
</testsuite> <!-- DocOnline Web Automation  Test Suit -->
